[1.001s] Invoking command in '/home/daniel/Projects/graffiti-drone/pid_controller': PYTHONPATH=/home/daniel/Projects/graffiti-drone/build/pid_controller/prefix_override:/usr/lib/python3/dist-packages/colcon_core/task/python/colcon_distutils_commands:/home/daniel/Projects/graffiti-drone/install/pid_controller/lib/python3.10/site-packages:${PYTHONPATH} /usr/bin/python3 -W ignore:setup.py install is deprecated setup.py egg_info --egg-base ../build/pid_controller build --build-base /home/daniel/Projects/graffiti-drone/build/pid_controller/build install --record /home/daniel/Projects/graffiti-drone/build/pid_controller/install.log --single-version-externally-managed install_data
[1.197s] running egg_info
[1.197s] creating ../build/pid_controller/pid_controller.egg-info
[1.197s] writing ../build/pid_controller/pid_controller.egg-info/PKG-INFO
[1.197s] writing dependency_links to ../build/pid_controller/pid_controller.egg-info/dependency_links.txt
[1.198s] writing entry points to ../build/pid_controller/pid_controller.egg-info/entry_points.txt
[1.198s] writing requirements to ../build/pid_controller/pid_controller.egg-info/requires.txt
[1.198s] writing top-level names to ../build/pid_controller/pid_controller.egg-info/top_level.txt
[1.198s] writing manifest file '../build/pid_controller/pid_controller.egg-info/SOURCES.txt'
[1.199s] reading manifest file '../build/pid_controller/pid_controller.egg-info/SOURCES.txt'
[1.199s] writing manifest file '../build/pid_controller/pid_controller.egg-info/SOURCES.txt'
[1.199s] running build
[1.200s] running build_py
[1.200s] creating /home/daniel/Projects/graffiti-drone/build/pid_controller/build
[1.200s] creating /home/daniel/Projects/graffiti-drone/build/pid_controller/build/lib
[1.200s] creating /home/daniel/Projects/graffiti-drone/build/pid_controller/build/lib/pid_controller
[1.200s] copying pid_controller/__init__.py -> /home/daniel/Projects/graffiti-drone/build/pid_controller/build/lib/pid_controller
[1.200s] copying pid_controller/main.py -> /home/daniel/Projects/graffiti-drone/build/pid_controller/build/lib/pid_controller
[1.200s] running install
[1.200s] running install_lib
[1.201s] creating /home/daniel/Projects/graffiti-drone/install/pid_controller/lib/python3.10/site-packages/pid_controller
[1.201s] copying /home/daniel/Projects/graffiti-drone/build/pid_controller/build/lib/pid_controller/__init__.py -> /home/daniel/Projects/graffiti-drone/install/pid_controller/lib/python3.10/site-packages/pid_controller
[1.201s] copying /home/daniel/Projects/graffiti-drone/build/pid_controller/build/lib/pid_controller/main.py -> /home/daniel/Projects/graffiti-drone/install/pid_controller/lib/python3.10/site-packages/pid_controller
[1.201s] byte-compiling /home/daniel/Projects/graffiti-drone/install/pid_controller/lib/python3.10/site-packages/pid_controller/__init__.py to __init__.cpython-310.pyc
[1.202s] byte-compiling /home/daniel/Projects/graffiti-drone/install/pid_controller/lib/python3.10/site-packages/pid_controller/main.py to main.cpython-310.pyc
[1.202s] running install_data
[1.202s] creating /home/daniel/Projects/graffiti-drone/install/pid_controller/share/ament_index
[1.202s] creating /home/daniel/Projects/graffiti-drone/install/pid_controller/share/ament_index/resource_index
[1.202s] creating /home/daniel/Projects/graffiti-drone/install/pid_controller/share/ament_index/resource_index/packages
[1.202s] copying resource/pid_controller -> /home/daniel/Projects/graffiti-drone/install/pid_controller/share/ament_index/resource_index/packages
[1.202s] copying package.xml -> /home/daniel/Projects/graffiti-drone/install/pid_controller/share/pid_controller
[1.202s] running install_egg_info
[1.203s] Copying ../build/pid_controller/pid_controller.egg-info to /home/daniel/Projects/graffiti-drone/install/pid_controller/lib/python3.10/site-packages/pid_controller-0.0.0-py3.10.egg-info
[1.204s] running install_scripts
[1.224s] writing list of installed files to '/home/daniel/Projects/graffiti-drone/build/pid_controller/install.log'
[1.294s] Invoked command in '/home/daniel/Projects/graffiti-drone/pid_controller' returned '0': PYTHONPATH=/home/daniel/Projects/graffiti-drone/build/pid_controller/prefix_override:/usr/lib/python3/dist-packages/colcon_core/task/python/colcon_distutils_commands:/home/daniel/Projects/graffiti-drone/install/pid_controller/lib/python3.10/site-packages:${PYTHONPATH} /usr/bin/python3 -W ignore:setup.py install is deprecated setup.py egg_info --egg-base ../build/pid_controller build --build-base /home/daniel/Projects/graffiti-drone/build/pid_controller/build install --record /home/daniel/Projects/graffiti-drone/build/pid_controller/install.log --single-version-externally-managed install_data
