[0.070s] DEBUG:colcon:Command line arguments: ['/usr/bin/colcon', 'build']
[0.070s] DEBUG:colcon:Parsed command line arguments: Namespace(log_base=None, log_level=None, verb_name='build', build_base='build', install_base='install', merge_install=False, symlink_install=False, test_result_base=None, continue_on_error=False, executor='parallel', parallel_workers=16, event_handlers=None, ignore_user_meta=False, metas=['./colcon.meta'], base_paths=['.'], packages_ignore=None, packages_ignore_regex=None, paths=None, packages_up_to=None, packages_up_to_regex=None, packages_above=None, packages_above_and_dependencies=None, packages_above_depth=None, packages_select_by_dep=None, packages_skip_by_dep=None, packages_skip_up_to=None, packages_select_build_failed=False, packages_skip_build_finished=False, packages_select_test_failures=False, packages_skip_test_passed=False, packages_select=None, packages_skip=None, packages_select_regex=None, packages_skip_regex=None, packages_start=None, packages_end=None, allow_overriding=[], cmake_args=None, cmake_target=None, cmake_target_skip_unavailable=False, cmake_clean_cache=False, cmake_clean_first=False, cmake_force_configure=False, ament_cmake_args=None, catkin_cmake_args=None, catkin_skip_building_tests=False, verb_parser=<colcon_defaults.argument_parser.defaults.DefaultArgumentsDecorator object at 0x7905a9660a30>, verb_extension=<colcon_core.verb.build.BuildVerb object at 0x7905a9785cf0>, main=<bound method BuildVerb.main of <colcon_core.verb.build.BuildVerb object at 0x7905a9785cf0>>)
[0.195s] Level 1:colcon.colcon_core.package_discovery:discover_packages(colcon_meta) check parameters
[0.196s] Level 1:colcon.colcon_core.package_discovery:discover_packages(recursive) check parameters
[0.196s] Level 1:colcon.colcon_core.package_discovery:discover_packages(ignore) check parameters
[0.196s] Level 1:colcon.colcon_core.package_discovery:discover_packages(path) check parameters
[0.196s] Level 1:colcon.colcon_core.package_discovery:discover_packages(colcon_meta) discover
[0.196s] Level 1:colcon.colcon_core.package_discovery:discover_packages(recursive) discover
[0.196s] INFO:colcon.colcon_core.package_discovery:Crawling recursively for packages in '/home/daniel/Projects/graffiti-drone'
[0.196s] Level 1:colcon.colcon_core.package_identification:_identify(.) by extensions ['ignore', 'ignore_ament_install']
[0.196s] Level 1:colcon.colcon_core.package_identification:_identify(.) by extension 'ignore'
[0.196s] Level 1:colcon.colcon_core.package_identification:_identify(.) by extension 'ignore_ament_install'
[0.196s] Level 1:colcon.colcon_core.package_identification:_identify(.) by extensions ['colcon_pkg']
[0.196s] Level 1:colcon.colcon_core.package_identification:_identify(.) by extension 'colcon_pkg'
[0.196s] Level 1:colcon.colcon_core.package_identification:_identify(.) by extensions ['colcon_meta']
[0.196s] Level 1:colcon.colcon_core.package_identification:_identify(.) by extension 'colcon_meta'
[0.196s] Level 1:colcon.colcon_core.package_identification:_identify(.) by extensions ['ros']
[0.196s] Level 1:colcon.colcon_core.package_identification:_identify(.) by extension 'ros'
[0.216s] Level 1:colcon.colcon_core.package_identification:_identify(.) by extensions ['cmake', 'python']
[0.216s] Level 1:colcon.colcon_core.package_identification:_identify(.) by extension 'cmake'
[0.216s] Level 1:colcon.colcon_core.package_identification:_identify(.) by extension 'python'
[0.216s] Level 1:colcon.colcon_core.package_identification:_identify(.) by extensions ['python_setup_py']
[0.216s] Level 1:colcon.colcon_core.package_identification:_identify(.) by extension 'python_setup_py'
[0.216s] Level 1:colcon.colcon_core.package_identification:_identify(build) by extensions ['ignore', 'ignore_ament_install']
[0.216s] Level 1:colcon.colcon_core.package_identification:_identify(build) by extension 'ignore'
[0.216s] Level 1:colcon.colcon_core.package_identification:_identify(build) ignored
[0.216s] Level 1:colcon.colcon_core.package_identification:_identify(drone_msgs) by extensions ['ignore', 'ignore_ament_install']
[0.216s] Level 1:colcon.colcon_core.package_identification:_identify(drone_msgs) by extension 'ignore'
[0.216s] Level 1:colcon.colcon_core.package_identification:_identify(drone_msgs) by extension 'ignore_ament_install'
[0.216s] Level 1:colcon.colcon_core.package_identification:_identify(drone_msgs) by extensions ['colcon_pkg']
[0.216s] Level 1:colcon.colcon_core.package_identification:_identify(drone_msgs) by extension 'colcon_pkg'
[0.216s] Level 1:colcon.colcon_core.package_identification:_identify(drone_msgs) by extensions ['colcon_meta']
[0.216s] Level 1:colcon.colcon_core.package_identification:_identify(drone_msgs) by extension 'colcon_meta'
[0.216s] Level 1:colcon.colcon_core.package_identification:_identify(drone_msgs) by extensions ['ros']
[0.216s] Level 1:colcon.colcon_core.package_identification:_identify(drone_msgs) by extension 'ros'
[0.218s] DEBUG:colcon.colcon_core.package_identification:Package 'drone_msgs' with type 'ros.ament_cmake' and name 'drone_msgs'
[0.218s] Level 1:colcon.colcon_core.package_identification:_identify(install) by extensions ['ignore', 'ignore_ament_install']
[0.218s] Level 1:colcon.colcon_core.package_identification:_identify(install) by extension 'ignore'
[0.218s] Level 1:colcon.colcon_core.package_identification:_identify(install) ignored
[0.218s] Level 1:colcon.colcon_core.package_identification:_identify(localization) by extensions ['ignore', 'ignore_ament_install']
[0.218s] Level 1:colcon.colcon_core.package_identification:_identify(localization) by extension 'ignore'
[0.218s] Level 1:colcon.colcon_core.package_identification:_identify(localization) by extension 'ignore_ament_install'
[0.218s] Level 1:colcon.colcon_core.package_identification:_identify(localization) by extensions ['colcon_pkg']
[0.218s] Level 1:colcon.colcon_core.package_identification:_identify(localization) by extension 'colcon_pkg'
[0.218s] Level 1:colcon.colcon_core.package_identification:_identify(localization) by extensions ['colcon_meta']
[0.218s] Level 1:colcon.colcon_core.package_identification:_identify(localization) by extension 'colcon_meta'
[0.218s] Level 1:colcon.colcon_core.package_identification:_identify(localization) by extensions ['ros']
[0.218s] Level 1:colcon.colcon_core.package_identification:_identify(localization) by extension 'ros'
[0.218s] DEBUG:colcon.colcon_core.package_identification:Package 'localization' with type 'ros.ament_python' and name 'localization'
[0.218s] Level 1:colcon.colcon_core.package_identification:_identify(log) by extensions ['ignore', 'ignore_ament_install']
[0.218s] Level 1:colcon.colcon_core.package_identification:_identify(log) by extension 'ignore'
[0.218s] Level 1:colcon.colcon_core.package_identification:_identify(log) ignored
[0.218s] Level 1:colcon.colcon_core.package_identification:_identify(microcontroller) by extensions ['ignore', 'ignore_ament_install']
[0.218s] Level 1:colcon.colcon_core.package_identification:_identify(microcontroller) by extension 'ignore'
[0.219s] Level 1:colcon.colcon_core.package_identification:_identify(microcontroller) by extension 'ignore_ament_install'
[0.219s] Level 1:colcon.colcon_core.package_identification:_identify(microcontroller) by extensions ['colcon_pkg']
[0.219s] Level 1:colcon.colcon_core.package_identification:_identify(microcontroller) by extension 'colcon_pkg'
[0.219s] Level 1:colcon.colcon_core.package_identification:_identify(microcontroller) by extensions ['colcon_meta']
[0.219s] Level 1:colcon.colcon_core.package_identification:_identify(microcontroller) by extension 'colcon_meta'
[0.219s] Level 1:colcon.colcon_core.package_identification:_identify(microcontroller) by extensions ['ros']
[0.219s] Level 1:colcon.colcon_core.package_identification:_identify(microcontroller) by extension 'ros'
[0.219s] DEBUG:colcon.colcon_core.package_identification:Package 'microcontroller' with type 'ros.ament_python' and name 'microcontroller'
[0.219s] Level 1:colcon.colcon_core.package_identification:_identify(pid_controller) by extensions ['ignore', 'ignore_ament_install']
[0.219s] Level 1:colcon.colcon_core.package_identification:_identify(pid_controller) by extension 'ignore'
[0.219s] Level 1:colcon.colcon_core.package_identification:_identify(pid_controller) by extension 'ignore_ament_install'
[0.219s] Level 1:colcon.colcon_core.package_identification:_identify(pid_controller) by extensions ['colcon_pkg']
[0.219s] Level 1:colcon.colcon_core.package_identification:_identify(pid_controller) by extension 'colcon_pkg'
[0.219s] Level 1:colcon.colcon_core.package_identification:_identify(pid_controller) by extensions ['colcon_meta']
[0.219s] Level 1:colcon.colcon_core.package_identification:_identify(pid_controller) by extension 'colcon_meta'
[0.219s] Level 1:colcon.colcon_core.package_identification:_identify(pid_controller) by extensions ['ros']
[0.219s] Level 1:colcon.colcon_core.package_identification:_identify(pid_controller) by extension 'ros'
[0.219s] DEBUG:colcon.colcon_core.package_identification:Package 'pid_controller' with type 'ros.ament_python' and name 'pid_controller'
[0.219s] Level 1:colcon.colcon_core.package_discovery:discover_packages(recursive) using defaults
[0.219s] Level 1:colcon.colcon_core.package_discovery:discover_packages(ignore) discover
[0.219s] Level 1:colcon.colcon_core.package_discovery:discover_packages(ignore) using defaults
[0.219s] Level 1:colcon.colcon_core.package_discovery:discover_packages(path) discover
[0.219s] Level 1:colcon.colcon_core.package_discovery:discover_packages(path) using defaults
[0.232s] Level 1:colcon.colcon_core.package_discovery:discover_packages(prefix_path) check parameters
[0.232s] Level 1:colcon.colcon_core.package_discovery:discover_packages(prefix_path) discover
[0.233s] DEBUG:colcon.colcon_installed_package_information.package_discovery:Found 4 installed packages in /home/daniel/Projects/graffiti-drone/install
[0.234s] DEBUG:colcon.colcon_installed_package_information.package_discovery:Found 18 installed packages in /home/daniel/feb-system-integration/install
[0.235s] DEBUG:colcon.colcon_installed_package_information.package_discovery:Found 283 installed packages in /opt/ros/humble
[0.235s] Level 1:colcon.colcon_core.package_discovery:discover_packages(prefix_path) using defaults
[0.255s] Level 5:colcon.colcon_core.verb:set package 'drone_msgs' build argument 'cmake_args' from command line to 'None'
[0.255s] Level 5:colcon.colcon_core.verb:set package 'drone_msgs' build argument 'cmake_target' from command line to 'None'
[0.255s] Level 5:colcon.colcon_core.verb:set package 'drone_msgs' build argument 'cmake_target_skip_unavailable' from command line to 'False'
[0.255s] Level 5:colcon.colcon_core.verb:set package 'drone_msgs' build argument 'cmake_clean_cache' from command line to 'False'
[0.255s] Level 5:colcon.colcon_core.verb:set package 'drone_msgs' build argument 'cmake_clean_first' from command line to 'False'
[0.255s] Level 5:colcon.colcon_core.verb:set package 'drone_msgs' build argument 'cmake_force_configure' from command line to 'False'
[0.255s] Level 5:colcon.colcon_core.verb:set package 'drone_msgs' build argument 'ament_cmake_args' from command line to 'None'
[0.255s] Level 5:colcon.colcon_core.verb:set package 'drone_msgs' build argument 'catkin_cmake_args' from command line to 'None'
[0.255s] Level 5:colcon.colcon_core.verb:set package 'drone_msgs' build argument 'catkin_skip_building_tests' from command line to 'False'
[0.255s] DEBUG:colcon.colcon_core.verb:Building package 'drone_msgs' with the following arguments: {'ament_cmake_args': None, 'build_base': '/home/daniel/Projects/graffiti-drone/build/drone_msgs', 'catkin_cmake_args': None, 'catkin_skip_building_tests': False, 'cmake_args': None, 'cmake_clean_cache': False, 'cmake_clean_first': False, 'cmake_force_configure': False, 'cmake_target': None, 'cmake_target_skip_unavailable': False, 'install_base': '/home/daniel/Projects/graffiti-drone/install/drone_msgs', 'merge_install': False, 'path': '/home/daniel/Projects/graffiti-drone/drone_msgs', 'symlink_install': False, 'test_result_base': None}
[0.255s] Level 5:colcon.colcon_core.verb:set package 'localization' build argument 'cmake_args' from command line to 'None'
[0.255s] Level 5:colcon.colcon_core.verb:set package 'localization' build argument 'cmake_target' from command line to 'None'
[0.255s] Level 5:colcon.colcon_core.verb:set package 'localization' build argument 'cmake_target_skip_unavailable' from command line to 'False'
[0.255s] Level 5:colcon.colcon_core.verb:set package 'localization' build argument 'cmake_clean_cache' from command line to 'False'
[0.255s] Level 5:colcon.colcon_core.verb:set package 'localization' build argument 'cmake_clean_first' from command line to 'False'
[0.255s] Level 5:colcon.colcon_core.verb:set package 'localization' build argument 'cmake_force_configure' from command line to 'False'
[0.255s] Level 5:colcon.colcon_core.verb:set package 'localization' build argument 'ament_cmake_args' from command line to 'None'
[0.255s] Level 5:colcon.colcon_core.verb:set package 'localization' build argument 'catkin_cmake_args' from command line to 'None'
[0.255s] Level 5:colcon.colcon_core.verb:set package 'localization' build argument 'catkin_skip_building_tests' from command line to 'False'
[0.255s] DEBUG:colcon.colcon_core.verb:Building package 'localization' with the following arguments: {'ament_cmake_args': None, 'build_base': '/home/daniel/Projects/graffiti-drone/build/localization', 'catkin_cmake_args': None, 'catkin_skip_building_tests': False, 'cmake_args': None, 'cmake_clean_cache': False, 'cmake_clean_first': False, 'cmake_force_configure': False, 'cmake_target': None, 'cmake_target_skip_unavailable': False, 'install_base': '/home/daniel/Projects/graffiti-drone/install/localization', 'merge_install': False, 'path': '/home/daniel/Projects/graffiti-drone/localization', 'symlink_install': False, 'test_result_base': None}
[0.255s] Level 5:colcon.colcon_core.verb:set package 'microcontroller' build argument 'cmake_args' from command line to 'None'
[0.255s] Level 5:colcon.colcon_core.verb:set package 'microcontroller' build argument 'cmake_target' from command line to 'None'
[0.255s] Level 5:colcon.colcon_core.verb:set package 'microcontroller' build argument 'cmake_target_skip_unavailable' from command line to 'False'
[0.255s] Level 5:colcon.colcon_core.verb:set package 'microcontroller' build argument 'cmake_clean_cache' from command line to 'False'
[0.255s] Level 5:colcon.colcon_core.verb:set package 'microcontroller' build argument 'cmake_clean_first' from command line to 'False'
[0.255s] Level 5:colcon.colcon_core.verb:set package 'microcontroller' build argument 'cmake_force_configure' from command line to 'False'
[0.255s] Level 5:colcon.colcon_core.verb:set package 'microcontroller' build argument 'ament_cmake_args' from command line to 'None'
[0.255s] Level 5:colcon.colcon_core.verb:set package 'microcontroller' build argument 'catkin_cmake_args' from command line to 'None'
[0.255s] Level 5:colcon.colcon_core.verb:set package 'microcontroller' build argument 'catkin_skip_building_tests' from command line to 'False'
[0.255s] DEBUG:colcon.colcon_core.verb:Building package 'microcontroller' with the following arguments: {'ament_cmake_args': None, 'build_base': '/home/daniel/Projects/graffiti-drone/build/microcontroller', 'catkin_cmake_args': None, 'catkin_skip_building_tests': False, 'cmake_args': None, 'cmake_clean_cache': False, 'cmake_clean_first': False, 'cmake_force_configure': False, 'cmake_target': None, 'cmake_target_skip_unavailable': False, 'install_base': '/home/daniel/Projects/graffiti-drone/install/microcontroller', 'merge_install': False, 'path': '/home/daniel/Projects/graffiti-drone/microcontroller', 'symlink_install': False, 'test_result_base': None}
[0.255s] Level 5:colcon.colcon_core.verb:set package 'pid_controller' build argument 'cmake_args' from command line to 'None'
[0.256s] Level 5:colcon.colcon_core.verb:set package 'pid_controller' build argument 'cmake_target' from command line to 'None'
[0.256s] Level 5:colcon.colcon_core.verb:set package 'pid_controller' build argument 'cmake_target_skip_unavailable' from command line to 'False'
[0.256s] Level 5:colcon.colcon_core.verb:set package 'pid_controller' build argument 'cmake_clean_cache' from command line to 'False'
[0.256s] Level 5:colcon.colcon_core.verb:set package 'pid_controller' build argument 'cmake_clean_first' from command line to 'False'
[0.256s] Level 5:colcon.colcon_core.verb:set package 'pid_controller' build argument 'cmake_force_configure' from command line to 'False'
[0.256s] Level 5:colcon.colcon_core.verb:set package 'pid_controller' build argument 'ament_cmake_args' from command line to 'None'
[0.256s] Level 5:colcon.colcon_core.verb:set package 'pid_controller' build argument 'catkin_cmake_args' from command line to 'None'
[0.256s] Level 5:colcon.colcon_core.verb:set package 'pid_controller' build argument 'catkin_skip_building_tests' from command line to 'False'
[0.256s] DEBUG:colcon.colcon_core.verb:Building package 'pid_controller' with the following arguments: {'ament_cmake_args': None, 'build_base': '/home/daniel/Projects/graffiti-drone/build/pid_controller', 'catkin_cmake_args': None, 'catkin_skip_building_tests': False, 'cmake_args': None, 'cmake_clean_cache': False, 'cmake_clean_first': False, 'cmake_force_configure': False, 'cmake_target': None, 'cmake_target_skip_unavailable': False, 'install_base': '/home/daniel/Projects/graffiti-drone/install/pid_controller', 'merge_install': False, 'path': '/home/daniel/Projects/graffiti-drone/pid_controller', 'symlink_install': False, 'test_result_base': None}
[0.256s] INFO:colcon.colcon_core.executor:Executing jobs using 'parallel' executor
[0.257s] DEBUG:colcon.colcon_parallel_executor.executor.parallel:run_until_complete
[0.257s] INFO:colcon.colcon_ros.task.ament_cmake.build:Building ROS package in '/home/daniel/Projects/graffiti-drone/drone_msgs' with build type 'ament_cmake'
[0.257s] INFO:colcon.colcon_cmake.task.cmake.build:Building CMake package in '/home/daniel/Projects/graffiti-drone/drone_msgs'
[0.258s] INFO:colcon.colcon_core.plugin_system:Skipping extension 'colcon_core.shell.bat': Not used on non-Windows systems
[0.258s] INFO:colcon.colcon_core.shell:Skip shell extension 'powershell' for command environment: Not usable outside of PowerShell
[0.258s] DEBUG:colcon.colcon_core.shell:Skip shell extension 'dsv' for command environment
[0.261s] INFO:colcon.colcon_ros.task.ament_python.build:Building ROS package in '/home/daniel/Projects/graffiti-drone/localization' with build type 'ament_python'
[0.261s] Level 1:colcon.colcon_core.shell:create_environment_hook('localization', 'ament_prefix_path')
[0.262s] INFO:colcon.colcon_core.shell:Creating environment hook '/home/daniel/Projects/graffiti-drone/install/localization/share/localization/hook/ament_prefix_path.ps1'
[0.262s] INFO:colcon.colcon_core.shell:Creating environment descriptor '/home/daniel/Projects/graffiti-drone/install/localization/share/localization/hook/ament_prefix_path.dsv'
[0.262s] INFO:colcon.colcon_core.shell:Creating environment hook '/home/daniel/Projects/graffiti-drone/install/localization/share/localization/hook/ament_prefix_path.sh'
[0.263s] INFO:colcon.colcon_core.shell:Skip shell extension 'powershell' for command environment: Not usable outside of PowerShell
[0.263s] DEBUG:colcon.colcon_core.shell:Skip shell extension 'dsv' for command environment
[0.265s] INFO:colcon.colcon_ros.task.ament_python.build:Building ROS package in '/home/daniel/Projects/graffiti-drone/microcontroller' with build type 'ament_python'
[0.266s] Level 1:colcon.colcon_core.shell:create_environment_hook('microcontroller', 'ament_prefix_path')
[0.266s] INFO:colcon.colcon_core.shell:Creating environment hook '/home/daniel/Projects/graffiti-drone/install/microcontroller/share/microcontroller/hook/ament_prefix_path.ps1'
[0.266s] INFO:colcon.colcon_core.shell:Creating environment descriptor '/home/daniel/Projects/graffiti-drone/install/microcontroller/share/microcontroller/hook/ament_prefix_path.dsv'
[0.266s] INFO:colcon.colcon_core.shell:Creating environment hook '/home/daniel/Projects/graffiti-drone/install/microcontroller/share/microcontroller/hook/ament_prefix_path.sh'
[0.267s] INFO:colcon.colcon_core.shell:Skip shell extension 'powershell' for command environment: Not usable outside of PowerShell
[0.267s] DEBUG:colcon.colcon_core.shell:Skip shell extension 'dsv' for command environment
[0.270s] INFO:colcon.colcon_ros.task.ament_python.build:Building ROS package in '/home/daniel/Projects/graffiti-drone/pid_controller' with build type 'ament_python'
[0.270s] Level 1:colcon.colcon_core.shell:create_environment_hook('pid_controller', 'ament_prefix_path')
[0.270s] INFO:colcon.colcon_core.shell:Creating environment hook '/home/daniel/Projects/graffiti-drone/install/pid_controller/share/pid_controller/hook/ament_prefix_path.ps1'
[0.271s] INFO:colcon.colcon_core.shell:Creating environment descriptor '/home/daniel/Projects/graffiti-drone/install/pid_controller/share/pid_controller/hook/ament_prefix_path.dsv'
[0.271s] INFO:colcon.colcon_core.shell:Creating environment hook '/home/daniel/Projects/graffiti-drone/install/pid_controller/share/pid_controller/hook/ament_prefix_path.sh'
[0.271s] INFO:colcon.colcon_core.shell:Skip shell extension 'powershell' for command environment: Not usable outside of PowerShell
[0.271s] DEBUG:colcon.colcon_core.shell:Skip shell extension 'dsv' for command environment
[0.280s] DEBUG:colcon.colcon_core.event_handler.log_command:Invoking command in '/home/daniel/Projects/graffiti-drone/build/drone_msgs': CMAKE_PREFIX_PATH=${CMAKE_PREFIX_PATH}:/home/daniel/Projects/graffiti-drone/install/pid_controller:/home/daniel/Projects/graffiti-drone/install/microcontroller:/home/daniel/Projects/graffiti-drone/install/localization:/home/daniel/feb-system-integration/install/mpc:/home/daniel/feb-system-integration/install/microcontroller:/home/daniel/feb-system-integration/install/local_path:/home/daniel/feb-system-integration/install/graphslam_global:/home/daniel/feb-system-integration/install/global_path:/home/daniel/feb-system-integration/install/eufs_launcher:/home/daniel/feb-system-integration/install/eufs_tracks:/home/daniel/feb-system-integration/install/eufs_rqt:/home/daniel/feb-system-integration/install/eufs_racecar:/home/daniel/feb-system-integration/install/all_settings:/opt/ros/humble /usr/bin/cmake --build /home/daniel/Projects/graffiti-drone/build/drone_msgs -- -j16 -l16
[0.513s] INFO:colcon.colcon_core.task.python.build:Building Python package in '/home/daniel/Projects/graffiti-drone/localization'
[0.514s] INFO:colcon.colcon_core.shell:Skip shell extension 'powershell' for command environment: Not usable outside of PowerShell
[0.514s] DEBUG:colcon.colcon_core.shell:Skip shell extension 'dsv' for command environment
[0.740s] INFO:colcon.colcon_core.task.python.build:Building Python package in '/home/daniel/Projects/graffiti-drone/microcontroller'
[0.740s] INFO:colcon.colcon_core.shell:Skip shell extension 'powershell' for command environment: Not usable outside of PowerShell
[0.740s] DEBUG:colcon.colcon_core.shell:Skip shell extension 'dsv' for command environment
[1.010s] INFO:colcon.colcon_core.task.python.build:Building Python package in '/home/daniel/Projects/graffiti-drone/pid_controller'
[1.010s] INFO:colcon.colcon_core.shell:Skip shell extension 'powershell' for command environment: Not usable outside of PowerShell
[1.010s] DEBUG:colcon.colcon_core.shell:Skip shell extension 'dsv' for command environment
[1.014s] DEBUG:colcon.colcon_core.event_handler.log_command:Invoked command in '/home/daniel/Projects/graffiti-drone/build/drone_msgs' returned '0': CMAKE_PREFIX_PATH=${CMAKE_PREFIX_PATH}:/home/daniel/Projects/graffiti-drone/install/pid_controller:/home/daniel/Projects/graffiti-drone/install/microcontroller:/home/daniel/Projects/graffiti-drone/install/localization:/home/daniel/feb-system-integration/install/mpc:/home/daniel/feb-system-integration/install/microcontroller:/home/daniel/feb-system-integration/install/local_path:/home/daniel/feb-system-integration/install/graphslam_global:/home/daniel/feb-system-integration/install/global_path:/home/daniel/feb-system-integration/install/eufs_launcher:/home/daniel/feb-system-integration/install/eufs_tracks:/home/daniel/feb-system-integration/install/eufs_rqt:/home/daniel/feb-system-integration/install/eufs_racecar:/home/daniel/feb-system-integration/install/all_settings:/opt/ros/humble /usr/bin/cmake --build /home/daniel/Projects/graffiti-drone/build/drone_msgs -- -j16 -l16
[1.095s] DEBUG:colcon.colcon_core.event_handler.log_command:Invoking command in '/home/daniel/Projects/graffiti-drone/build/drone_msgs': CMAKE_PREFIX_PATH=${CMAKE_PREFIX_PATH}:/home/daniel/Projects/graffiti-drone/install/pid_controller:/home/daniel/Projects/graffiti-drone/install/microcontroller:/home/daniel/Projects/graffiti-drone/install/localization:/home/daniel/feb-system-integration/install/mpc:/home/daniel/feb-system-integration/install/microcontroller:/home/daniel/feb-system-integration/install/local_path:/home/daniel/feb-system-integration/install/graphslam_global:/home/daniel/feb-system-integration/install/global_path:/home/daniel/feb-system-integration/install/eufs_launcher:/home/daniel/feb-system-integration/install/eufs_tracks:/home/daniel/feb-system-integration/install/eufs_rqt:/home/daniel/feb-system-integration/install/eufs_racecar:/home/daniel/feb-system-integration/install/all_settings:/opt/ros/humble /usr/bin/cmake --install /home/daniel/Projects/graffiti-drone/build/drone_msgs
[1.156s] Level 1:colcon.colcon_core.environment:create_environment_scripts_only(drone_msgs)
[1.156s] DEBUG:colcon.colcon_core.event_handler.log_command:Invoked command in '/home/daniel/Projects/graffiti-drone/build/drone_msgs' returned '0': CMAKE_PREFIX_PATH=${CMAKE_PREFIX_PATH}:/home/daniel/Projects/graffiti-drone/install/pid_controller:/home/daniel/Projects/graffiti-drone/install/microcontroller:/home/daniel/Projects/graffiti-drone/install/localization:/home/daniel/feb-system-integration/install/mpc:/home/daniel/feb-system-integration/install/microcontroller:/home/daniel/feb-system-integration/install/local_path:/home/daniel/feb-system-integration/install/graphslam_global:/home/daniel/feb-system-integration/install/global_path:/home/daniel/feb-system-integration/install/eufs_launcher:/home/daniel/feb-system-integration/install/eufs_tracks:/home/daniel/feb-system-integration/install/eufs_rqt:/home/daniel/feb-system-integration/install/eufs_racecar:/home/daniel/feb-system-integration/install/all_settings:/opt/ros/humble /usr/bin/cmake --install /home/daniel/Projects/graffiti-drone/build/drone_msgs
[1.160s] Level 1:colcon.colcon_core.environment:checking '/home/daniel/Projects/graffiti-drone/install/drone_msgs' for CMake module files
[1.160s] Level 1:colcon.colcon_core.environment:checking '/home/daniel/Projects/graffiti-drone/install/drone_msgs' for CMake config files
[1.160s] Level 1:colcon.colcon_core.shell:create_environment_hook('drone_msgs', 'cmake_prefix_path')
[1.161s] INFO:colcon.colcon_core.shell:Creating environment hook '/home/daniel/Projects/graffiti-drone/install/drone_msgs/share/drone_msgs/hook/cmake_prefix_path.ps1'
[1.162s] INFO:colcon.colcon_core.shell:Creating environment descriptor '/home/daniel/Projects/graffiti-drone/install/drone_msgs/share/drone_msgs/hook/cmake_prefix_path.dsv'
[1.162s] INFO:colcon.colcon_core.shell:Creating environment hook '/home/daniel/Projects/graffiti-drone/install/drone_msgs/share/drone_msgs/hook/cmake_prefix_path.sh'
[1.162s] Level 1:colcon.colcon_core.environment:checking '/home/daniel/Projects/graffiti-drone/install/drone_msgs/lib'
[1.163s] Level 1:colcon.colcon_core.shell:create_environment_hook('drone_msgs', 'ld_library_path_lib')
[1.163s] INFO:colcon.colcon_core.shell:Creating environment hook '/home/daniel/Projects/graffiti-drone/install/drone_msgs/share/drone_msgs/hook/ld_library_path_lib.ps1'
[1.163s] INFO:colcon.colcon_core.shell:Creating environment descriptor '/home/daniel/Projects/graffiti-drone/install/drone_msgs/share/drone_msgs/hook/ld_library_path_lib.dsv'
[1.163s] INFO:colcon.colcon_core.shell:Creating environment hook '/home/daniel/Projects/graffiti-drone/install/drone_msgs/share/drone_msgs/hook/ld_library_path_lib.sh'
[1.164s] Level 1:colcon.colcon_core.environment:checking '/home/daniel/Projects/graffiti-drone/install/drone_msgs/bin'
[1.164s] Level 1:colcon.colcon_core.environment:checking '/home/daniel/Projects/graffiti-drone/install/drone_msgs/lib/pkgconfig/drone_msgs.pc'
[1.164s] Level 1:colcon.colcon_core.environment:checking '/home/daniel/Projects/graffiti-drone/install/drone_msgs/lib/python3.10/site-packages'
[1.164s] Level 1:colcon.colcon_core.environment:checking '/home/daniel/Projects/graffiti-drone/install/drone_msgs/bin'
[1.164s] INFO:colcon.colcon_core.shell:Creating package script '/home/daniel/Projects/graffiti-drone/install/drone_msgs/share/drone_msgs/package.ps1'
[1.165s] INFO:colcon.colcon_core.shell:Creating package descriptor '/home/daniel/Projects/graffiti-drone/install/drone_msgs/share/drone_msgs/package.dsv'
[1.165s] INFO:colcon.colcon_core.shell:Creating package script '/home/daniel/Projects/graffiti-drone/install/drone_msgs/share/drone_msgs/package.sh'
[1.167s] INFO:colcon.colcon_core.shell:Creating package script '/home/daniel/Projects/graffiti-drone/install/drone_msgs/share/drone_msgs/package.bash'
[1.168s] INFO:colcon.colcon_core.shell:Creating package script '/home/daniel/Projects/graffiti-drone/install/drone_msgs/share/drone_msgs/package.zsh'
[1.169s] Level 1:colcon.colcon_core.environment:create_file_with_runtime_dependencies(/home/daniel/Projects/graffiti-drone/install/drone_msgs/share/colcon-core/packages/drone_msgs)
[1.242s] Level 1:colcon.colcon_core.environment:create_environment_scripts_only(drone_msgs)
[1.243s] Level 1:colcon.colcon_core.environment:checking '/home/daniel/Projects/graffiti-drone/install/drone_msgs' for CMake module files
[1.243s] Level 1:colcon.colcon_core.environment:checking '/home/daniel/Projects/graffiti-drone/install/drone_msgs' for CMake config files
[1.243s] Level 1:colcon.colcon_core.shell:create_environment_hook('drone_msgs', 'cmake_prefix_path')
[1.243s] INFO:colcon.colcon_core.shell:Creating environment hook '/home/daniel/Projects/graffiti-drone/install/drone_msgs/share/drone_msgs/hook/cmake_prefix_path.ps1'
[1.244s] INFO:colcon.colcon_core.shell:Creating environment descriptor '/home/daniel/Projects/graffiti-drone/install/drone_msgs/share/drone_msgs/hook/cmake_prefix_path.dsv'
[1.245s] INFO:colcon.colcon_core.shell:Creating environment hook '/home/daniel/Projects/graffiti-drone/install/drone_msgs/share/drone_msgs/hook/cmake_prefix_path.sh'
[1.245s] Level 1:colcon.colcon_core.environment:checking '/home/daniel/Projects/graffiti-drone/install/drone_msgs/lib'
[1.245s] Level 1:colcon.colcon_core.shell:create_environment_hook('drone_msgs', 'ld_library_path_lib')
[1.245s] INFO:colcon.colcon_core.shell:Creating environment hook '/home/daniel/Projects/graffiti-drone/install/drone_msgs/share/drone_msgs/hook/ld_library_path_lib.ps1'
[1.245s] INFO:colcon.colcon_core.shell:Creating environment descriptor '/home/daniel/Projects/graffiti-drone/install/drone_msgs/share/drone_msgs/hook/ld_library_path_lib.dsv'
[1.246s] INFO:colcon.colcon_core.shell:Creating environment hook '/home/daniel/Projects/graffiti-drone/install/drone_msgs/share/drone_msgs/hook/ld_library_path_lib.sh'
[1.246s] Level 1:colcon.colcon_core.environment:checking '/home/daniel/Projects/graffiti-drone/install/drone_msgs/bin'
[1.246s] Level 1:colcon.colcon_core.environment:checking '/home/daniel/Projects/graffiti-drone/install/drone_msgs/lib/pkgconfig/drone_msgs.pc'
[1.246s] Level 1:colcon.colcon_core.environment:checking '/home/daniel/Projects/graffiti-drone/install/drone_msgs/lib/python3.10/site-packages'
[1.246s] Level 1:colcon.colcon_core.environment:checking '/home/daniel/Projects/graffiti-drone/install/drone_msgs/bin'
[1.246s] INFO:colcon.colcon_core.shell:Creating package script '/home/daniel/Projects/graffiti-drone/install/drone_msgs/share/drone_msgs/package.ps1'
[1.247s] INFO:colcon.colcon_core.shell:Creating package descriptor '/home/daniel/Projects/graffiti-drone/install/drone_msgs/share/drone_msgs/package.dsv'
[1.247s] INFO:colcon.colcon_core.shell:Creating package script '/home/daniel/Projects/graffiti-drone/install/drone_msgs/share/drone_msgs/package.sh'
[1.247s] INFO:colcon.colcon_core.shell:Creating package script '/home/daniel/Projects/graffiti-drone/install/drone_msgs/share/drone_msgs/package.bash'
[1.248s] INFO:colcon.colcon_core.shell:Creating package script '/home/daniel/Projects/graffiti-drone/install/drone_msgs/share/drone_msgs/package.zsh'
[1.248s] Level 1:colcon.colcon_core.environment:create_file_with_runtime_dependencies(/home/daniel/Projects/graffiti-drone/install/drone_msgs/share/colcon-core/packages/drone_msgs)
[1.571s] DEBUG:colcon.colcon_core.event_handler.log_command:Invoking command in '/home/daniel/Projects/graffiti-drone/microcontroller': PYTHONPATH=/home/daniel/Projects/graffiti-drone/build/microcontroller/prefix_override:/usr/lib/python3/dist-packages/colcon_core/task/python/colcon_distutils_commands:/home/daniel/Projects/graffiti-drone/install/microcontroller/lib/python3.10/site-packages:${PYTHONPATH} /usr/bin/python3 -W ignore:setup.py install is deprecated setup.py egg_info --egg-base ../build/microcontroller build --build-base /home/daniel/Projects/graffiti-drone/build/microcontroller/build install --record /home/daniel/Projects/graffiti-drone/build/microcontroller/install.log --single-version-externally-managed install_data
[1.581s] DEBUG:colcon.colcon_core.event_handler.log_command:Invoking command in '/home/daniel/Projects/graffiti-drone/localization': PYTHONPATH=/home/daniel/Projects/graffiti-drone/build/localization/prefix_override:/usr/lib/python3/dist-packages/colcon_core/task/python/colcon_distutils_commands:/home/daniel/Projects/graffiti-drone/install/localization/lib/python3.10/site-packages:${PYTHONPATH} /usr/bin/python3 -W ignore:setup.py install is deprecated setup.py egg_info --egg-base ../build/localization build --build-base /home/daniel/Projects/graffiti-drone/build/localization/build install --record /home/daniel/Projects/graffiti-drone/build/localization/install.log --single-version-externally-managed install_data
[1.607s] DEBUG:colcon.colcon_core.event_handler.log_command:Invoking command in '/home/daniel/Projects/graffiti-drone/pid_controller': PYTHONPATH=/home/daniel/Projects/graffiti-drone/build/pid_controller/prefix_override:/usr/lib/python3/dist-packages/colcon_core/task/python/colcon_distutils_commands:/home/daniel/Projects/graffiti-drone/install/pid_controller/lib/python3.10/site-packages:${PYTHONPATH} /usr/bin/python3 -W ignore:setup.py install is deprecated setup.py egg_info --egg-base ../build/pid_controller build --build-base /home/daniel/Projects/graffiti-drone/build/pid_controller/build install --record /home/daniel/Projects/graffiti-drone/build/pid_controller/install.log --single-version-externally-managed install_data
[1.865s] Level 1:colcon.colcon_core.environment:checking '/home/daniel/Projects/graffiti-drone/install/microcontroller' for CMake module files
[1.866s] DEBUG:colcon.colcon_core.event_handler.log_command:Invoked command in '/home/daniel/Projects/graffiti-drone/microcontroller' returned '0': PYTHONPATH=/home/daniel/Projects/graffiti-drone/build/microcontroller/prefix_override:/usr/lib/python3/dist-packages/colcon_core/task/python/colcon_distutils_commands:/home/daniel/Projects/graffiti-drone/install/microcontroller/lib/python3.10/site-packages:${PYTHONPATH} /usr/bin/python3 -W ignore:setup.py install is deprecated setup.py egg_info --egg-base ../build/microcontroller build --build-base /home/daniel/Projects/graffiti-drone/build/microcontroller/build install --record /home/daniel/Projects/graffiti-drone/build/microcontroller/install.log --single-version-externally-managed install_data
[1.866s] Level 1:colcon.colcon_core.environment:checking '/home/daniel/Projects/graffiti-drone/install/microcontroller' for CMake config files
[1.867s] Level 1:colcon.colcon_core.environment:checking '/home/daniel/Projects/graffiti-drone/install/microcontroller/lib'
[1.867s] Level 1:colcon.colcon_core.environment:checking '/home/daniel/Projects/graffiti-drone/install/microcontroller/bin'
[1.867s] Level 1:colcon.colcon_core.environment:checking '/home/daniel/Projects/graffiti-drone/install/microcontroller/lib/pkgconfig/microcontroller.pc'
[1.867s] Level 1:colcon.colcon_core.environment:checking '/home/daniel/Projects/graffiti-drone/install/microcontroller/lib/python3.10/site-packages'
[1.868s] Level 1:colcon.colcon_core.shell:create_environment_hook('microcontroller', 'pythonpath')
[1.868s] INFO:colcon.colcon_core.shell:Creating environment hook '/home/daniel/Projects/graffiti-drone/install/microcontroller/share/microcontroller/hook/pythonpath.ps1'
[1.869s] INFO:colcon.colcon_core.shell:Creating environment descriptor '/home/daniel/Projects/graffiti-drone/install/microcontroller/share/microcontroller/hook/pythonpath.dsv'
[1.869s] INFO:colcon.colcon_core.shell:Creating environment hook '/home/daniel/Projects/graffiti-drone/install/microcontroller/share/microcontroller/hook/pythonpath.sh'
[1.870s] Level 1:colcon.colcon_core.environment:checking '/home/daniel/Projects/graffiti-drone/install/microcontroller/bin'
[1.870s] Level 1:colcon.colcon_core.environment:create_environment_scripts_only(microcontroller)
[1.872s] INFO:colcon.colcon_core.shell:Creating package script '/home/daniel/Projects/graffiti-drone/install/microcontroller/share/microcontroller/package.ps1'
[1.874s] INFO:colcon.colcon_core.shell:Creating package descriptor '/home/daniel/Projects/graffiti-drone/install/microcontroller/share/microcontroller/package.dsv'
[1.874s] INFO:colcon.colcon_core.shell:Creating package script '/home/daniel/Projects/graffiti-drone/install/microcontroller/share/microcontroller/package.sh'
[1.874s] INFO:colcon.colcon_core.shell:Creating package script '/home/daniel/Projects/graffiti-drone/install/microcontroller/share/microcontroller/package.bash'
[1.875s] INFO:colcon.colcon_core.shell:Creating package script '/home/daniel/Projects/graffiti-drone/install/microcontroller/share/microcontroller/package.zsh'
[1.875s] Level 1:colcon.colcon_core.environment:create_file_with_runtime_dependencies(/home/daniel/Projects/graffiti-drone/install/microcontroller/share/colcon-core/packages/microcontroller)
[1.876s] Level 1:colcon.colcon_core.environment:checking '/home/daniel/Projects/graffiti-drone/install/localization' for CMake module files
[1.877s] Level 1:colcon.colcon_core.environment:checking '/home/daniel/Projects/graffiti-drone/install/localization' for CMake config files
[1.878s] DEBUG:colcon.colcon_core.event_handler.log_command:Invoked command in '/home/daniel/Projects/graffiti-drone/localization' returned '0': PYTHONPATH=/home/daniel/Projects/graffiti-drone/build/localization/prefix_override:/usr/lib/python3/dist-packages/colcon_core/task/python/colcon_distutils_commands:/home/daniel/Projects/graffiti-drone/install/localization/lib/python3.10/site-packages:${PYTHONPATH} /usr/bin/python3 -W ignore:setup.py install is deprecated setup.py egg_info --egg-base ../build/localization build --build-base /home/daniel/Projects/graffiti-drone/build/localization/build install --record /home/daniel/Projects/graffiti-drone/build/localization/install.log --single-version-externally-managed install_data
[1.878s] Level 1:colcon.colcon_core.environment:checking '/home/daniel/Projects/graffiti-drone/install/localization/lib'
[1.878s] Level 1:colcon.colcon_core.environment:checking '/home/daniel/Projects/graffiti-drone/install/localization/bin'
[1.878s] Level 1:colcon.colcon_core.environment:checking '/home/daniel/Projects/graffiti-drone/install/localization/lib/pkgconfig/localization.pc'
[1.879s] Level 1:colcon.colcon_core.environment:checking '/home/daniel/Projects/graffiti-drone/install/localization/lib/python3.10/site-packages'
[1.879s] Level 1:colcon.colcon_core.shell:create_environment_hook('localization', 'pythonpath')
[1.879s] INFO:colcon.colcon_core.shell:Creating environment hook '/home/daniel/Projects/graffiti-drone/install/localization/share/localization/hook/pythonpath.ps1'
[1.879s] INFO:colcon.colcon_core.shell:Creating environment descriptor '/home/daniel/Projects/graffiti-drone/install/localization/share/localization/hook/pythonpath.dsv'
[1.879s] INFO:colcon.colcon_core.shell:Creating environment hook '/home/daniel/Projects/graffiti-drone/install/localization/share/localization/hook/pythonpath.sh'
[1.880s] Level 1:colcon.colcon_core.environment:checking '/home/daniel/Projects/graffiti-drone/install/localization/bin'
[1.880s] Level 1:colcon.colcon_core.environment:create_environment_scripts_only(localization)
[1.880s] INFO:colcon.colcon_core.shell:Creating package script '/home/daniel/Projects/graffiti-drone/install/localization/share/localization/package.ps1'
[1.880s] INFO:colcon.colcon_core.shell:Creating package descriptor '/home/daniel/Projects/graffiti-drone/install/localization/share/localization/package.dsv'
[1.881s] INFO:colcon.colcon_core.shell:Creating package script '/home/daniel/Projects/graffiti-drone/install/localization/share/localization/package.sh'
[1.881s] INFO:colcon.colcon_core.shell:Creating package script '/home/daniel/Projects/graffiti-drone/install/localization/share/localization/package.bash'
[1.881s] INFO:colcon.colcon_core.shell:Creating package script '/home/daniel/Projects/graffiti-drone/install/localization/share/localization/package.zsh'
[1.882s] Level 1:colcon.colcon_core.environment:create_file_with_runtime_dependencies(/home/daniel/Projects/graffiti-drone/install/localization/share/colcon-core/packages/localization)
[1.891s] Level 1:colcon.colcon_core.environment:checking '/home/daniel/Projects/graffiti-drone/install/pid_controller' for CMake module files
[1.891s] DEBUG:colcon.colcon_core.event_handler.log_command:Invoked command in '/home/daniel/Projects/graffiti-drone/pid_controller' returned '0': PYTHONPATH=/home/daniel/Projects/graffiti-drone/build/pid_controller/prefix_override:/usr/lib/python3/dist-packages/colcon_core/task/python/colcon_distutils_commands:/home/daniel/Projects/graffiti-drone/install/pid_controller/lib/python3.10/site-packages:${PYTHONPATH} /usr/bin/python3 -W ignore:setup.py install is deprecated setup.py egg_info --egg-base ../build/pid_controller build --build-base /home/daniel/Projects/graffiti-drone/build/pid_controller/build install --record /home/daniel/Projects/graffiti-drone/build/pid_controller/install.log --single-version-externally-managed install_data
[1.891s] Level 1:colcon.colcon_core.environment:checking '/home/daniel/Projects/graffiti-drone/install/pid_controller' for CMake config files
[1.892s] Level 1:colcon.colcon_core.environment:checking '/home/daniel/Projects/graffiti-drone/install/pid_controller/lib'
[1.892s] Level 1:colcon.colcon_core.environment:checking '/home/daniel/Projects/graffiti-drone/install/pid_controller/bin'
[1.892s] Level 1:colcon.colcon_core.environment:checking '/home/daniel/Projects/graffiti-drone/install/pid_controller/lib/pkgconfig/pid_controller.pc'
[1.892s] Level 1:colcon.colcon_core.environment:checking '/home/daniel/Projects/graffiti-drone/install/pid_controller/lib/python3.10/site-packages'
[1.892s] Level 1:colcon.colcon_core.shell:create_environment_hook('pid_controller', 'pythonpath')
[1.893s] INFO:colcon.colcon_core.shell:Creating environment hook '/home/daniel/Projects/graffiti-drone/install/pid_controller/share/pid_controller/hook/pythonpath.ps1'
[1.894s] INFO:colcon.colcon_core.shell:Creating environment descriptor '/home/daniel/Projects/graffiti-drone/install/pid_controller/share/pid_controller/hook/pythonpath.dsv'
[1.894s] INFO:colcon.colcon_core.shell:Creating environment hook '/home/daniel/Projects/graffiti-drone/install/pid_controller/share/pid_controller/hook/pythonpath.sh'
[1.894s] Level 1:colcon.colcon_core.environment:checking '/home/daniel/Projects/graffiti-drone/install/pid_controller/bin'
[1.894s] Level 1:colcon.colcon_core.environment:create_environment_scripts_only(pid_controller)
[1.895s] INFO:colcon.colcon_core.shell:Creating package script '/home/daniel/Projects/graffiti-drone/install/pid_controller/share/pid_controller/package.ps1'
[1.895s] INFO:colcon.colcon_core.shell:Creating package descriptor '/home/daniel/Projects/graffiti-drone/install/pid_controller/share/pid_controller/package.dsv'
[1.895s] INFO:colcon.colcon_core.shell:Creating package script '/home/daniel/Projects/graffiti-drone/install/pid_controller/share/pid_controller/package.sh'
[1.895s] INFO:colcon.colcon_core.shell:Creating package script '/home/daniel/Projects/graffiti-drone/install/pid_controller/share/pid_controller/package.bash'
[1.896s] INFO:colcon.colcon_core.shell:Creating package script '/home/daniel/Projects/graffiti-drone/install/pid_controller/share/pid_controller/package.zsh'
[1.896s] Level 1:colcon.colcon_core.environment:create_file_with_runtime_dependencies(/home/daniel/Projects/graffiti-drone/install/pid_controller/share/colcon-core/packages/pid_controller)
[1.896s] DEBUG:colcon.colcon_parallel_executor.executor.parallel:closing loop
[1.896s] DEBUG:colcon.colcon_parallel_executor.executor.parallel:loop closed
[1.896s] DEBUG:colcon.colcon_parallel_executor.executor.parallel:run_until_complete finished with '0'
[1.896s] DEBUG:colcon.colcon_core.event_reactor:joining thread
[1.903s] INFO:colcon.colcon_core.plugin_system:Skipping extension 'colcon_notification.desktop_notification.terminal_notifier': Not used on non-Darwin systems
[1.903s] INFO:colcon.colcon_core.plugin_system:Skipping extension 'colcon_notification.desktop_notification.win32': Not used on non-Windows systems
[1.903s] INFO:colcon.colcon_notification.desktop_notification:Sending desktop notification using 'notify2'
[1.920s] DEBUG:colcon.colcon_core.event_reactor:joined thread
[1.921s] INFO:colcon.colcon_core.shell:Creating prefix script '/home/daniel/Projects/graffiti-drone/install/local_setup.ps1'
[1.923s] INFO:colcon.colcon_core.shell:Creating prefix util module '/home/daniel/Projects/graffiti-drone/install/_local_setup_util_ps1.py'
[1.925s] INFO:colcon.colcon_core.shell:Creating prefix chain script '/home/daniel/Projects/graffiti-drone/install/setup.ps1'
[1.928s] INFO:colcon.colcon_core.shell:Creating prefix script '/home/daniel/Projects/graffiti-drone/install/local_setup.sh'
[1.929s] INFO:colcon.colcon_core.shell:Creating prefix util module '/home/daniel/Projects/graffiti-drone/install/_local_setup_util_sh.py'
[1.930s] INFO:colcon.colcon_core.shell:Creating prefix chain script '/home/daniel/Projects/graffiti-drone/install/setup.sh'
[1.932s] INFO:colcon.colcon_core.shell:Creating prefix script '/home/daniel/Projects/graffiti-drone/install/local_setup.bash'
[1.932s] INFO:colcon.colcon_core.shell:Creating prefix chain script '/home/daniel/Projects/graffiti-drone/install/setup.bash'
[1.933s] INFO:colcon.colcon_core.shell:Creating prefix script '/home/daniel/Projects/graffiti-drone/install/local_setup.zsh'
[1.934s] INFO:colcon.colcon_core.shell:Creating prefix chain script '/home/daniel/Projects/graffiti-drone/install/setup.zsh'
