[0.020s] Invoking command in '/home/daniel/Projects/graffiti-drone/build/drone_msgs': CMAKE_PREFIX_PATH=${CMAKE_PREFIX_PATH}:/home/daniel/feb-system-integration/install/mpc:/home/daniel/feb-system-integration/install/microcontroller:/home/daniel/feb-system-integration/install/local_path:/home/daniel/feb-system-integration/install/graphslam_global:/home/daniel/feb-system-integration/install/global_path:/home/daniel/feb-system-integration/install/eufs_launcher:/home/daniel/feb-system-integration/install/eufs_tracks:/home/daniel/feb-system-integration/install/eufs_rqt:/home/daniel/feb-system-integration/install/eufs_racecar:/home/daniel/feb-system-integration/install/all_settings:/opt/ros/humble /usr/bin/cmake /home/daniel/Projects/graffiti-drone/drone_msgs -DCMAKE_INSTALL_PREFIX=/home/daniel/Projects/graffiti-drone/install/drone_msgs
[0.402s] [31mCMake Error at CMakeLists.txt:10 (find_package):
[0.402s]   By not providing "Findrosidl_defualt_generators.cmake" in CMAKE_MODULE_PATH
[0.402s]   this project has asked CMake to find a package configuration file provided
[0.402s]   by "rosidl_defualt_generators", but CMake did not find one.
[0.402s] 
[0.402s]   Could not find a package configuration file provided by
[0.402s]   "rosidl_defualt_generators" with any of the following names:
[0.402s] 
[0.402s]     rosidl_defualt_generatorsConfig.cmake
[0.403s]     rosidl_defualt_generators-config.cmake
[0.403s] 
[0.403s]   Add the installation prefix of "rosidl_defualt_generators" to
[0.403s]   CMAKE_PREFIX_PATH or set "rosidl_defualt_generators_DIR" to a directory
[0.403s]   containing one of the above files.  If "rosidl_defualt_generators" provides
[0.403s]   a separate development package or SDK, be sure it has been installed.
[0.403s] 
[0.403s] [0m
[0.403s] -- Found ament_cmake: 1.3.10 (/opt/ros/humble/share/ament_cmake/cmake)
[0.403s] -- Configuring incomplete, errors occurred!
[0.403s] See also "/home/daniel/Projects/graffiti-drone/build/drone_msgs/CMakeFiles/CMakeOutput.log".
[0.596s] Invoked command in '/home/daniel/Projects/graffiti-drone/build/drone_msgs' returned '1': CMAKE_PREFIX_PATH=${CMAKE_PREFIX_PATH}:/home/daniel/feb-system-integration/install/mpc:/home/daniel/feb-system-integration/install/microcontroller:/home/daniel/feb-system-integration/install/local_path:/home/daniel/feb-system-integration/install/graphslam_global:/home/daniel/feb-system-integration/install/global_path:/home/daniel/feb-system-integration/install/eufs_launcher:/home/daniel/feb-system-integration/install/eufs_tracks:/home/daniel/feb-system-integration/install/eufs_rqt:/home/daniel/feb-system-integration/install/eufs_racecar:/home/daniel/feb-system-integration/install/all_settings:/opt/ros/humble /usr/bin/cmake /home/daniel/Projects/graffiti-drone/drone_msgs -DCMAKE_INSTALL_PREFIX=/home/daniel/Projects/graffiti-drone/install/drone_msgs
