running egg_info
creating ../build/microcontroller/microcontroller.egg-info
writing ../build/microcontroller/microcontroller.egg-info/PKG-INFO
writing dependency_links to ../build/microcontroller/microcontroller.egg-info/dependency_links.txt
writing entry points to ../build/microcontroller/microcontroller.egg-info/entry_points.txt
writing requirements to ../build/microcontroller/microcontroller.egg-info/requires.txt
writing top-level names to ../build/microcontroller/microcontroller.egg-info/top_level.txt
writing manifest file '../build/microcontroller/microcontroller.egg-info/SOURCES.txt'
reading manifest file '../build/microcontroller/microcontroller.egg-info/SOURCES.txt'
writing manifest file '../build/microcontroller/microcontroller.egg-info/SOURCES.txt'
running build
running build_py
creating /home/daniel/Projects/graffiti-drone/build/microcontroller/build
creating /home/daniel/Projects/graffiti-drone/build/microcontroller/build/lib
creating /home/daniel/Projects/graffiti-drone/build/microcontroller/build/lib/microcontroller
copying microcontroller/__init__.py -> /home/daniel/Projects/graffiti-drone/build/microcontroller/build/lib/microcontroller
copying microcontroller/main.py -> /home/daniel/Projects/graffiti-drone/build/microcontroller/build/lib/microcontroller
running install
running install_lib
creating /home/daniel/Projects/graffiti-drone/install/microcontroller/lib/python3.10/site-packages/microcontroller
copying /home/daniel/Projects/graffiti-drone/build/microcontroller/build/lib/microcontroller/__init__.py -> /home/daniel/Projects/graffiti-drone/install/microcontroller/lib/python3.10/site-packages/microcontroller
copying /home/daniel/Projects/graffiti-drone/build/microcontroller/build/lib/microcontroller/main.py -> /home/daniel/Projects/graffiti-drone/install/microcontroller/lib/python3.10/site-packages/microcontroller
byte-compiling /home/daniel/Projects/graffiti-drone/install/microcontroller/lib/python3.10/site-packages/microcontroller/__init__.py to __init__.cpython-310.pyc
byte-compiling /home/daniel/Projects/graffiti-drone/install/microcontroller/lib/python3.10/site-packages/microcontroller/main.py to main.cpython-310.pyc
running install_data
creating /home/daniel/Projects/graffiti-drone/install/microcontroller/share/ament_index
creating /home/daniel/Projects/graffiti-drone/install/microcontroller/share/ament_index/resource_index
creating /home/daniel/Projects/graffiti-drone/install/microcontroller/share/ament_index/resource_index/packages
copying resource/microcontroller -> /home/daniel/Projects/graffiti-drone/install/microcontroller/share/ament_index/resource_index/packages
copying package.xml -> /home/daniel/Projects/graffiti-drone/install/microcontroller/share/microcontroller
running install_egg_info
Copying ../build/microcontroller/microcontroller.egg-info to /home/daniel/Projects/graffiti-drone/install/microcontroller/lib/python3.10/site-packages/microcontroller-0.0.0-py3.10.egg-info
running install_scripts
writing list of installed files to '/home/daniel/Projects/graffiti-drone/build/microcontroller/install.log'
