[1.002s] Invoking command in '/home/daniel/Projects/graffiti-drone/microcontroller': PYTHONPATH=/home/daniel/Projects/graffiti-drone/build/microcontroller/prefix_override:/usr/lib/python3/dist-packages/colcon_core/task/python/colcon_distutils_commands:/home/daniel/Projects/graffiti-drone/install/microcontroller/lib/python3.10/site-packages:${PYTHONPATH} /usr/bin/python3 -W ignore:setup.py install is deprecated setup.py egg_info --egg-base ../build/microcontroller build --build-base /home/daniel/Projects/graffiti-drone/build/microcontroller/build install --record /home/daniel/Projects/graffiti-drone/build/microcontroller/install.log --single-version-externally-managed install_data
[1.201s] running egg_info
[1.201s] creating ../build/microcontroller/microcontroller.egg-info
[1.202s] writing ../build/microcontroller/microcontroller.egg-info/PKG-INFO
[1.202s] writing dependency_links to ../build/microcontroller/microcontroller.egg-info/dependency_links.txt
[1.202s] writing entry points to ../build/microcontroller/microcontroller.egg-info/entry_points.txt
[1.202s] writing requirements to ../build/microcontroller/microcontroller.egg-info/requires.txt
[1.202s] writing top-level names to ../build/microcontroller/microcontroller.egg-info/top_level.txt
[1.202s] writing manifest file '../build/microcontroller/microcontroller.egg-info/SOURCES.txt'
[1.203s] reading manifest file '../build/microcontroller/microcontroller.egg-info/SOURCES.txt'
[1.204s] writing manifest file '../build/microcontroller/microcontroller.egg-info/SOURCES.txt'
[1.204s] running build
[1.204s] running build_py
[1.204s] creating /home/daniel/Projects/graffiti-drone/build/microcontroller/build
[1.204s] creating /home/daniel/Projects/graffiti-drone/build/microcontroller/build/lib
[1.204s] creating /home/daniel/Projects/graffiti-drone/build/microcontroller/build/lib/microcontroller
[1.204s] copying microcontroller/__init__.py -> /home/daniel/Projects/graffiti-drone/build/microcontroller/build/lib/microcontroller
[1.204s] copying microcontroller/main.py -> /home/daniel/Projects/graffiti-drone/build/microcontroller/build/lib/microcontroller
[1.205s] running install
[1.205s] running install_lib
[1.206s] creating /home/daniel/Projects/graffiti-drone/install/microcontroller/lib/python3.10/site-packages/microcontroller
[1.206s] copying /home/daniel/Projects/graffiti-drone/build/microcontroller/build/lib/microcontroller/__init__.py -> /home/daniel/Projects/graffiti-drone/install/microcontroller/lib/python3.10/site-packages/microcontroller
[1.206s] copying /home/daniel/Projects/graffiti-drone/build/microcontroller/build/lib/microcontroller/main.py -> /home/daniel/Projects/graffiti-drone/install/microcontroller/lib/python3.10/site-packages/microcontroller
[1.206s] byte-compiling /home/daniel/Projects/graffiti-drone/install/microcontroller/lib/python3.10/site-packages/microcontroller/__init__.py to __init__.cpython-310.pyc
[1.206s] byte-compiling /home/daniel/Projects/graffiti-drone/install/microcontroller/lib/python3.10/site-packages/microcontroller/main.py to main.cpython-310.pyc
[1.207s] running install_data
[1.207s] creating /home/daniel/Projects/graffiti-drone/install/microcontroller/share/ament_index
[1.207s] creating /home/daniel/Projects/graffiti-drone/install/microcontroller/share/ament_index/resource_index
[1.208s] creating /home/daniel/Projects/graffiti-drone/install/microcontroller/share/ament_index/resource_index/packages
[1.208s] copying resource/microcontroller -> /home/daniel/Projects/graffiti-drone/install/microcontroller/share/ament_index/resource_index/packages
[1.208s] copying package.xml -> /home/daniel/Projects/graffiti-drone/install/microcontroller/share/microcontroller
[1.208s] running install_egg_info
[1.210s] Copying ../build/microcontroller/microcontroller.egg-info to /home/daniel/Projects/graffiti-drone/install/microcontroller/lib/python3.10/site-packages/microcontroller-0.0.0-py3.10.egg-info
[1.210s] running install_scripts
[1.229s] writing list of installed files to '/home/daniel/Projects/graffiti-drone/build/microcontroller/install.log'
[1.309s] Invoked command in '/home/daniel/Projects/graffiti-drone/microcontroller' returned '0': PYTHONPATH=/home/daniel/Projects/graffiti-drone/build/microcontroller/prefix_override:/usr/lib/python3/dist-packages/colcon_core/task/python/colcon_distutils_commands:/home/daniel/Projects/graffiti-drone/install/microcontroller/lib/python3.10/site-packages:${PYTHONPATH} /usr/bin/python3 -W ignore:setup.py install is deprecated setup.py egg_info --egg-base ../build/microcontroller build --build-base /home/daniel/Projects/graffiti-drone/build/microcontroller/build install --record /home/daniel/Projects/graffiti-drone/build/microcontroller/install.log --single-version-externally-managed install_data
