[0.062s] DEBUG:colcon:Command line arguments: ['/usr/bin/colcon', 'build']
[0.062s] DEBUG:colcon:Parsed command line arguments: Namespace(log_base=None, log_level=None, verb_name='build', build_base='build', install_base='install', merge_install=False, symlink_install=False, test_result_base=None, continue_on_error=False, executor='parallel', parallel_workers=16, event_handlers=None, ignore_user_meta=False, metas=['./colcon.meta'], base_paths=['.'], packages_ignore=None, packages_ignore_regex=None, paths=None, packages_up_to=None, packages_up_to_regex=None, packages_above=None, packages_above_and_dependencies=None, packages_above_depth=None, packages_select_by_dep=None, packages_skip_by_dep=None, packages_skip_up_to=None, packages_select_build_failed=False, packages_skip_build_finished=False, packages_select_test_failures=False, packages_skip_test_passed=False, packages_select=None, packages_skip=None, packages_select_regex=None, packages_skip_regex=None, packages_start=None, packages_end=None, allow_overriding=[], cmake_args=None, cmake_target=None, cmake_target_skip_unavailable=False, cmake_clean_cache=False, cmake_clean_first=False, cmake_force_configure=False, ament_cmake_args=None, catkin_cmake_args=None, catkin_skip_building_tests=False, verb_parser=<colcon_defaults.argument_parser.defaults.DefaultArgumentsDecorator object at 0x783a6f0540d0>, verb_extension=<colcon_core.verb.build.BuildVerb object at 0x783a6f109390>, main=<bound method BuildVerb.main of <colcon_core.verb.build.BuildVerb object at 0x783a6f109390>>)
[0.184s] Level 1:colcon.colcon_core.package_discovery:discover_packages(colcon_meta) check parameters
[0.184s] Level 1:colcon.colcon_core.package_discovery:discover_packages(recursive) check parameters
[0.184s] Level 1:colcon.colcon_core.package_discovery:discover_packages(ignore) check parameters
[0.184s] Level 1:colcon.colcon_core.package_discovery:discover_packages(path) check parameters
[0.184s] Level 1:colcon.colcon_core.package_discovery:discover_packages(colcon_meta) discover
[0.184s] Level 1:colcon.colcon_core.package_discovery:discover_packages(recursive) discover
[0.184s] INFO:colcon.colcon_core.package_discovery:Crawling recursively for packages in '/home/daniel/Projects/graffiti-drone'
[0.184s] Level 1:colcon.colcon_core.package_identification:_identify(.) by extensions ['ignore', 'ignore_ament_install']
[0.184s] Level 1:colcon.colcon_core.package_identification:_identify(.) by extension 'ignore'
[0.184s] Level 1:colcon.colcon_core.package_identification:_identify(.) by extension 'ignore_ament_install'
[0.184s] Level 1:colcon.colcon_core.package_identification:_identify(.) by extensions ['colcon_pkg']
[0.184s] Level 1:colcon.colcon_core.package_identification:_identify(.) by extension 'colcon_pkg'
[0.185s] Level 1:colcon.colcon_core.package_identification:_identify(.) by extensions ['colcon_meta']
[0.185s] Level 1:colcon.colcon_core.package_identification:_identify(.) by extension 'colcon_meta'
[0.185s] Level 1:colcon.colcon_core.package_identification:_identify(.) by extensions ['ros']
[0.185s] Level 1:colcon.colcon_core.package_identification:_identify(.) by extension 'ros'
[0.204s] Level 1:colcon.colcon_core.package_identification:_identify(.) by extensions ['cmake', 'python']
[0.205s] Level 1:colcon.colcon_core.package_identification:_identify(.) by extension 'cmake'
[0.205s] Level 1:colcon.colcon_core.package_identification:_identify(.) by extension 'python'
[0.205s] Level 1:colcon.colcon_core.package_identification:_identify(.) by extensions ['python_setup_py']
[0.205s] Level 1:colcon.colcon_core.package_identification:_identify(.) by extension 'python_setup_py'
[0.205s] Level 1:colcon.colcon_core.package_identification:_identify(build) by extensions ['ignore', 'ignore_ament_install']
[0.205s] Level 1:colcon.colcon_core.package_identification:_identify(build) by extension 'ignore'
[0.205s] Level 1:colcon.colcon_core.package_identification:_identify(build) ignored
[0.205s] Level 1:colcon.colcon_core.package_identification:_identify(drone_msgs) by extensions ['ignore', 'ignore_ament_install']
[0.205s] Level 1:colcon.colcon_core.package_identification:_identify(drone_msgs) by extension 'ignore'
[0.205s] Level 1:colcon.colcon_core.package_identification:_identify(drone_msgs) by extension 'ignore_ament_install'
[0.205s] Level 1:colcon.colcon_core.package_identification:_identify(drone_msgs) by extensions ['colcon_pkg']
[0.205s] Level 1:colcon.colcon_core.package_identification:_identify(drone_msgs) by extension 'colcon_pkg'
[0.205s] Level 1:colcon.colcon_core.package_identification:_identify(drone_msgs) by extensions ['colcon_meta']
[0.205s] Level 1:colcon.colcon_core.package_identification:_identify(drone_msgs) by extension 'colcon_meta'
[0.205s] Level 1:colcon.colcon_core.package_identification:_identify(drone_msgs) by extensions ['ros']
[0.205s] Level 1:colcon.colcon_core.package_identification:_identify(drone_msgs) by extension 'ros'
[0.207s] DEBUG:colcon.colcon_core.package_identification:Package 'drone_msgs' with type 'ros.ament_cmake' and name 'drone_msgs'
[0.207s] Level 1:colcon.colcon_core.package_identification:_identify(install) by extensions ['ignore', 'ignore_ament_install']
[0.207s] Level 1:colcon.colcon_core.package_identification:_identify(install) by extension 'ignore'
[0.207s] Level 1:colcon.colcon_core.package_identification:_identify(install) ignored
[0.207s] Level 1:colcon.colcon_core.package_identification:_identify(localization) by extensions ['ignore', 'ignore_ament_install']
[0.207s] Level 1:colcon.colcon_core.package_identification:_identify(localization) by extension 'ignore'
[0.207s] Level 1:colcon.colcon_core.package_identification:_identify(localization) by extension 'ignore_ament_install'
[0.207s] Level 1:colcon.colcon_core.package_identification:_identify(localization) by extensions ['colcon_pkg']
[0.207s] Level 1:colcon.colcon_core.package_identification:_identify(localization) by extension 'colcon_pkg'
[0.207s] Level 1:colcon.colcon_core.package_identification:_identify(localization) by extensions ['colcon_meta']
[0.207s] Level 1:colcon.colcon_core.package_identification:_identify(localization) by extension 'colcon_meta'
[0.207s] Level 1:colcon.colcon_core.package_identification:_identify(localization) by extensions ['ros']
[0.207s] Level 1:colcon.colcon_core.package_identification:_identify(localization) by extension 'ros'
[0.207s] DEBUG:colcon.colcon_core.package_identification:Package 'localization' with type 'ros.ament_python' and name 'localization'
[0.207s] Level 1:colcon.colcon_core.package_identification:_identify(log) by extensions ['ignore', 'ignore_ament_install']
[0.207s] Level 1:colcon.colcon_core.package_identification:_identify(log) by extension 'ignore'
[0.207s] Level 1:colcon.colcon_core.package_identification:_identify(log) ignored
[0.207s] Level 1:colcon.colcon_core.package_identification:_identify(microcontroller) by extensions ['ignore', 'ignore_ament_install']
[0.207s] Level 1:colcon.colcon_core.package_identification:_identify(microcontroller) by extension 'ignore'
[0.207s] Level 1:colcon.colcon_core.package_identification:_identify(microcontroller) by extension 'ignore_ament_install'
[0.207s] Level 1:colcon.colcon_core.package_identification:_identify(microcontroller) by extensions ['colcon_pkg']
[0.207s] Level 1:colcon.colcon_core.package_identification:_identify(microcontroller) by extension 'colcon_pkg'
[0.207s] Level 1:colcon.colcon_core.package_identification:_identify(microcontroller) by extensions ['colcon_meta']
[0.207s] Level 1:colcon.colcon_core.package_identification:_identify(microcontroller) by extension 'colcon_meta'
[0.207s] Level 1:colcon.colcon_core.package_identification:_identify(microcontroller) by extensions ['ros']
[0.207s] Level 1:colcon.colcon_core.package_identification:_identify(microcontroller) by extension 'ros'
[0.208s] DEBUG:colcon.colcon_core.package_identification:Package 'microcontroller' with type 'ros.ament_python' and name 'microcontroller'
[0.208s] Level 1:colcon.colcon_core.package_identification:_identify(pid_controller) by extensions ['ignore', 'ignore_ament_install']
[0.208s] Level 1:colcon.colcon_core.package_identification:_identify(pid_controller) by extension 'ignore'
[0.208s] Level 1:colcon.colcon_core.package_identification:_identify(pid_controller) by extension 'ignore_ament_install'
[0.208s] Level 1:colcon.colcon_core.package_identification:_identify(pid_controller) by extensions ['colcon_pkg']
[0.208s] Level 1:colcon.colcon_core.package_identification:_identify(pid_controller) by extension 'colcon_pkg'
[0.208s] Level 1:colcon.colcon_core.package_identification:_identify(pid_controller) by extensions ['colcon_meta']
[0.208s] Level 1:colcon.colcon_core.package_identification:_identify(pid_controller) by extension 'colcon_meta'
[0.208s] Level 1:colcon.colcon_core.package_identification:_identify(pid_controller) by extensions ['ros']
[0.208s] Level 1:colcon.colcon_core.package_identification:_identify(pid_controller) by extension 'ros'
[0.208s] DEBUG:colcon.colcon_core.package_identification:Package 'pid_controller' with type 'ros.ament_python' and name 'pid_controller'
[0.208s] Level 1:colcon.colcon_core.package_discovery:discover_packages(recursive) using defaults
[0.208s] Level 1:colcon.colcon_core.package_discovery:discover_packages(ignore) discover
[0.208s] Level 1:colcon.colcon_core.package_discovery:discover_packages(ignore) using defaults
[0.208s] Level 1:colcon.colcon_core.package_discovery:discover_packages(path) discover
[0.208s] Level 1:colcon.colcon_core.package_discovery:discover_packages(path) using defaults
[0.220s] Level 1:colcon.colcon_core.package_discovery:discover_packages(prefix_path) check parameters
[0.220s] Level 1:colcon.colcon_core.package_discovery:discover_packages(prefix_path) discover
[0.222s] DEBUG:colcon.colcon_installed_package_information.package_discovery:Found 18 installed packages in /home/daniel/feb-system-integration/install
[0.223s] DEBUG:colcon.colcon_installed_package_information.package_discovery:Found 283 installed packages in /opt/ros/humble
[0.223s] Level 1:colcon.colcon_core.package_discovery:discover_packages(prefix_path) using defaults
[0.243s] Level 5:colcon.colcon_core.verb:set package 'drone_msgs' build argument 'cmake_args' from command line to 'None'
[0.243s] Level 5:colcon.colcon_core.verb:set package 'drone_msgs' build argument 'cmake_target' from command line to 'None'
[0.243s] Level 5:colcon.colcon_core.verb:set package 'drone_msgs' build argument 'cmake_target_skip_unavailable' from command line to 'False'
[0.243s] Level 5:colcon.colcon_core.verb:set package 'drone_msgs' build argument 'cmake_clean_cache' from command line to 'False'
[0.243s] Level 5:colcon.colcon_core.verb:set package 'drone_msgs' build argument 'cmake_clean_first' from command line to 'False'
[0.243s] Level 5:colcon.colcon_core.verb:set package 'drone_msgs' build argument 'cmake_force_configure' from command line to 'False'
[0.243s] Level 5:colcon.colcon_core.verb:set package 'drone_msgs' build argument 'ament_cmake_args' from command line to 'None'
[0.243s] Level 5:colcon.colcon_core.verb:set package 'drone_msgs' build argument 'catkin_cmake_args' from command line to 'None'
[0.243s] Level 5:colcon.colcon_core.verb:set package 'drone_msgs' build argument 'catkin_skip_building_tests' from command line to 'False'
[0.243s] DEBUG:colcon.colcon_core.verb:Building package 'drone_msgs' with the following arguments: {'ament_cmake_args': None, 'build_base': '/home/daniel/Projects/graffiti-drone/build/drone_msgs', 'catkin_cmake_args': None, 'catkin_skip_building_tests': False, 'cmake_args': None, 'cmake_clean_cache': False, 'cmake_clean_first': False, 'cmake_force_configure': False, 'cmake_target': None, 'cmake_target_skip_unavailable': False, 'install_base': '/home/daniel/Projects/graffiti-drone/install/drone_msgs', 'merge_install': False, 'path': '/home/daniel/Projects/graffiti-drone/drone_msgs', 'symlink_install': False, 'test_result_base': None}
[0.244s] Level 5:colcon.colcon_core.verb:set package 'localization' build argument 'cmake_args' from command line to 'None'
[0.244s] Level 5:colcon.colcon_core.verb:set package 'localization' build argument 'cmake_target' from command line to 'None'
[0.244s] Level 5:colcon.colcon_core.verb:set package 'localization' build argument 'cmake_target_skip_unavailable' from command line to 'False'
[0.244s] Level 5:colcon.colcon_core.verb:set package 'localization' build argument 'cmake_clean_cache' from command line to 'False'
[0.244s] Level 5:colcon.colcon_core.verb:set package 'localization' build argument 'cmake_clean_first' from command line to 'False'
[0.244s] Level 5:colcon.colcon_core.verb:set package 'localization' build argument 'cmake_force_configure' from command line to 'False'
[0.244s] Level 5:colcon.colcon_core.verb:set package 'localization' build argument 'ament_cmake_args' from command line to 'None'
[0.244s] Level 5:colcon.colcon_core.verb:set package 'localization' build argument 'catkin_cmake_args' from command line to 'None'
[0.244s] Level 5:colcon.colcon_core.verb:set package 'localization' build argument 'catkin_skip_building_tests' from command line to 'False'
[0.244s] DEBUG:colcon.colcon_core.verb:Building package 'localization' with the following arguments: {'ament_cmake_args': None, 'build_base': '/home/daniel/Projects/graffiti-drone/build/localization', 'catkin_cmake_args': None, 'catkin_skip_building_tests': False, 'cmake_args': None, 'cmake_clean_cache': False, 'cmake_clean_first': False, 'cmake_force_configure': False, 'cmake_target': None, 'cmake_target_skip_unavailable': False, 'install_base': '/home/daniel/Projects/graffiti-drone/install/localization', 'merge_install': False, 'path': '/home/daniel/Projects/graffiti-drone/localization', 'symlink_install': False, 'test_result_base': None}
[0.244s] Level 5:colcon.colcon_core.verb:set package 'microcontroller' build argument 'cmake_args' from command line to 'None'
[0.244s] Level 5:colcon.colcon_core.verb:set package 'microcontroller' build argument 'cmake_target' from command line to 'None'
[0.244s] Level 5:colcon.colcon_core.verb:set package 'microcontroller' build argument 'cmake_target_skip_unavailable' from command line to 'False'
[0.244s] Level 5:colcon.colcon_core.verb:set package 'microcontroller' build argument 'cmake_clean_cache' from command line to 'False'
[0.244s] Level 5:colcon.colcon_core.verb:set package 'microcontroller' build argument 'cmake_clean_first' from command line to 'False'
[0.244s] Level 5:colcon.colcon_core.verb:set package 'microcontroller' build argument 'cmake_force_configure' from command line to 'False'
[0.244s] Level 5:colcon.colcon_core.verb:set package 'microcontroller' build argument 'ament_cmake_args' from command line to 'None'
[0.244s] Level 5:colcon.colcon_core.verb:set package 'microcontroller' build argument 'catkin_cmake_args' from command line to 'None'
[0.244s] Level 5:colcon.colcon_core.verb:set package 'microcontroller' build argument 'catkin_skip_building_tests' from command line to 'False'
[0.244s] DEBUG:colcon.colcon_core.verb:Building package 'microcontroller' with the following arguments: {'ament_cmake_args': None, 'build_base': '/home/daniel/Projects/graffiti-drone/build/microcontroller', 'catkin_cmake_args': None, 'catkin_skip_building_tests': False, 'cmake_args': None, 'cmake_clean_cache': False, 'cmake_clean_first': False, 'cmake_force_configure': False, 'cmake_target': None, 'cmake_target_skip_unavailable': False, 'install_base': '/home/daniel/Projects/graffiti-drone/install/microcontroller', 'merge_install': False, 'path': '/home/daniel/Projects/graffiti-drone/microcontroller', 'symlink_install': False, 'test_result_base': None}
[0.244s] Level 5:colcon.colcon_core.verb:set package 'pid_controller' build argument 'cmake_args' from command line to 'None'
[0.244s] Level 5:colcon.colcon_core.verb:set package 'pid_controller' build argument 'cmake_target' from command line to 'None'
[0.244s] Level 5:colcon.colcon_core.verb:set package 'pid_controller' build argument 'cmake_target_skip_unavailable' from command line to 'False'
[0.244s] Level 5:colcon.colcon_core.verb:set package 'pid_controller' build argument 'cmake_clean_cache' from command line to 'False'
[0.244s] Level 5:colcon.colcon_core.verb:set package 'pid_controller' build argument 'cmake_clean_first' from command line to 'False'
[0.244s] Level 5:colcon.colcon_core.verb:set package 'pid_controller' build argument 'cmake_force_configure' from command line to 'False'
[0.244s] Level 5:colcon.colcon_core.verb:set package 'pid_controller' build argument 'ament_cmake_args' from command line to 'None'
[0.244s] Level 5:colcon.colcon_core.verb:set package 'pid_controller' build argument 'catkin_cmake_args' from command line to 'None'
[0.244s] Level 5:colcon.colcon_core.verb:set package 'pid_controller' build argument 'catkin_skip_building_tests' from command line to 'False'
[0.244s] DEBUG:colcon.colcon_core.verb:Building package 'pid_controller' with the following arguments: {'ament_cmake_args': None, 'build_base': '/home/daniel/Projects/graffiti-drone/build/pid_controller', 'catkin_cmake_args': None, 'catkin_skip_building_tests': False, 'cmake_args': None, 'cmake_clean_cache': False, 'cmake_clean_first': False, 'cmake_force_configure': False, 'cmake_target': None, 'cmake_target_skip_unavailable': False, 'install_base': '/home/daniel/Projects/graffiti-drone/install/pid_controller', 'merge_install': False, 'path': '/home/daniel/Projects/graffiti-drone/pid_controller', 'symlink_install': False, 'test_result_base': None}
[0.244s] INFO:colcon.colcon_core.executor:Executing jobs using 'parallel' executor
[0.245s] DEBUG:colcon.colcon_parallel_executor.executor.parallel:run_until_complete
[0.245s] INFO:colcon.colcon_ros.task.ament_cmake.build:Building ROS package in '/home/daniel/Projects/graffiti-drone/drone_msgs' with build type 'ament_cmake'
[0.245s] INFO:colcon.colcon_cmake.task.cmake.build:Building CMake package in '/home/daniel/Projects/graffiti-drone/drone_msgs'
[0.247s] INFO:colcon.colcon_core.plugin_system:Skipping extension 'colcon_core.shell.bat': Not used on non-Windows systems
[0.247s] INFO:colcon.colcon_core.shell:Skip shell extension 'powershell' for command environment: Not usable outside of PowerShell
[0.247s] DEBUG:colcon.colcon_core.shell:Skip shell extension 'dsv' for command environment
[0.250s] INFO:colcon.colcon_ros.task.ament_python.build:Building ROS package in '/home/daniel/Projects/graffiti-drone/localization' with build type 'ament_python'
[0.250s] Level 1:colcon.colcon_core.shell:create_environment_hook('localization', 'ament_prefix_path')
[0.250s] INFO:colcon.colcon_core.shell:Creating environment hook '/home/daniel/Projects/graffiti-drone/install/localization/share/localization/hook/ament_prefix_path.ps1'
[0.250s] INFO:colcon.colcon_core.shell:Creating environment descriptor '/home/daniel/Projects/graffiti-drone/install/localization/share/localization/hook/ament_prefix_path.dsv'
[0.250s] INFO:colcon.colcon_core.shell:Creating environment hook '/home/daniel/Projects/graffiti-drone/install/localization/share/localization/hook/ament_prefix_path.sh'
[0.251s] INFO:colcon.colcon_core.shell:Skip shell extension 'powershell' for command environment: Not usable outside of PowerShell
[0.251s] DEBUG:colcon.colcon_core.shell:Skip shell extension 'dsv' for command environment
[0.253s] INFO:colcon.colcon_ros.task.ament_python.build:Building ROS package in '/home/daniel/Projects/graffiti-drone/microcontroller' with build type 'ament_python'
[0.253s] Level 1:colcon.colcon_core.shell:create_environment_hook('microcontroller', 'ament_prefix_path')
[0.253s] INFO:colcon.colcon_core.shell:Creating environment hook '/home/daniel/Projects/graffiti-drone/install/microcontroller/share/microcontroller/hook/ament_prefix_path.ps1'
[0.254s] INFO:colcon.colcon_core.shell:Creating environment descriptor '/home/daniel/Projects/graffiti-drone/install/microcontroller/share/microcontroller/hook/ament_prefix_path.dsv'
[0.254s] INFO:colcon.colcon_core.shell:Creating environment hook '/home/daniel/Projects/graffiti-drone/install/microcontroller/share/microcontroller/hook/ament_prefix_path.sh'
[0.254s] INFO:colcon.colcon_core.shell:Skip shell extension 'powershell' for command environment: Not usable outside of PowerShell
[0.254s] DEBUG:colcon.colcon_core.shell:Skip shell extension 'dsv' for command environment
[0.258s] INFO:colcon.colcon_ros.task.ament_python.build:Building ROS package in '/home/daniel/Projects/graffiti-drone/pid_controller' with build type 'ament_python'
[0.258s] Level 1:colcon.colcon_core.shell:create_environment_hook('pid_controller', 'ament_prefix_path')
[0.258s] INFO:colcon.colcon_core.shell:Creating environment hook '/home/daniel/Projects/graffiti-drone/install/pid_controller/share/pid_controller/hook/ament_prefix_path.ps1'
[0.261s] INFO:colcon.colcon_core.shell:Creating environment descriptor '/home/daniel/Projects/graffiti-drone/install/pid_controller/share/pid_controller/hook/ament_prefix_path.dsv'
[0.261s] INFO:colcon.colcon_core.shell:Creating environment hook '/home/daniel/Projects/graffiti-drone/install/pid_controller/share/pid_controller/hook/ament_prefix_path.sh'
[0.261s] INFO:colcon.colcon_core.shell:Skip shell extension 'powershell' for command environment: Not usable outside of PowerShell
[0.261s] DEBUG:colcon.colcon_core.shell:Skip shell extension 'dsv' for command environment
[0.268s] DEBUG:colcon.colcon_core.event_handler.log_command:Invoking command in '/home/daniel/Projects/graffiti-drone/build/drone_msgs': CMAKE_PREFIX_PATH=${CMAKE_PREFIX_PATH}:/home/daniel/feb-system-integration/install/mpc:/home/daniel/feb-system-integration/install/microcontroller:/home/daniel/feb-system-integration/install/local_path:/home/daniel/feb-system-integration/install/graphslam_global:/home/daniel/feb-system-integration/install/global_path:/home/daniel/feb-system-integration/install/eufs_launcher:/home/daniel/feb-system-integration/install/eufs_tracks:/home/daniel/feb-system-integration/install/eufs_rqt:/home/daniel/feb-system-integration/install/eufs_racecar:/home/daniel/feb-system-integration/install/all_settings:/opt/ros/humble /usr/bin/cmake /home/daniel/Projects/graffiti-drone/drone_msgs -DCMAKE_INSTALL_PREFIX=/home/daniel/Projects/graffiti-drone/install/drone_msgs
[0.460s] INFO:colcon.colcon_core.task.python.build:Building Python package in '/home/daniel/Projects/graffiti-drone/localization'
[0.460s] INFO:colcon.colcon_core.shell:Skip shell extension 'powershell' for command environment: Not usable outside of PowerShell
[0.460s] DEBUG:colcon.colcon_core.shell:Skip shell extension 'dsv' for command environment
[0.659s] INFO:colcon.colcon_core.task.python.build:Building Python package in '/home/daniel/Projects/graffiti-drone/microcontroller'
[0.660s] INFO:colcon.colcon_core.shell:Skip shell extension 'powershell' for command environment: Not usable outside of PowerShell
[0.660s] DEBUG:colcon.colcon_core.shell:Skip shell extension 'dsv' for command environment
[0.857s] INFO:colcon.colcon_core.task.python.build:Building Python package in '/home/daniel/Projects/graffiti-drone/pid_controller'
[0.858s] INFO:colcon.colcon_core.shell:Skip shell extension 'powershell' for command environment: Not usable outside of PowerShell
[0.858s] DEBUG:colcon.colcon_core.shell:Skip shell extension 'dsv' for command environment
[0.869s] DEBUG:colcon.colcon_core.event_handler.log_command:Invoked command in '/home/daniel/Projects/graffiti-drone/build/drone_msgs' returned '1': CMAKE_PREFIX_PATH=${CMAKE_PREFIX_PATH}:/home/daniel/feb-system-integration/install/mpc:/home/daniel/feb-system-integration/install/microcontroller:/home/daniel/feb-system-integration/install/local_path:/home/daniel/feb-system-integration/install/graphslam_global:/home/daniel/feb-system-integration/install/global_path:/home/daniel/feb-system-integration/install/eufs_launcher:/home/daniel/feb-system-integration/install/eufs_tracks:/home/daniel/feb-system-integration/install/eufs_rqt:/home/daniel/feb-system-integration/install/eufs_racecar:/home/daniel/feb-system-integration/install/all_settings:/opt/ros/humble /usr/bin/cmake /home/daniel/Projects/graffiti-drone/drone_msgs -DCMAKE_INSTALL_PREFIX=/home/daniel/Projects/graffiti-drone/install/drone_msgs
[0.885s] Level 1:colcon.colcon_core.environment:create_environment_scripts_only(drone_msgs)
[0.887s] Level 1:colcon.colcon_core.environment:checking '/home/daniel/Projects/graffiti-drone/install/drone_msgs' for CMake module files
[0.887s] Level 1:colcon.colcon_core.environment:checking '/home/daniel/Projects/graffiti-drone/install/drone_msgs' for CMake config files
[0.888s] Level 1:colcon.colcon_core.environment:checking '/home/daniel/Projects/graffiti-drone/install/drone_msgs/bin'
[0.888s] Level 1:colcon.colcon_core.environment:checking '/home/daniel/Projects/graffiti-drone/install/drone_msgs/lib/pkgconfig/drone_msgs.pc'
[0.888s] Level 1:colcon.colcon_core.environment:checking '/home/daniel/Projects/graffiti-drone/install/drone_msgs/lib/python3.10/site-packages'
[0.888s] Level 1:colcon.colcon_core.environment:checking '/home/daniel/Projects/graffiti-drone/install/drone_msgs/bin'
[0.888s] INFO:colcon.colcon_core.shell:Creating package script '/home/daniel/Projects/graffiti-drone/install/drone_msgs/share/drone_msgs/package.ps1'
[0.889s] INFO:colcon.colcon_core.shell:Creating package descriptor '/home/daniel/Projects/graffiti-drone/install/drone_msgs/share/drone_msgs/package.dsv'
[0.889s] INFO:colcon.colcon_core.shell:Creating package script '/home/daniel/Projects/graffiti-drone/install/drone_msgs/share/drone_msgs/package.sh'
[0.890s] INFO:colcon.colcon_core.shell:Creating package script '/home/daniel/Projects/graffiti-drone/install/drone_msgs/share/drone_msgs/package.bash'
[0.890s] INFO:colcon.colcon_core.shell:Creating package script '/home/daniel/Projects/graffiti-drone/install/drone_msgs/share/drone_msgs/package.zsh'
[0.890s] Level 1:colcon.colcon_core.environment:create_file_with_runtime_dependencies(/home/daniel/Projects/graffiti-drone/install/drone_msgs/share/colcon-core/packages/drone_msgs)
[1.233s] DEBUG:colcon.colcon_parallel_executor.executor.parallel:closing loop
[1.233s] DEBUG:colcon.colcon_parallel_executor.executor.parallel:loop closed
[1.233s] DEBUG:colcon.colcon_parallel_executor.executor.parallel:run_until_complete finished with '1'
[1.234s] DEBUG:colcon.colcon_core.event_reactor:joining thread
[1.240s] INFO:colcon.colcon_core.plugin_system:Skipping extension 'colcon_notification.desktop_notification.terminal_notifier': Not used on non-Darwin systems
[1.240s] INFO:colcon.colcon_core.plugin_system:Skipping extension 'colcon_notification.desktop_notification.win32': Not used on non-Windows systems
[1.240s] INFO:colcon.colcon_notification.desktop_notification:Sending desktop notification using 'notify2'
[1.256s] DEBUG:colcon.colcon_core.event_reactor:joined thread
[1.257s] INFO:colcon.colcon_core.shell:Creating prefix script '/home/daniel/Projects/graffiti-drone/install/local_setup.ps1'
[1.259s] INFO:colcon.colcon_core.shell:Creating prefix util module '/home/daniel/Projects/graffiti-drone/install/_local_setup_util_ps1.py'
[1.261s] INFO:colcon.colcon_core.shell:Creating prefix chain script '/home/daniel/Projects/graffiti-drone/install/setup.ps1'
[1.262s] INFO:colcon.colcon_core.shell:Creating prefix script '/home/daniel/Projects/graffiti-drone/install/local_setup.sh'
[1.262s] INFO:colcon.colcon_core.shell:Creating prefix util module '/home/daniel/Projects/graffiti-drone/install/_local_setup_util_sh.py'
[1.263s] INFO:colcon.colcon_core.shell:Creating prefix chain script '/home/daniel/Projects/graffiti-drone/install/setup.sh'
[1.264s] INFO:colcon.colcon_core.shell:Creating prefix script '/home/daniel/Projects/graffiti-drone/install/local_setup.bash'
[1.264s] INFO:colcon.colcon_core.shell:Creating prefix chain script '/home/daniel/Projects/graffiti-drone/install/setup.bash'
[1.265s] INFO:colcon.colcon_core.shell:Creating prefix script '/home/daniel/Projects/graffiti-drone/install/local_setup.zsh'
[1.265s] INFO:colcon.colcon_core.shell:Creating prefix chain script '/home/daniel/Projects/graffiti-drone/install/setup.zsh'
