[35m[1mConsolidate compiler generated dependencies of target drone_msgs__rosidl_generator_c[0m
[  9%] Built target drone_msgs__cpp
[ 12%] Built target drone_msgs__rosidl_generator_c
[ 12%] Built target ament_cmake_python_copy_drone_msgs
[35m[1mConsolidate compiler generated dependencies of target drone_msgs__rosidl_typesupport_c[0m
[35m[1mConsolidate compiler generated dependencies of target drone_msgs__rosidl_typesupport_introspection_c[0m
[35m[1mConsolidate compiler generated dependencies of target drone_msgs__rosidl_typesupport_cpp[0m
[35m[1mConsolidate compiler generated dependencies of target drone_msgs__rosidl_typesupport_fastrtps_c[0m
[35m[1mConsolidate compiler generated dependencies of target drone_msgs__rosidl_typesupport_fastrtps_cpp[0m
[35m[1mConsolidate compiler generated dependencies of target drone_msgs__rosidl_typesupport_introspection_cpp[0m
[ 32%] Built target drone_msgs__rosidl_typesupport_introspection_c
[ 32%] Built target drone_msgs__rosidl_typesupport_cpp
[ 41%] Built target drone_msgs__rosidl_typesupport_fastrtps_c
[ 51%] Built target drone_msgs__rosidl_typesupport_c
[ 61%] Built target drone_msgs__rosidl_typesupport_introspection_cpp
[ 70%] Built target drone_msgs__rosidl_typesupport_fastrtps_cpp
[ 70%] Built target drone_msgs
[ 74%] Built target drone_msgs__py
[35m[1mConsolidate compiler generated dependencies of target drone_msgs__rosidl_generator_py[0m
[ 80%] Built target drone_msgs__rosidl_generator_py
[35m[1mConsolidate compiler generated dependencies of target drone_msgs__rosidl_typesupport_introspection_c__pyext[0m
[35m[1mConsolidate compiler generated dependencies of target drone_msgs__rosidl_typesupport_c__pyext[0m
[35m[1mConsolidate compiler generated dependencies of target drone_msgs__rosidl_typesupport_fastrtps_c__pyext[0m
[100%] Built target drone_msgs__rosidl_typesupport_c__pyext
[100%] Built target drone_msgs__rosidl_typesupport_fastrtps_c__pyext
[100%] Built target drone_msgs__rosidl_typesupport_introspection_c__pyext
running egg_info
writing drone_msgs.egg-info/PKG-INFO
writing dependency_links to drone_msgs.egg-info/dependency_links.txt
writing top-level names to drone_msgs.egg-info/top_level.txt
reading manifest file 'drone_msgs.egg-info/SOURCES.txt'
writing manifest file 'drone_msgs.egg-info/SOURCES.txt'
[100%] Built target ament_cmake_python_build_drone_msgs_egg
-- Install configuration: ""
-- Up-to-date: /home/daniel/Projects/graffiti-drone/install/drone_msgs/share/ament_index/resource_index/rosidl_interfaces/drone_msgs
-- Up-to-date: /home/daniel/Projects/graffiti-drone/install/drone_msgs/include/drone_msgs/drone_msgs
-- Up-to-date: /home/daniel/Projects/graffiti-drone/install/drone_msgs/include/drone_msgs/drone_msgs/msg
-- Up-to-date: /home/daniel/Projects/graffiti-drone/install/drone_msgs/include/drone_msgs/drone_msgs/msg/rosidl_generator_c__visibility_control.h
-- Up-to-date: /home/daniel/Projects/graffiti-drone/install/drone_msgs/include/drone_msgs/drone_msgs/msg/detail
-- Up-to-date: /home/daniel/Projects/graffiti-drone/install/drone_msgs/include/drone_msgs/drone_msgs/msg/detail/motor_command__functions.h
-- Up-to-date: /home/daniel/Projects/graffiti-drone/install/drone_msgs/include/drone_msgs/drone_msgs/msg/detail/motor_command__struct.h
-- Up-to-date: /home/daniel/Projects/graffiti-drone/install/drone_msgs/include/drone_msgs/drone_msgs/msg/detail/motor_command__type_support.h
-- Up-to-date: /home/daniel/Projects/graffiti-drone/install/drone_msgs/include/drone_msgs/drone_msgs/msg/detail/motor_command__functions.c
-- Up-to-date: /home/daniel/Projects/graffiti-drone/install/drone_msgs/include/drone_msgs/drone_msgs/msg/motor_command.h
-- Up-to-date: /home/daniel/Projects/graffiti-drone/install/drone_msgs/share/drone_msgs/environment/library_path.sh
-- Up-to-date: /home/daniel/Projects/graffiti-drone/install/drone_msgs/share/drone_msgs/environment/library_path.dsv
-- Up-to-date: /home/daniel/Projects/graffiti-drone/install/drone_msgs/lib/libdrone_msgs__rosidl_generator_c.so
-- Up-to-date: /home/daniel/Projects/graffiti-drone/install/drone_msgs/include/drone_msgs/drone_msgs
-- Up-to-date: /home/daniel/Projects/graffiti-drone/install/drone_msgs/include/drone_msgs/drone_msgs/msg
-- Up-to-date: /home/daniel/Projects/graffiti-drone/install/drone_msgs/include/drone_msgs/drone_msgs/msg/detail
-- Up-to-date: /home/daniel/Projects/graffiti-drone/install/drone_msgs/include/drone_msgs/drone_msgs/msg/detail/motor_command__rosidl_typesupport_fastrtps_c.h
-- Up-to-date: /home/daniel/Projects/graffiti-drone/install/drone_msgs/include/drone_msgs/drone_msgs/msg/rosidl_typesupport_fastrtps_c__visibility_control.h
-- Up-to-date: /home/daniel/Projects/graffiti-drone/install/drone_msgs/lib/libdrone_msgs__rosidl_typesupport_fastrtps_c.so
-- Up-to-date: /home/daniel/Projects/graffiti-drone/install/drone_msgs/include/drone_msgs/drone_msgs
-- Up-to-date: /home/daniel/Projects/graffiti-drone/install/drone_msgs/include/drone_msgs/drone_msgs/msg
-- Up-to-date: /home/daniel/Projects/graffiti-drone/install/drone_msgs/include/drone_msgs/drone_msgs/msg/motor_command.hpp
-- Up-to-date: /home/daniel/Projects/graffiti-drone/install/drone_msgs/include/drone_msgs/drone_msgs/msg/detail
-- Up-to-date: /home/daniel/Projects/graffiti-drone/install/drone_msgs/include/drone_msgs/drone_msgs/msg/detail/motor_command__struct.hpp
-- Up-to-date: /home/daniel/Projects/graffiti-drone/install/drone_msgs/include/drone_msgs/drone_msgs/msg/detail/motor_command__builder.hpp
-- Up-to-date: /home/daniel/Projects/graffiti-drone/install/drone_msgs/include/drone_msgs/drone_msgs/msg/detail/motor_command__traits.hpp
-- Up-to-date: /home/daniel/Projects/graffiti-drone/install/drone_msgs/include/drone_msgs/drone_msgs
-- Up-to-date: /home/daniel/Projects/graffiti-drone/install/drone_msgs/include/drone_msgs/drone_msgs/msg
-- Up-to-date: /home/daniel/Projects/graffiti-drone/install/drone_msgs/include/drone_msgs/drone_msgs/msg/detail
-- Up-to-date: /home/daniel/Projects/graffiti-drone/install/drone_msgs/include/drone_msgs/drone_msgs/msg/detail/dds_fastrtps
-- Up-to-date: /home/daniel/Projects/graffiti-drone/install/drone_msgs/include/drone_msgs/drone_msgs/msg/detail/motor_command__rosidl_typesupport_fastrtps_cpp.hpp
-- Up-to-date: /home/daniel/Projects/graffiti-drone/install/drone_msgs/include/drone_msgs/drone_msgs/msg/rosidl_typesupport_fastrtps_cpp__visibility_control.h
-- Up-to-date: /home/daniel/Projects/graffiti-drone/install/drone_msgs/lib/libdrone_msgs__rosidl_typesupport_fastrtps_cpp.so
-- Up-to-date: /home/daniel/Projects/graffiti-drone/install/drone_msgs/include/drone_msgs/drone_msgs
-- Up-to-date: /home/daniel/Projects/graffiti-drone/install/drone_msgs/include/drone_msgs/drone_msgs/msg
-- Up-to-date: /home/daniel/Projects/graffiti-drone/install/drone_msgs/include/drone_msgs/drone_msgs/msg/rosidl_typesupport_introspection_c__visibility_control.h
-- Up-to-date: /home/daniel/Projects/graffiti-drone/install/drone_msgs/include/drone_msgs/drone_msgs/msg/detail
-- Up-to-date: /home/daniel/Projects/graffiti-drone/install/drone_msgs/include/drone_msgs/drone_msgs/msg/detail/motor_command__type_support.c
-- Up-to-date: /home/daniel/Projects/graffiti-drone/install/drone_msgs/include/drone_msgs/drone_msgs/msg/detail/motor_command__rosidl_typesupport_introspection_c.h
-- Up-to-date: /home/daniel/Projects/graffiti-drone/install/drone_msgs/lib/libdrone_msgs__rosidl_typesupport_introspection_c.so
-- Up-to-date: /home/daniel/Projects/graffiti-drone/install/drone_msgs/lib/libdrone_msgs__rosidl_typesupport_c.so
-- Up-to-date: /home/daniel/Projects/graffiti-drone/install/drone_msgs/include/drone_msgs/drone_msgs
-- Up-to-date: /home/daniel/Projects/graffiti-drone/install/drone_msgs/include/drone_msgs/drone_msgs/msg
-- Up-to-date: /home/daniel/Projects/graffiti-drone/install/drone_msgs/include/drone_msgs/drone_msgs/msg/detail
-- Up-to-date: /home/daniel/Projects/graffiti-drone/install/drone_msgs/include/drone_msgs/drone_msgs/msg/detail/motor_command__type_support.cpp
-- Up-to-date: /home/daniel/Projects/graffiti-drone/install/drone_msgs/include/drone_msgs/drone_msgs/msg/detail/motor_command__rosidl_typesupport_introspection_cpp.hpp
-- Up-to-date: /home/daniel/Projects/graffiti-drone/install/drone_msgs/lib/libdrone_msgs__rosidl_typesupport_introspection_cpp.so
-- Up-to-date: /home/daniel/Projects/graffiti-drone/install/drone_msgs/lib/libdrone_msgs__rosidl_typesupport_cpp.so
-- Up-to-date: /home/daniel/Projects/graffiti-drone/install/drone_msgs/share/drone_msgs/environment/pythonpath.sh
-- Up-to-date: /home/daniel/Projects/graffiti-drone/install/drone_msgs/share/drone_msgs/environment/pythonpath.dsv
-- Up-to-date: /home/daniel/Projects/graffiti-drone/install/drone_msgs/local/lib/python3.10/dist-packages/drone_msgs-0.0.0-py3.10.egg-info
-- Installing: /home/daniel/Projects/graffiti-drone/install/drone_msgs/local/lib/python3.10/dist-packages/drone_msgs-0.0.0-py3.10.egg-info/dependency_links.txt
-- Installing: /home/daniel/Projects/graffiti-drone/install/drone_msgs/local/lib/python3.10/dist-packages/drone_msgs-0.0.0-py3.10.egg-info/SOURCES.txt
-- Installing: /home/daniel/Projects/graffiti-drone/install/drone_msgs/local/lib/python3.10/dist-packages/drone_msgs-0.0.0-py3.10.egg-info/PKG-INFO
-- Installing: /home/daniel/Projects/graffiti-drone/install/drone_msgs/local/lib/python3.10/dist-packages/drone_msgs-0.0.0-py3.10.egg-info/top_level.txt
-- Up-to-date: /home/daniel/Projects/graffiti-drone/install/drone_msgs/local/lib/python3.10/dist-packages/drone_msgs
-- Up-to-date: /home/daniel/Projects/graffiti-drone/install/drone_msgs/local/lib/python3.10/dist-packages/drone_msgs/_drone_msgs_s.ep.rosidl_typesupport_fastrtps_c.c
-- Up-to-date: /home/daniel/Projects/graffiti-drone/install/drone_msgs/local/lib/python3.10/dist-packages/drone_msgs/libdrone_msgs__rosidl_generator_py.so
-- Up-to-date: /home/daniel/Projects/graffiti-drone/install/drone_msgs/local/lib/python3.10/dist-packages/drone_msgs/drone_msgs_s__rosidl_typesupport_c.cpython-310-x86_64-linux-gnu.so
-- Up-to-date: /home/daniel/Projects/graffiti-drone/install/drone_msgs/local/lib/python3.10/dist-packages/drone_msgs/__init__.py
-- Up-to-date: /home/daniel/Projects/graffiti-drone/install/drone_msgs/local/lib/python3.10/dist-packages/drone_msgs/_drone_msgs_s.ep.rosidl_typesupport_c.c
-- Up-to-date: /home/daniel/Projects/graffiti-drone/install/drone_msgs/local/lib/python3.10/dist-packages/drone_msgs/msg
-- Up-to-date: /home/daniel/Projects/graffiti-drone/install/drone_msgs/local/lib/python3.10/dist-packages/drone_msgs/msg/_motor_command.py
-- Up-to-date: /home/daniel/Projects/graffiti-drone/install/drone_msgs/local/lib/python3.10/dist-packages/drone_msgs/msg/__init__.py
-- Up-to-date: /home/daniel/Projects/graffiti-drone/install/drone_msgs/local/lib/python3.10/dist-packages/drone_msgs/msg/_motor_command_s.c
-- Up-to-date: /home/daniel/Projects/graffiti-drone/install/drone_msgs/local/lib/python3.10/dist-packages/drone_msgs/drone_msgs_s__rosidl_typesupport_fastrtps_c.cpython-310-x86_64-linux-gnu.so
-- Up-to-date: /home/daniel/Projects/graffiti-drone/install/drone_msgs/local/lib/python3.10/dist-packages/drone_msgs/_drone_msgs_s.ep.rosidl_typesupport_introspection_c.c
-- Up-to-date: /home/daniel/Projects/graffiti-drone/install/drone_msgs/local/lib/python3.10/dist-packages/drone_msgs/drone_msgs_s__rosidl_typesupport_introspection_c.cpython-310-x86_64-linux-gnu.so
Listing '/home/daniel/Projects/graffiti-drone/install/drone_msgs/local/lib/python3.10/dist-packages/drone_msgs'...
Listing '/home/daniel/Projects/graffiti-drone/install/drone_msgs/local/lib/python3.10/dist-packages/drone_msgs/msg'...
-- Up-to-date: /home/daniel/Projects/graffiti-drone/install/drone_msgs/local/lib/python3.10/dist-packages/drone_msgs/drone_msgs_s__rosidl_typesupport_fastrtps_c.cpython-310-x86_64-linux-gnu.so
-- Up-to-date: /home/daniel/Projects/graffiti-drone/install/drone_msgs/local/lib/python3.10/dist-packages/drone_msgs/drone_msgs_s__rosidl_typesupport_introspection_c.cpython-310-x86_64-linux-gnu.so
-- Up-to-date: /home/daniel/Projects/graffiti-drone/install/drone_msgs/local/lib/python3.10/dist-packages/drone_msgs/drone_msgs_s__rosidl_typesupport_c.cpython-310-x86_64-linux-gnu.so
-- Up-to-date: /home/daniel/Projects/graffiti-drone/install/drone_msgs/lib/libdrone_msgs__rosidl_generator_py.so
-- Up-to-date: /home/daniel/Projects/graffiti-drone/install/drone_msgs/share/drone_msgs/msg/MotorCommand.idl
-- Up-to-date: /home/daniel/Projects/graffiti-drone/install/drone_msgs/share/drone_msgs/msg/MotorCommand.msg
-- Up-to-date: /home/daniel/Projects/graffiti-drone/install/drone_msgs/share/ament_index/resource_index/package_run_dependencies/drone_msgs
-- Up-to-date: /home/daniel/Projects/graffiti-drone/install/drone_msgs/share/ament_index/resource_index/parent_prefix_path/drone_msgs
-- Up-to-date: /home/daniel/Projects/graffiti-drone/install/drone_msgs/share/drone_msgs/environment/ament_prefix_path.sh
-- Up-to-date: /home/daniel/Projects/graffiti-drone/install/drone_msgs/share/drone_msgs/environment/ament_prefix_path.dsv
-- Up-to-date: /home/daniel/Projects/graffiti-drone/install/drone_msgs/share/drone_msgs/environment/path.sh
-- Up-to-date: /home/daniel/Projects/graffiti-drone/install/drone_msgs/share/drone_msgs/environment/path.dsv
-- Up-to-date: /home/daniel/Projects/graffiti-drone/install/drone_msgs/share/drone_msgs/local_setup.bash
-- Up-to-date: /home/daniel/Projects/graffiti-drone/install/drone_msgs/share/drone_msgs/local_setup.sh
-- Up-to-date: /home/daniel/Projects/graffiti-drone/install/drone_msgs/share/drone_msgs/local_setup.zsh
-- Up-to-date: /home/daniel/Projects/graffiti-drone/install/drone_msgs/share/drone_msgs/local_setup.dsv
-- Installing: /home/daniel/Projects/graffiti-drone/install/drone_msgs/share/drone_msgs/package.dsv
-- Up-to-date: /home/daniel/Projects/graffiti-drone/install/drone_msgs/share/ament_index/resource_index/packages/drone_msgs
-- Up-to-date: /home/daniel/Projects/graffiti-drone/install/drone_msgs/share/drone_msgs/cmake/export_drone_msgs__rosidl_generator_cExport.cmake
-- Up-to-date: /home/daniel/Projects/graffiti-drone/install/drone_msgs/share/drone_msgs/cmake/export_drone_msgs__rosidl_generator_cExport-noconfig.cmake
-- Up-to-date: /home/daniel/Projects/graffiti-drone/install/drone_msgs/share/drone_msgs/cmake/export_drone_msgs__rosidl_typesupport_fastrtps_cExport.cmake
-- Up-to-date: /home/daniel/Projects/graffiti-drone/install/drone_msgs/share/drone_msgs/cmake/export_drone_msgs__rosidl_typesupport_fastrtps_cExport-noconfig.cmake
-- Up-to-date: /home/daniel/Projects/graffiti-drone/install/drone_msgs/share/drone_msgs/cmake/export_drone_msgs__rosidl_generator_cppExport.cmake
-- Up-to-date: /home/daniel/Projects/graffiti-drone/install/drone_msgs/share/drone_msgs/cmake/export_drone_msgs__rosidl_typesupport_fastrtps_cppExport.cmake
-- Up-to-date: /home/daniel/Projects/graffiti-drone/install/drone_msgs/share/drone_msgs/cmake/export_drone_msgs__rosidl_typesupport_fastrtps_cppExport-noconfig.cmake
-- Up-to-date: /home/daniel/Projects/graffiti-drone/install/drone_msgs/share/drone_msgs/cmake/drone_msgs__rosidl_typesupport_introspection_cExport.cmake
-- Up-to-date: /home/daniel/Projects/graffiti-drone/install/drone_msgs/share/drone_msgs/cmake/drone_msgs__rosidl_typesupport_introspection_cExport-noconfig.cmake
-- Up-to-date: /home/daniel/Projects/graffiti-drone/install/drone_msgs/share/drone_msgs/cmake/drone_msgs__rosidl_typesupport_cExport.cmake
-- Up-to-date: /home/daniel/Projects/graffiti-drone/install/drone_msgs/share/drone_msgs/cmake/drone_msgs__rosidl_typesupport_cExport-noconfig.cmake
-- Up-to-date: /home/daniel/Projects/graffiti-drone/install/drone_msgs/share/drone_msgs/cmake/drone_msgs__rosidl_typesupport_introspection_cppExport.cmake
-- Up-to-date: /home/daniel/Projects/graffiti-drone/install/drone_msgs/share/drone_msgs/cmake/drone_msgs__rosidl_typesupport_introspection_cppExport-noconfig.cmake
-- Up-to-date: /home/daniel/Projects/graffiti-drone/install/drone_msgs/share/drone_msgs/cmake/drone_msgs__rosidl_typesupport_cppExport.cmake
-- Up-to-date: /home/daniel/Projects/graffiti-drone/install/drone_msgs/share/drone_msgs/cmake/drone_msgs__rosidl_typesupport_cppExport-noconfig.cmake
-- Up-to-date: /home/daniel/Projects/graffiti-drone/install/drone_msgs/share/drone_msgs/cmake/export_drone_msgs__rosidl_generator_pyExport.cmake
-- Up-to-date: /home/daniel/Projects/graffiti-drone/install/drone_msgs/share/drone_msgs/cmake/export_drone_msgs__rosidl_generator_pyExport-noconfig.cmake
-- Up-to-date: /home/daniel/Projects/graffiti-drone/install/drone_msgs/share/drone_msgs/cmake/rosidl_cmake-extras.cmake
-- Up-to-date: /home/daniel/Projects/graffiti-drone/install/drone_msgs/share/drone_msgs/cmake/ament_cmake_export_dependencies-extras.cmake
-- Up-to-date: /home/daniel/Projects/graffiti-drone/install/drone_msgs/share/drone_msgs/cmake/ament_cmake_export_include_directories-extras.cmake
-- Up-to-date: /home/daniel/Projects/graffiti-drone/install/drone_msgs/share/drone_msgs/cmake/ament_cmake_export_libraries-extras.cmake
-- Up-to-date: /home/daniel/Projects/graffiti-drone/install/drone_msgs/share/drone_msgs/cmake/ament_cmake_export_targets-extras.cmake
-- Up-to-date: /home/daniel/Projects/graffiti-drone/install/drone_msgs/share/drone_msgs/cmake/rosidl_cmake_export_typesupport_targets-extras.cmake
-- Up-to-date: /home/daniel/Projects/graffiti-drone/install/drone_msgs/share/drone_msgs/cmake/rosidl_cmake_export_typesupport_libraries-extras.cmake
-- Up-to-date: /home/daniel/Projects/graffiti-drone/install/drone_msgs/share/drone_msgs/cmake/drone_msgsConfig.cmake
-- Up-to-date: /home/daniel/Projects/graffiti-drone/install/drone_msgs/share/drone_msgs/cmake/drone_msgsConfig-version.cmake
-- Up-to-date: /home/daniel/Projects/graffiti-drone/install/drone_msgs/share/drone_msgs/package.xml
