[0.023s] Invoking command in '/home/daniel/Projects/graffiti-drone/build/drone_msgs': CMAKE_PREFIX_PATH=${CMAKE_PREFIX_PATH}:/home/daniel/Projects/graffiti-drone/install/pid_controller:/home/daniel/Projects/graffiti-drone/install/microcontroller:/home/daniel/Projects/graffiti-drone/install/localization:/home/daniel/feb-system-integration/install/mpc:/home/daniel/feb-system-integration/install/microcontroller:/home/daniel/feb-system-integration/install/local_path:/home/daniel/feb-system-integration/install/graphslam_global:/home/daniel/feb-system-integration/install/global_path:/home/daniel/feb-system-integration/install/eufs_launcher:/home/daniel/feb-system-integration/install/eufs_tracks:/home/daniel/feb-system-integration/install/eufs_rqt:/home/daniel/feb-system-integration/install/eufs_racecar:/home/daniel/feb-system-integration/install/all_settings:/opt/ros/humble /usr/bin/cmake --build /home/daniel/Projects/graffiti-drone/build/drone_msgs -- -j16 -l16
[0.492s] [35m[1mConsolidate compiler generated dependencies of target drone_msgs__rosidl_generator_c[0m
[0.493s] [  9%] Built target drone_msgs__cpp
[0.493s] [ 12%] Built target drone_msgs__rosidl_generator_c
[0.493s] [ 12%] Built target ament_cmake_python_copy_drone_msgs
[0.493s] [35m[1mConsolidate compiler generated dependencies of target drone_msgs__rosidl_typesupport_c[0m
[0.493s] [35m[1mConsolidate compiler generated dependencies of target drone_msgs__rosidl_typesupport_introspection_c[0m
[0.493s] [35m[1mConsolidate compiler generated dependencies of target drone_msgs__rosidl_typesupport_cpp[0m
[0.493s] [35m[1mConsolidate compiler generated dependencies of target drone_msgs__rosidl_typesupport_fastrtps_c[0m
[0.493s] [35m[1mConsolidate compiler generated dependencies of target drone_msgs__rosidl_typesupport_fastrtps_cpp[0m
[0.493s] [35m[1mConsolidate compiler generated dependencies of target drone_msgs__rosidl_typesupport_introspection_cpp[0m
[0.493s] [ 32%] Built target drone_msgs__rosidl_typesupport_introspection_c
[0.493s] [ 32%] Built target drone_msgs__rosidl_typesupport_cpp
[0.493s] [ 41%] Built target drone_msgs__rosidl_typesupport_fastrtps_c
[0.493s] [ 51%] Built target drone_msgs__rosidl_typesupport_c
[0.493s] [ 61%] Built target drone_msgs__rosidl_typesupport_introspection_cpp
[0.493s] [ 70%] Built target drone_msgs__rosidl_typesupport_fastrtps_cpp
[0.493s] [ 70%] Built target drone_msgs
[0.493s] [ 74%] Built target drone_msgs__py
[0.493s] [35m[1mConsolidate compiler generated dependencies of target drone_msgs__rosidl_generator_py[0m
[0.493s] [ 80%] Built target drone_msgs__rosidl_generator_py
[0.493s] [35m[1mConsolidate compiler generated dependencies of target drone_msgs__rosidl_typesupport_introspection_c__pyext[0m
[0.493s] [35m[1mConsolidate compiler generated dependencies of target drone_msgs__rosidl_typesupport_c__pyext[0m
[0.493s] [35m[1mConsolidate compiler generated dependencies of target drone_msgs__rosidl_typesupport_fastrtps_c__pyext[0m
[0.494s] [100%] Built target drone_msgs__rosidl_typesupport_c__pyext
[0.494s] [100%] Built target drone_msgs__rosidl_typesupport_fastrtps_c__pyext
[0.494s] [100%] Built target drone_msgs__rosidl_typesupport_introspection_c__pyext
[0.494s] running egg_info
[0.494s] writing drone_msgs.egg-info/PKG-INFO
[0.494s] writing dependency_links to drone_msgs.egg-info/dependency_links.txt
[0.495s] writing top-level names to drone_msgs.egg-info/top_level.txt
[0.495s] reading manifest file 'drone_msgs.egg-info/SOURCES.txt'
[0.495s] writing manifest file 'drone_msgs.egg-info/SOURCES.txt'
[0.495s] [100%] Built target ament_cmake_python_build_drone_msgs_egg
[0.757s] Invoked command in '/home/daniel/Projects/graffiti-drone/build/drone_msgs' returned '0': CMAKE_PREFIX_PATH=${CMAKE_PREFIX_PATH}:/home/daniel/Projects/graffiti-drone/install/pid_controller:/home/daniel/Projects/graffiti-drone/install/microcontroller:/home/daniel/Projects/graffiti-drone/install/localization:/home/daniel/feb-system-integration/install/mpc:/home/daniel/feb-system-integration/install/microcontroller:/home/daniel/feb-system-integration/install/local_path:/home/daniel/feb-system-integration/install/graphslam_global:/home/daniel/feb-system-integration/install/global_path:/home/daniel/feb-system-integration/install/eufs_launcher:/home/daniel/feb-system-integration/install/eufs_tracks:/home/daniel/feb-system-integration/install/eufs_rqt:/home/daniel/feb-system-integration/install/eufs_racecar:/home/daniel/feb-system-integration/install/all_settings:/opt/ros/humble /usr/bin/cmake --build /home/daniel/Projects/graffiti-drone/build/drone_msgs -- -j16 -l16
[0.837s] Invoking command in '/home/daniel/Projects/graffiti-drone/build/drone_msgs': CMAKE_PREFIX_PATH=${CMAKE_PREFIX_PATH}:/home/daniel/Projects/graffiti-drone/install/pid_controller:/home/daniel/Projects/graffiti-drone/install/microcontroller:/home/daniel/Projects/graffiti-drone/install/localization:/home/daniel/feb-system-integration/install/mpc:/home/daniel/feb-system-integration/install/microcontroller:/home/daniel/feb-system-integration/install/local_path:/home/daniel/feb-system-integration/install/graphslam_global:/home/daniel/feb-system-integration/install/global_path:/home/daniel/feb-system-integration/install/eufs_launcher:/home/daniel/feb-system-integration/install/eufs_tracks:/home/daniel/feb-system-integration/install/eufs_rqt:/home/daniel/feb-system-integration/install/eufs_racecar:/home/daniel/feb-system-integration/install/all_settings:/opt/ros/humble /usr/bin/cmake --install /home/daniel/Projects/graffiti-drone/build/drone_msgs
[0.848s] -- Install configuration: ""
[0.848s] -- Up-to-date: /home/daniel/Projects/graffiti-drone/install/drone_msgs/share/ament_index/resource_index/rosidl_interfaces/drone_msgs
[0.848s] -- Up-to-date: /home/daniel/Projects/graffiti-drone/install/drone_msgs/include/drone_msgs/drone_msgs
[0.848s] -- Up-to-date: /home/daniel/Projects/graffiti-drone/install/drone_msgs/include/drone_msgs/drone_msgs/msg
[0.848s] -- Up-to-date: /home/daniel/Projects/graffiti-drone/install/drone_msgs/include/drone_msgs/drone_msgs/msg/rosidl_generator_c__visibility_control.h
[0.848s] -- Up-to-date: /home/daniel/Projects/graffiti-drone/install/drone_msgs/include/drone_msgs/drone_msgs/msg/detail
[0.848s] -- Up-to-date: /home/daniel/Projects/graffiti-drone/install/drone_msgs/include/drone_msgs/drone_msgs/msg/detail/motor_command__functions.h
[0.848s] -- Up-to-date: /home/daniel/Projects/graffiti-drone/install/drone_msgs/include/drone_msgs/drone_msgs/msg/detail/motor_command__struct.h
[0.848s] -- Up-to-date: /home/daniel/Projects/graffiti-drone/install/drone_msgs/include/drone_msgs/drone_msgs/msg/detail/motor_command__type_support.h
[0.848s] -- Up-to-date: /home/daniel/Projects/graffiti-drone/install/drone_msgs/include/drone_msgs/drone_msgs/msg/detail/motor_command__functions.c
[0.848s] -- Up-to-date: /home/daniel/Projects/graffiti-drone/install/drone_msgs/include/drone_msgs/drone_msgs/msg/motor_command.h
[0.848s] -- Up-to-date: /home/daniel/Projects/graffiti-drone/install/drone_msgs/share/drone_msgs/environment/library_path.sh
[0.848s] -- Up-to-date: /home/daniel/Projects/graffiti-drone/install/drone_msgs/share/drone_msgs/environment/library_path.dsv
[0.848s] -- Up-to-date: /home/daniel/Projects/graffiti-drone/install/drone_msgs/lib/libdrone_msgs__rosidl_generator_c.so
[0.848s] -- Up-to-date: /home/daniel/Projects/graffiti-drone/install/drone_msgs/include/drone_msgs/drone_msgs
[0.848s] -- Up-to-date: /home/daniel/Projects/graffiti-drone/install/drone_msgs/include/drone_msgs/drone_msgs/msg
[0.848s] -- Up-to-date: /home/daniel/Projects/graffiti-drone/install/drone_msgs/include/drone_msgs/drone_msgs/msg/detail
[0.849s] -- Up-to-date: /home/daniel/Projects/graffiti-drone/install/drone_msgs/include/drone_msgs/drone_msgs/msg/detail/motor_command__rosidl_typesupport_fastrtps_c.h
[0.849s] -- Up-to-date: /home/daniel/Projects/graffiti-drone/install/drone_msgs/include/drone_msgs/drone_msgs/msg/rosidl_typesupport_fastrtps_c__visibility_control.h
[0.849s] -- Up-to-date: /home/daniel/Projects/graffiti-drone/install/drone_msgs/lib/libdrone_msgs__rosidl_typesupport_fastrtps_c.so
[0.849s] -- Up-to-date: /home/daniel/Projects/graffiti-drone/install/drone_msgs/include/drone_msgs/drone_msgs
[0.849s] -- Up-to-date: /home/daniel/Projects/graffiti-drone/install/drone_msgs/include/drone_msgs/drone_msgs/msg
[0.849s] -- Up-to-date: /home/daniel/Projects/graffiti-drone/install/drone_msgs/include/drone_msgs/drone_msgs/msg/motor_command.hpp
[0.849s] -- Up-to-date: /home/daniel/Projects/graffiti-drone/install/drone_msgs/include/drone_msgs/drone_msgs/msg/detail
[0.849s] -- Up-to-date: /home/daniel/Projects/graffiti-drone/install/drone_msgs/include/drone_msgs/drone_msgs/msg/detail/motor_command__struct.hpp
[0.849s] -- Up-to-date: /home/daniel/Projects/graffiti-drone/install/drone_msgs/include/drone_msgs/drone_msgs/msg/detail/motor_command__builder.hpp
[0.849s] -- Up-to-date: /home/daniel/Projects/graffiti-drone/install/drone_msgs/include/drone_msgs/drone_msgs/msg/detail/motor_command__traits.hpp
[0.849s] -- Up-to-date: /home/daniel/Projects/graffiti-drone/install/drone_msgs/include/drone_msgs/drone_msgs
[0.849s] -- Up-to-date: /home/daniel/Projects/graffiti-drone/install/drone_msgs/include/drone_msgs/drone_msgs/msg
[0.849s] -- Up-to-date: /home/daniel/Projects/graffiti-drone/install/drone_msgs/include/drone_msgs/drone_msgs/msg/detail
[0.849s] -- Up-to-date: /home/daniel/Projects/graffiti-drone/install/drone_msgs/include/drone_msgs/drone_msgs/msg/detail/dds_fastrtps
[0.849s] -- Up-to-date: /home/daniel/Projects/graffiti-drone/install/drone_msgs/include/drone_msgs/drone_msgs/msg/detail/motor_command__rosidl_typesupport_fastrtps_cpp.hpp
[0.849s] -- Up-to-date: /home/daniel/Projects/graffiti-drone/install/drone_msgs/include/drone_msgs/drone_msgs/msg/rosidl_typesupport_fastrtps_cpp__visibility_control.h
[0.849s] -- Up-to-date: /home/daniel/Projects/graffiti-drone/install/drone_msgs/lib/libdrone_msgs__rosidl_typesupport_fastrtps_cpp.so
[0.849s] -- Up-to-date: /home/daniel/Projects/graffiti-drone/install/drone_msgs/include/drone_msgs/drone_msgs
[0.849s] -- Up-to-date: /home/daniel/Projects/graffiti-drone/install/drone_msgs/include/drone_msgs/drone_msgs/msg
[0.849s] -- Up-to-date: /home/daniel/Projects/graffiti-drone/install/drone_msgs/include/drone_msgs/drone_msgs/msg/rosidl_typesupport_introspection_c__visibility_control.h
[0.849s] -- Up-to-date: /home/daniel/Projects/graffiti-drone/install/drone_msgs/include/drone_msgs/drone_msgs/msg/detail
[0.849s] -- Up-to-date: /home/daniel/Projects/graffiti-drone/install/drone_msgs/include/drone_msgs/drone_msgs/msg/detail/motor_command__type_support.c
[0.849s] -- Up-to-date: /home/daniel/Projects/graffiti-drone/install/drone_msgs/include/drone_msgs/drone_msgs/msg/detail/motor_command__rosidl_typesupport_introspection_c.h
[0.849s] -- Up-to-date: /home/daniel/Projects/graffiti-drone/install/drone_msgs/lib/libdrone_msgs__rosidl_typesupport_introspection_c.so
[0.850s] -- Up-to-date: /home/daniel/Projects/graffiti-drone/install/drone_msgs/lib/libdrone_msgs__rosidl_typesupport_c.so
[0.850s] -- Up-to-date: /home/daniel/Projects/graffiti-drone/install/drone_msgs/include/drone_msgs/drone_msgs
[0.850s] -- Up-to-date: /home/daniel/Projects/graffiti-drone/install/drone_msgs/include/drone_msgs/drone_msgs/msg
[0.850s] -- Up-to-date: /home/daniel/Projects/graffiti-drone/install/drone_msgs/include/drone_msgs/drone_msgs/msg/detail
[0.850s] -- Up-to-date: /home/daniel/Projects/graffiti-drone/install/drone_msgs/include/drone_msgs/drone_msgs/msg/detail/motor_command__type_support.cpp
[0.850s] -- Up-to-date: /home/daniel/Projects/graffiti-drone/install/drone_msgs/include/drone_msgs/drone_msgs/msg/detail/motor_command__rosidl_typesupport_introspection_cpp.hpp
[0.850s] -- Up-to-date: /home/daniel/Projects/graffiti-drone/install/drone_msgs/lib/libdrone_msgs__rosidl_typesupport_introspection_cpp.so
[0.850s] -- Up-to-date: /home/daniel/Projects/graffiti-drone/install/drone_msgs/lib/libdrone_msgs__rosidl_typesupport_cpp.so
[0.851s] -- Up-to-date: /home/daniel/Projects/graffiti-drone/install/drone_msgs/share/drone_msgs/environment/pythonpath.sh
[0.851s] -- Up-to-date: /home/daniel/Projects/graffiti-drone/install/drone_msgs/share/drone_msgs/environment/pythonpath.dsv
[0.851s] -- Up-to-date: /home/daniel/Projects/graffiti-drone/install/drone_msgs/local/lib/python3.10/dist-packages/drone_msgs-0.0.0-py3.10.egg-info
[0.851s] -- Installing: /home/daniel/Projects/graffiti-drone/install/drone_msgs/local/lib/python3.10/dist-packages/drone_msgs-0.0.0-py3.10.egg-info/dependency_links.txt
[0.851s] -- Installing: /home/daniel/Projects/graffiti-drone/install/drone_msgs/local/lib/python3.10/dist-packages/drone_msgs-0.0.0-py3.10.egg-info/SOURCES.txt
[0.851s] -- Installing: /home/daniel/Projects/graffiti-drone/install/drone_msgs/local/lib/python3.10/dist-packages/drone_msgs-0.0.0-py3.10.egg-info/PKG-INFO
[0.851s] -- Installing: /home/daniel/Projects/graffiti-drone/install/drone_msgs/local/lib/python3.10/dist-packages/drone_msgs-0.0.0-py3.10.egg-info/top_level.txt
[0.851s] -- Up-to-date: /home/daniel/Projects/graffiti-drone/install/drone_msgs/local/lib/python3.10/dist-packages/drone_msgs
[0.852s] -- Up-to-date: /home/daniel/Projects/graffiti-drone/install/drone_msgs/local/lib/python3.10/dist-packages/drone_msgs/_drone_msgs_s.ep.rosidl_typesupport_fastrtps_c.c
[0.852s] -- Up-to-date: /home/daniel/Projects/graffiti-drone/install/drone_msgs/local/lib/python3.10/dist-packages/drone_msgs/libdrone_msgs__rosidl_generator_py.so
[0.852s] -- Up-to-date: /home/daniel/Projects/graffiti-drone/install/drone_msgs/local/lib/python3.10/dist-packages/drone_msgs/drone_msgs_s__rosidl_typesupport_c.cpython-310-x86_64-linux-gnu.so
[0.852s] -- Up-to-date: /home/daniel/Projects/graffiti-drone/install/drone_msgs/local/lib/python3.10/dist-packages/drone_msgs/__init__.py
[0.852s] -- Up-to-date: /home/daniel/Projects/graffiti-drone/install/drone_msgs/local/lib/python3.10/dist-packages/drone_msgs/_drone_msgs_s.ep.rosidl_typesupport_c.c
[0.852s] -- Up-to-date: /home/daniel/Projects/graffiti-drone/install/drone_msgs/local/lib/python3.10/dist-packages/drone_msgs/msg
[0.852s] -- Up-to-date: /home/daniel/Projects/graffiti-drone/install/drone_msgs/local/lib/python3.10/dist-packages/drone_msgs/msg/_motor_command.py
[0.852s] -- Up-to-date: /home/daniel/Projects/graffiti-drone/install/drone_msgs/local/lib/python3.10/dist-packages/drone_msgs/msg/__init__.py
[0.852s] -- Up-to-date: /home/daniel/Projects/graffiti-drone/install/drone_msgs/local/lib/python3.10/dist-packages/drone_msgs/msg/_motor_command_s.c
[0.852s] -- Up-to-date: /home/daniel/Projects/graffiti-drone/install/drone_msgs/local/lib/python3.10/dist-packages/drone_msgs/drone_msgs_s__rosidl_typesupport_fastrtps_c.cpython-310-x86_64-linux-gnu.so
[0.852s] -- Up-to-date: /home/daniel/Projects/graffiti-drone/install/drone_msgs/local/lib/python3.10/dist-packages/drone_msgs/_drone_msgs_s.ep.rosidl_typesupport_introspection_c.c
[0.852s] -- Up-to-date: /home/daniel/Projects/graffiti-drone/install/drone_msgs/local/lib/python3.10/dist-packages/drone_msgs/drone_msgs_s__rosidl_typesupport_introspection_c.cpython-310-x86_64-linux-gnu.so
[0.885s] Listing '/home/daniel/Projects/graffiti-drone/install/drone_msgs/local/lib/python3.10/dist-packages/drone_msgs'...
[0.885s] Listing '/home/daniel/Projects/graffiti-drone/install/drone_msgs/local/lib/python3.10/dist-packages/drone_msgs/msg'...
[0.892s] -- Up-to-date: /home/daniel/Projects/graffiti-drone/install/drone_msgs/local/lib/python3.10/dist-packages/drone_msgs/drone_msgs_s__rosidl_typesupport_fastrtps_c.cpython-310-x86_64-linux-gnu.so
[0.893s] -- Up-to-date: /home/daniel/Projects/graffiti-drone/install/drone_msgs/local/lib/python3.10/dist-packages/drone_msgs/drone_msgs_s__rosidl_typesupport_introspection_c.cpython-310-x86_64-linux-gnu.so
[0.893s] -- Up-to-date: /home/daniel/Projects/graffiti-drone/install/drone_msgs/local/lib/python3.10/dist-packages/drone_msgs/drone_msgs_s__rosidl_typesupport_c.cpython-310-x86_64-linux-gnu.so
[0.893s] -- Up-to-date: /home/daniel/Projects/graffiti-drone/install/drone_msgs/lib/libdrone_msgs__rosidl_generator_py.so
[0.893s] -- Up-to-date: /home/daniel/Projects/graffiti-drone/install/drone_msgs/share/drone_msgs/msg/MotorCommand.idl
[0.894s] -- Up-to-date: /home/daniel/Projects/graffiti-drone/install/drone_msgs/share/drone_msgs/msg/MotorCommand.msg
[0.894s] -- Up-to-date: /home/daniel/Projects/graffiti-drone/install/drone_msgs/share/ament_index/resource_index/package_run_dependencies/drone_msgs
[0.894s] -- Up-to-date: /home/daniel/Projects/graffiti-drone/install/drone_msgs/share/ament_index/resource_index/parent_prefix_path/drone_msgs
[0.894s] -- Up-to-date: /home/daniel/Projects/graffiti-drone/install/drone_msgs/share/drone_msgs/environment/ament_prefix_path.sh
[0.894s] -- Up-to-date: /home/daniel/Projects/graffiti-drone/install/drone_msgs/share/drone_msgs/environment/ament_prefix_path.dsv
[0.894s] -- Up-to-date: /home/daniel/Projects/graffiti-drone/install/drone_msgs/share/drone_msgs/environment/path.sh
[0.894s] -- Up-to-date: /home/daniel/Projects/graffiti-drone/install/drone_msgs/share/drone_msgs/environment/path.dsv
[0.894s] -- Up-to-date: /home/daniel/Projects/graffiti-drone/install/drone_msgs/share/drone_msgs/local_setup.bash
[0.894s] -- Up-to-date: /home/daniel/Projects/graffiti-drone/install/drone_msgs/share/drone_msgs/local_setup.sh
[0.894s] -- Up-to-date: /home/daniel/Projects/graffiti-drone/install/drone_msgs/share/drone_msgs/local_setup.zsh
[0.894s] -- Up-to-date: /home/daniel/Projects/graffiti-drone/install/drone_msgs/share/drone_msgs/local_setup.dsv
[0.894s] -- Installing: /home/daniel/Projects/graffiti-drone/install/drone_msgs/share/drone_msgs/package.dsv
[0.895s] -- Up-to-date: /home/daniel/Projects/graffiti-drone/install/drone_msgs/share/ament_index/resource_index/packages/drone_msgs
[0.895s] -- Up-to-date: /home/daniel/Projects/graffiti-drone/install/drone_msgs/share/drone_msgs/cmake/export_drone_msgs__rosidl_generator_cExport.cmake
[0.895s] -- Up-to-date: /home/daniel/Projects/graffiti-drone/install/drone_msgs/share/drone_msgs/cmake/export_drone_msgs__rosidl_generator_cExport-noconfig.cmake
[0.895s] -- Up-to-date: /home/daniel/Projects/graffiti-drone/install/drone_msgs/share/drone_msgs/cmake/export_drone_msgs__rosidl_typesupport_fastrtps_cExport.cmake
[0.895s] -- Up-to-date: /home/daniel/Projects/graffiti-drone/install/drone_msgs/share/drone_msgs/cmake/export_drone_msgs__rosidl_typesupport_fastrtps_cExport-noconfig.cmake
[0.895s] -- Up-to-date: /home/daniel/Projects/graffiti-drone/install/drone_msgs/share/drone_msgs/cmake/export_drone_msgs__rosidl_generator_cppExport.cmake
[0.895s] -- Up-to-date: /home/daniel/Projects/graffiti-drone/install/drone_msgs/share/drone_msgs/cmake/export_drone_msgs__rosidl_typesupport_fastrtps_cppExport.cmake
[0.895s] -- Up-to-date: /home/daniel/Projects/graffiti-drone/install/drone_msgs/share/drone_msgs/cmake/export_drone_msgs__rosidl_typesupport_fastrtps_cppExport-noconfig.cmake
[0.895s] -- Up-to-date: /home/daniel/Projects/graffiti-drone/install/drone_msgs/share/drone_msgs/cmake/drone_msgs__rosidl_typesupport_introspection_cExport.cmake
[0.895s] -- Up-to-date: /home/daniel/Projects/graffiti-drone/install/drone_msgs/share/drone_msgs/cmake/drone_msgs__rosidl_typesupport_introspection_cExport-noconfig.cmake
[0.895s] -- Up-to-date: /home/daniel/Projects/graffiti-drone/install/drone_msgs/share/drone_msgs/cmake/drone_msgs__rosidl_typesupport_cExport.cmake
[0.895s] -- Up-to-date: /home/daniel/Projects/graffiti-drone/install/drone_msgs/share/drone_msgs/cmake/drone_msgs__rosidl_typesupport_cExport-noconfig.cmake
[0.896s] -- Up-to-date: /home/daniel/Projects/graffiti-drone/install/drone_msgs/share/drone_msgs/cmake/drone_msgs__rosidl_typesupport_introspection_cppExport.cmake
[0.896s] -- Up-to-date: /home/daniel/Projects/graffiti-drone/install/drone_msgs/share/drone_msgs/cmake/drone_msgs__rosidl_typesupport_introspection_cppExport-noconfig.cmake
[0.896s] -- Up-to-date: /home/daniel/Projects/graffiti-drone/install/drone_msgs/share/drone_msgs/cmake/drone_msgs__rosidl_typesupport_cppExport.cmake
[0.896s] -- Up-to-date: /home/daniel/Projects/graffiti-drone/install/drone_msgs/share/drone_msgs/cmake/drone_msgs__rosidl_typesupport_cppExport-noconfig.cmake
[0.896s] -- Up-to-date: /home/daniel/Projects/graffiti-drone/install/drone_msgs/share/drone_msgs/cmake/export_drone_msgs__rosidl_generator_pyExport.cmake
[0.896s] -- Up-to-date: /home/daniel/Projects/graffiti-drone/install/drone_msgs/share/drone_msgs/cmake/export_drone_msgs__rosidl_generator_pyExport-noconfig.cmake
[0.896s] -- Up-to-date: /home/daniel/Projects/graffiti-drone/install/drone_msgs/share/drone_msgs/cmake/rosidl_cmake-extras.cmake
[0.896s] -- Up-to-date: /home/daniel/Projects/graffiti-drone/install/drone_msgs/share/drone_msgs/cmake/ament_cmake_export_dependencies-extras.cmake
[0.896s] -- Up-to-date: /home/daniel/Projects/graffiti-drone/install/drone_msgs/share/drone_msgs/cmake/ament_cmake_export_include_directories-extras.cmake
[0.896s] -- Up-to-date: /home/daniel/Projects/graffiti-drone/install/drone_msgs/share/drone_msgs/cmake/ament_cmake_export_libraries-extras.cmake
[0.896s] -- Up-to-date: /home/daniel/Projects/graffiti-drone/install/drone_msgs/share/drone_msgs/cmake/ament_cmake_export_targets-extras.cmake
[0.896s] -- Up-to-date: /home/daniel/Projects/graffiti-drone/install/drone_msgs/share/drone_msgs/cmake/rosidl_cmake_export_typesupport_targets-extras.cmake
[0.896s] -- Up-to-date: /home/daniel/Projects/graffiti-drone/install/drone_msgs/share/drone_msgs/cmake/rosidl_cmake_export_typesupport_libraries-extras.cmake
[0.896s] -- Up-to-date: /home/daniel/Projects/graffiti-drone/install/drone_msgs/share/drone_msgs/cmake/drone_msgsConfig.cmake
[0.896s] -- Up-to-date: /home/daniel/Projects/graffiti-drone/install/drone_msgs/share/drone_msgs/cmake/drone_msgsConfig-version.cmake
[0.896s] -- Up-to-date: /home/daniel/Projects/graffiti-drone/install/drone_msgs/share/drone_msgs/package.xml
[0.899s] Invoked command in '/home/daniel/Projects/graffiti-drone/build/drone_msgs' returned '0': CMAKE_PREFIX_PATH=${CMAKE_PREFIX_PATH}:/home/daniel/Projects/graffiti-drone/install/pid_controller:/home/daniel/Projects/graffiti-drone/install/microcontroller:/home/daniel/Projects/graffiti-drone/install/localization:/home/daniel/feb-system-integration/install/mpc:/home/daniel/feb-system-integration/install/microcontroller:/home/daniel/feb-system-integration/install/local_path:/home/daniel/feb-system-integration/install/graphslam_global:/home/daniel/feb-system-integration/install/global_path:/home/daniel/feb-system-integration/install/eufs_launcher:/home/daniel/feb-system-integration/install/eufs_tracks:/home/daniel/feb-system-integration/install/eufs_rqt:/home/daniel/feb-system-integration/install/eufs_racecar:/home/daniel/feb-system-integration/install/all_settings:/opt/ros/humble /usr/bin/cmake --install /home/daniel/Projects/graffiti-drone/build/drone_msgs
