[1.319s] Invoking command in '/home/daniel/Projects/graffiti-drone/localization': PYTHONPATH=/home/daniel/Projects/graffiti-drone/build/localization/prefix_override:/usr/lib/python3/dist-packages/colcon_core/task/python/colcon_distutils_commands:/home/daniel/Projects/graffiti-drone/install/localization/lib/python3.10/site-packages:${PYTHONPATH} /usr/bin/python3 -W ignore:setup.py install is deprecated setup.py egg_info --egg-base ../build/localization build --build-base /home/daniel/Projects/graffiti-drone/build/localization/build install --record /home/daniel/Projects/graffiti-drone/build/localization/install.log --single-version-externally-managed install_data
[1.538s] running egg_info
[1.539s] writing ../build/localization/localization.egg-info/PKG-INFO
[1.539s] writing dependency_links to ../build/localization/localization.egg-info/dependency_links.txt
[1.539s] writing entry points to ../build/localization/localization.egg-info/entry_points.txt
[1.539s] writing requirements to ../build/localization/localization.egg-info/requires.txt
[1.539s] writing top-level names to ../build/localization/localization.egg-info/top_level.txt
[1.540s] reading manifest file '../build/localization/localization.egg-info/SOURCES.txt'
[1.541s] writing manifest file '../build/localization/localization.egg-info/SOURCES.txt'
[1.541s] running build
[1.541s] running build_py
[1.541s] running install
[1.541s] running install_lib
[1.542s] running install_data
[1.542s] running install_egg_info
[1.543s] removing '/home/daniel/Projects/graffiti-drone/install/localization/lib/python3.10/site-packages/localization-0.0.0-py3.10.egg-info' (and everything under it)
[1.544s] Copying ../build/localization/localization.egg-info to /home/daniel/Projects/graffiti-drone/install/localization/lib/python3.10/site-packages/localization-0.0.0-py3.10.egg-info
[1.544s] running install_scripts
[1.559s] writing list of installed files to '/home/daniel/Projects/graffiti-drone/build/localization/install.log'
[1.616s] Invoked command in '/home/daniel/Projects/graffiti-drone/localization' returned '0': PYTHONPATH=/home/daniel/Projects/graffiti-drone/build/localization/prefix_override:/usr/lib/python3/dist-packages/colcon_core/task/python/colcon_distutils_commands:/home/daniel/Projects/graffiti-drone/install/localization/lib/python3.10/site-packages:${PYTHONPATH} /usr/bin/python3 -W ignore:setup.py install is deprecated setup.py egg_info --egg-base ../build/localization build --build-base /home/daniel/Projects/graffiti-drone/build/localization/build install --record /home/daniel/Projects/graffiti-drone/build/localization/install.log --single-version-externally-managed install_data
