running egg_info
creating ../build/localization/localization.egg-info
writing ../build/localization/localization.egg-info/PKG-INFO
writing dependency_links to ../build/localization/localization.egg-info/dependency_links.txt
writing entry points to ../build/localization/localization.egg-info/entry_points.txt
writing requirements to ../build/localization/localization.egg-info/requires.txt
writing top-level names to ../build/localization/localization.egg-info/top_level.txt
writing manifest file '../build/localization/localization.egg-info/SOURCES.txt'
reading manifest file '../build/localization/localization.egg-info/SOURCES.txt'
writing manifest file '../build/localization/localization.egg-info/SOURCES.txt'
running build
running build_py
creating /home/daniel/Projects/graffiti-drone/build/localization/build
creating /home/daniel/Projects/graffiti-drone/build/localization/build/lib
creating /home/daniel/Projects/graffiti-drone/build/localization/build/lib/localization
copying localization/__init__.py -> /home/daniel/Projects/graffiti-drone/build/localization/build/lib/localization
copying localization/main.py -> /home/daniel/Projects/graffiti-drone/build/localization/build/lib/localization
running install
running install_lib
creating /home/daniel/Projects/graffiti-drone/install/localization/lib/python3.10/site-packages/localization
copying /home/daniel/Projects/graffiti-drone/build/localization/build/lib/localization/__init__.py -> /home/daniel/Projects/graffiti-drone/install/localization/lib/python3.10/site-packages/localization
copying /home/daniel/Projects/graffiti-drone/build/localization/build/lib/localization/main.py -> /home/daniel/Projects/graffiti-drone/install/localization/lib/python3.10/site-packages/localization
byte-compiling /home/daniel/Projects/graffiti-drone/install/localization/lib/python3.10/site-packages/localization/__init__.py to __init__.cpython-310.pyc
byte-compiling /home/daniel/Projects/graffiti-drone/install/localization/lib/python3.10/site-packages/localization/main.py to main.cpython-310.pyc
running install_data
creating /home/daniel/Projects/graffiti-drone/install/localization/share/ament_index
creating /home/daniel/Projects/graffiti-drone/install/localization/share/ament_index/resource_index
creating /home/daniel/Projects/graffiti-drone/install/localization/share/ament_index/resource_index/packages
copying resource/localization -> /home/daniel/Projects/graffiti-drone/install/localization/share/ament_index/resource_index/packages
copying package.xml -> /home/daniel/Projects/graffiti-drone/install/localization/share/localization
running install_egg_info
Copying ../build/localization/localization.egg-info to /home/daniel/Projects/graffiti-drone/install/localization/lib/python3.10/site-packages/localization-0.0.0-py3.10.egg-info
running install_scripts
writing list of installed files to '/home/daniel/Projects/graffiti-drone/build/localization/install.log'
