[1.010s] Invoking command in '/home/daniel/Projects/graffiti-drone/localization': PYTHONPATH=/home/daniel/Projects/graffiti-drone/build/localization/prefix_override:/usr/lib/python3/dist-packages/colcon_core/task/python/colcon_distutils_commands:/home/daniel/Projects/graffiti-drone/install/localization/lib/python3.10/site-packages:${PYTHONPATH} /usr/bin/python3 -W ignore:setup.py install is deprecated setup.py egg_info --egg-base ../build/localization build --build-base /home/daniel/Projects/graffiti-drone/build/localization/build install --record /home/daniel/Projects/graffiti-drone/build/localization/install.log --single-version-externally-managed install_data
[1.204s] running egg_info
[1.204s] creating ../build/localization/localization.egg-info
[1.204s] writing ../build/localization/localization.egg-info/PKG-INFO
[1.205s] writing dependency_links to ../build/localization/localization.egg-info/dependency_links.txt
[1.205s] writing entry points to ../build/localization/localization.egg-info/entry_points.txt
[1.205s] writing requirements to ../build/localization/localization.egg-info/requires.txt
[1.205s] writing top-level names to ../build/localization/localization.egg-info/top_level.txt
[1.205s] writing manifest file '../build/localization/localization.egg-info/SOURCES.txt'
[1.206s] reading manifest file '../build/localization/localization.egg-info/SOURCES.txt'
[1.207s] writing manifest file '../build/localization/localization.egg-info/SOURCES.txt'
[1.207s] running build
[1.207s] running build_py
[1.207s] creating /home/daniel/Projects/graffiti-drone/build/localization/build
[1.207s] creating /home/daniel/Projects/graffiti-drone/build/localization/build/lib
[1.207s] creating /home/daniel/Projects/graffiti-drone/build/localization/build/lib/localization
[1.207s] copying localization/__init__.py -> /home/daniel/Projects/graffiti-drone/build/localization/build/lib/localization
[1.207s] copying localization/main.py -> /home/daniel/Projects/graffiti-drone/build/localization/build/lib/localization
[1.207s] running install
[1.207s] running install_lib
[1.208s] creating /home/daniel/Projects/graffiti-drone/install/localization/lib/python3.10/site-packages/localization
[1.208s] copying /home/daniel/Projects/graffiti-drone/build/localization/build/lib/localization/__init__.py -> /home/daniel/Projects/graffiti-drone/install/localization/lib/python3.10/site-packages/localization
[1.208s] copying /home/daniel/Projects/graffiti-drone/build/localization/build/lib/localization/main.py -> /home/daniel/Projects/graffiti-drone/install/localization/lib/python3.10/site-packages/localization
[1.208s] byte-compiling /home/daniel/Projects/graffiti-drone/install/localization/lib/python3.10/site-packages/localization/__init__.py to __init__.cpython-310.pyc
[1.209s] byte-compiling /home/daniel/Projects/graffiti-drone/install/localization/lib/python3.10/site-packages/localization/main.py to main.cpython-310.pyc
[1.209s] running install_data
[1.209s] creating /home/daniel/Projects/graffiti-drone/install/localization/share/ament_index
[1.209s] creating /home/daniel/Projects/graffiti-drone/install/localization/share/ament_index/resource_index
[1.209s] creating /home/daniel/Projects/graffiti-drone/install/localization/share/ament_index/resource_index/packages
[1.209s] copying resource/localization -> /home/daniel/Projects/graffiti-drone/install/localization/share/ament_index/resource_index/packages
[1.209s] copying package.xml -> /home/daniel/Projects/graffiti-drone/install/localization/share/localization
[1.210s] running install_egg_info
[1.211s] Copying ../build/localization/localization.egg-info to /home/daniel/Projects/graffiti-drone/install/localization/lib/python3.10/site-packages/localization-0.0.0-py3.10.egg-info
[1.211s] running install_scripts
[1.231s] writing list of installed files to '/home/daniel/Projects/graffiti-drone/build/localization/install.log'
[1.318s] Invoked command in '/home/daniel/Projects/graffiti-drone/localization' returned '0': PYTHONPATH=/home/daniel/Projects/graffiti-drone/build/localization/prefix_override:/usr/lib/python3/dist-packages/colcon_core/task/python/colcon_distutils_commands:/home/daniel/Projects/graffiti-drone/install/localization/lib/python3.10/site-packages:${PYTHONPATH} /usr/bin/python3 -W ignore:setup.py install is deprecated setup.py egg_info --egg-base ../build/localization build --build-base /home/daniel/Projects/graffiti-drone/build/localization/build install --record /home/daniel/Projects/graffiti-drone/build/localization/install.log --single-version-externally-managed install_data
