running egg_info
writing ../build/microcontroller/microcontroller.egg-info/PKG-INFO
writing dependency_links to ../build/microcontroller/microcontroller.egg-info/dependency_links.txt
writing entry points to ../build/microcontroller/microcontroller.egg-info/entry_points.txt
writing requirements to ../build/microcontroller/microcontroller.egg-info/requires.txt
writing top-level names to ../build/microcontroller/microcontroller.egg-info/top_level.txt
reading manifest file '../build/microcontroller/microcontroller.egg-info/SOURCES.txt'
writing manifest file '../build/microcontroller/microcontroller.egg-info/SOURCES.txt'
running build
running build_py
copying microcontroller/main.py -> /home/daniel/Projects/graffiti-drone/build/microcontroller/build/lib/microcontroller
running install
running install_lib
copying /home/daniel/Projects/graffiti-drone/build/microcontroller/build/lib/microcontroller/main.py -> /home/daniel/Projects/graffiti-drone/install/microcontroller/lib/python3.10/site-packages/microcontroller
byte-compiling /home/daniel/Projects/graffiti-drone/install/microcontroller/lib/python3.10/site-packages/microcontroller/main.py to main.cpython-310.pyc
running install_data
running install_egg_info
removing '/home/daniel/Projects/graffiti-drone/install/microcontroller/lib/python3.10/site-packages/microcontroller-0.0.0-py3.10.egg-info' (and everything under it)
Copying ../build/microcontroller/microcontroller.egg-info to /home/daniel/Projects/graffiti-drone/install/microcontroller/lib/python3.10/site-packages/microcontroller-0.0.0-py3.10.egg-info
running install_scripts
writing list of installed files to '/home/daniel/Projects/graffiti-drone/build/microcontroller/install.log'
