[1.305s] Invoking command in '/home/daniel/Projects/graffiti-drone/microcontroller': PYTHONPATH=/home/daniel/Projects/graffiti-drone/build/microcontroller/prefix_override:/usr/lib/python3/dist-packages/colcon_core/task/python/colcon_distutils_commands:/home/daniel/Projects/graffiti-drone/install/microcontroller/lib/python3.10/site-packages:${PYTHONPATH} /usr/bin/python3 -W ignore:setup.py install is deprecated setup.py egg_info --egg-base ../build/microcontroller build --build-base /home/daniel/Projects/graffiti-drone/build/microcontroller/build install --record /home/daniel/Projects/graffiti-drone/build/microcontroller/install.log --single-version-externally-managed install_data
[1.530s] running egg_info
[1.530s] writing ../build/microcontroller/microcontroller.egg-info/PKG-INFO
[1.530s] writing dependency_links to ../build/microcontroller/microcontroller.egg-info/dependency_links.txt
[1.530s] writing entry points to ../build/microcontroller/microcontroller.egg-info/entry_points.txt
[1.530s] writing requirements to ../build/microcontroller/microcontroller.egg-info/requires.txt
[1.531s] writing top-level names to ../build/microcontroller/microcontroller.egg-info/top_level.txt
[1.531s] reading manifest file '../build/microcontroller/microcontroller.egg-info/SOURCES.txt'
[1.532s] writing manifest file '../build/microcontroller/microcontroller.egg-info/SOURCES.txt'
[1.532s] running build
[1.532s] running build_py
[1.532s] copying microcontroller/main.py -> /home/daniel/Projects/graffiti-drone/build/microcontroller/build/lib/microcontroller
[1.532s] running install
[1.533s] running install_lib
[1.533s] copying /home/daniel/Projects/graffiti-drone/build/microcontroller/build/lib/microcontroller/main.py -> /home/daniel/Projects/graffiti-drone/install/microcontroller/lib/python3.10/site-packages/microcontroller
[1.533s] byte-compiling /home/daniel/Projects/graffiti-drone/install/microcontroller/lib/python3.10/site-packages/microcontroller/main.py to main.cpython-310.pyc
[1.534s] running install_data
[1.534s] running install_egg_info
[1.535s] removing '/home/daniel/Projects/graffiti-drone/install/microcontroller/lib/python3.10/site-packages/microcontroller-0.0.0-py3.10.egg-info' (and everything under it)
[1.536s] Copying ../build/microcontroller/microcontroller.egg-info to /home/daniel/Projects/graffiti-drone/install/microcontroller/lib/python3.10/site-packages/microcontroller-0.0.0-py3.10.egg-info
[1.536s] running install_scripts
[1.551s] writing list of installed files to '/home/daniel/Projects/graffiti-drone/build/microcontroller/install.log'
[1.600s] Invoked command in '/home/daniel/Projects/graffiti-drone/microcontroller' returned '0': PYTHONPATH=/home/daniel/Projects/graffiti-drone/build/microcontroller/prefix_override:/usr/lib/python3/dist-packages/colcon_core/task/python/colcon_distutils_commands:/home/daniel/Projects/graffiti-drone/install/microcontroller/lib/python3.10/site-packages:${PYTHONPATH} /usr/bin/python3 -W ignore:setup.py install is deprecated setup.py egg_info --egg-base ../build/microcontroller build --build-base /home/daniel/Projects/graffiti-drone/build/microcontroller/build install --record /home/daniel/Projects/graffiti-drone/build/microcontroller/install.log --single-version-externally-managed install_data
