[0.019s] Invoking command in '/home/daniel/Projects/graffiti-drone/build/drone_msgs': CMAKE_PREFIX_PATH=${CMAKE_PREFIX_PATH}:/home/daniel/feb-system-integration/install/mpc:/home/daniel/feb-system-integration/install/microcontroller:/home/daniel/feb-system-integration/install/local_path:/home/daniel/feb-system-integration/install/graphslam_global:/home/daniel/feb-system-integration/install/global_path:/home/daniel/feb-system-integration/install/eufs_launcher:/home/daniel/feb-system-integration/install/eufs_tracks:/home/daniel/feb-system-integration/install/eufs_rqt:/home/daniel/feb-system-integration/install/eufs_racecar:/home/daniel/feb-system-integration/install/all_settings:/opt/ros/humble /usr/bin/cmake /home/daniel/Projects/graffiti-drone/drone_msgs -DCMAKE_INSTALL_PREFIX=/home/daniel/Projects/graffiti-drone/install/drone_msgs
[0.460s] -- The C compiler identification is GNU 11.4.0
[0.460s] -- The CXX compiler identification is GNU 11.4.0
[0.460s] -- Detecting C compiler ABI info
[0.460s] -- Detecting C compiler ABI info - done
[0.460s] -- Check for working C compiler: /usr/bin/cc - skipped
[0.460s] -- Detecting C compile features
[0.460s] -- Detecting C compile features - done
[0.460s] -- Detecting CXX compiler ABI info
[0.460s] -- Detecting CXX compiler ABI info - done
[0.460s] -- Check for working CXX compiler: /usr/bin/c++ - skipped
[0.460s] -- Detecting CXX compile features
[0.460s] -- Detecting CXX compile features - done
[0.460s] -- Found ament_cmake: 1.3.10 (/opt/ros/humble/share/ament_cmake/cmake)
[0.503s] -- Found Python3: /usr/bin/python3 (found version "3.10.12") found components: Interpreter 
[0.592s] -- Found builtin_interfaces: 1.2.1 (/opt/ros/humble/share/builtin_interfaces/cmake)
[0.630s] -- Found rosidl_generator_c: 3.1.5 (/opt/ros/humble/share/rosidl_generator_c/cmake)
[0.636s] -- Found rosidl_adapter: 3.1.5 (/opt/ros/humble/share/rosidl_adapter/cmake)
[0.646s] -- Found rosidl_generator_cpp: 3.1.5 (/opt/ros/humble/share/rosidl_generator_cpp/cmake)
[0.659s] -- Using all available rosidl_typesupport_c: rosidl_typesupport_fastrtps_c;rosidl_typesupport_introspection_c
[0.675s] -- Using all available rosidl_typesupport_cpp: rosidl_typesupport_fastrtps_cpp;rosidl_typesupport_introspection_cpp
[0.690s] -- Found rosidl_default_generators: 1.2.0 (/opt/ros/humble/share/rosidl_default_generators/cmake)
[0.698s] [31mCMake Error at /opt/ros/humble/share/rosidl_cmake/cmake/rosidl_generate_interfaces.cmake:93 (message):
[0.698s]   rosidl_generate_interfaces() the passed file 'msg/DroneCommand.msg' doesn't
[0.698s]   exist relative to the CMAKE_CURRENT_SOURCE_DIR
[0.698s]   '/home/daniel/Projects/graffiti-drone/drone_msgs'
[0.699s] Call Stack (most recent call first):
[0.699s]   CMakeLists.txt:13 (rosidl_generate_interfaces)
[0.699s] 
[0.699s] [0m
[0.699s] -- Configuring incomplete, errors occurred!
[0.699s] See also "/home/daniel/Projects/graffiti-drone/build/drone_msgs/CMakeFiles/CMakeOutput.log".
[0.707s] Invoked command in '/home/daniel/Projects/graffiti-drone/build/drone_msgs' returned '1': CMAKE_PREFIX_PATH=${CMAKE_PREFIX_PATH}:/home/daniel/feb-system-integration/install/mpc:/home/daniel/feb-system-integration/install/microcontroller:/home/daniel/feb-system-integration/install/local_path:/home/daniel/feb-system-integration/install/graphslam_global:/home/daniel/feb-system-integration/install/global_path:/home/daniel/feb-system-integration/install/eufs_launcher:/home/daniel/feb-system-integration/install/eufs_tracks:/home/daniel/feb-system-integration/install/eufs_rqt:/home/daniel/feb-system-integration/install/eufs_racecar:/home/daniel/feb-system-integration/install/all_settings:/opt/ros/humble /usr/bin/cmake /home/daniel/Projects/graffiti-drone/drone_msgs -DCMAKE_INSTALL_PREFIX=/home/daniel/Projects/graffiti-drone/install/drone_msgs
