-- Found ament_cmake: 1.3.10 (/opt/ros/humble/share/ament_cmake/cmake)
-- Found std_msgs: 4.2.4 (/opt/ros/humble/share/std_msgs/cmake)
-- Found rosidl_generator_c: 3.1.5 (/opt/ros/humble/share/rosidl_generator_c/cmake)
-- Found rosidl_adapter: 3.1.5 (/opt/ros/humble/share/rosidl_adapter/cmake)
-- Found rosidl_generator_cpp: 3.1.5 (/opt/ros/humble/share/rosidl_generator_cpp/cmake)
-- Using all available rosidl_typesupport_c: rosidl_typesupport_fastrtps_c;rosidl_typesupport_introspection_c
-- Using all available rosidl_typesupport_cpp: rosidl_typesupport_fastrtps_cpp;rosidl_typesupport_introspection_cpp
-- Found rosidl_default_generators: 1.2.0 (/opt/ros/humble/share/rosidl_default_generators/cmake)
-- Found ament_cmake_ros: 0.10.0 (/opt/ros/humble/share/ament_cmake_ros/cmake)
-- Using all available rosidl_typesupport_c: rosidl_typesupport_fastrtps_c;rosidl_typesupport_introspection_c
-- Using all available rosidl_typesupport_cpp: rosidl_typesupport_fastrtps_cpp;rosidl_typesupport_introspection_cpp
-- Found PythonInterp: /usr/bin/python3 (found suitable version "3.10.12", minimum required is "3.6") 
-- Found python_cmake_module: 0.10.0 (/opt/ros/humble/share/python_cmake_module/cmake)
-- Found PythonLibs: /usr/lib/x86_64-linux-gnu/libpython3.10.so (found suitable version "3.10.12", minimum required is "3.5") 
-- Using PYTHON_EXECUTABLE: /usr/bin/python3
-- Using PYTHON_INCLUDE_DIRS: /usr/include/python3.10
-- Using PYTHON_LIBRARIES: /usr/lib/x86_64-linux-gnu/libpython3.10.so
-- Found PythonExtra: .so  
-- Found ament_lint_auto: 0.12.11 (/opt/ros/humble/share/ament_lint_auto/cmake)
-- Added test 'lint_cmake' to check CMake code style
-- Added test 'xmllint' to check XML markup files
-- Configuring done
-- Generating done
-- Build files have been written to: /home/daniel/Projects/graffiti-drone/build/drone_msgs
[  3%] [34m[1mGenerating C code for ROS interfaces[0m
[  6%] [34m[1mGenerating C++ code for ROS interfaces[0m
[  6%] Built target ament_cmake_python_copy_drone_msgs
[  9%] Built target drone_msgs__cpp
[  9%] [32mBuilding C object CMakeFiles/drone_msgs__rosidl_generator_c.dir/rosidl_generator_c/drone_msgs/msg/detail/motor_command__functions.c.o[0m
[ 19%] [34m[1mGenerating C++ introspection for ROS interfaces[0m
[ 19%] [34m[1mGenerating C++ type support for eProsima Fast-RTPS[0m
[ 19%] [34m[1mGenerating C++ type support dispatch for ROS interfaces[0m
running egg_info
creating drone_msgs.egg-info
writing drone_msgs.egg-info/PKG-INFO
writing dependency_links to drone_msgs.egg-info/dependency_links.txt
writing top-level names to drone_msgs.egg-info/top_level.txt
writing manifest file 'drone_msgs.egg-info/SOURCES.txt'
[ 22%] [32m[1mLinking C shared library libdrone_msgs__rosidl_generator_c.so[0m
reading manifest file 'drone_msgs.egg-info/SOURCES.txt'
writing manifest file 'drone_msgs.egg-info/SOURCES.txt'
[ 22%] Built target drone_msgs__rosidl_generator_c
[ 32%] [34m[1mGenerating C type support dispatch for ROS interfaces[0m
[ 32%] [34m[1mGenerating C type support for eProsima Fast-RTPS[0m
[ 32%] [34m[1mGenerating C introspection for ROS interfaces[0m
[ 32%] Built target ament_cmake_python_build_drone_msgs_egg
[ 35%] [32mBuilding CXX object CMakeFiles/drone_msgs__rosidl_typesupport_cpp.dir/rosidl_typesupport_cpp/drone_msgs/msg/motor_command__type_support.cpp.o[0m
[ 38%] [32mBuilding CXX object CMakeFiles/drone_msgs__rosidl_typesupport_introspection_cpp.dir/rosidl_typesupport_introspection_cpp/drone_msgs/msg/detail/motor_command__type_support.cpp.o[0m
[ 41%] [32mBuilding CXX object CMakeFiles/drone_msgs__rosidl_typesupport_fastrtps_cpp.dir/rosidl_typesupport_fastrtps_cpp/drone_msgs/msg/detail/dds_fastrtps/motor_command__type_support.cpp.o[0m
[ 45%] [32mBuilding CXX object CMakeFiles/drone_msgs__rosidl_typesupport_fastrtps_c.dir/rosidl_typesupport_fastrtps_c/drone_msgs/msg/detail/motor_command__type_support_c.cpp.o[0m
[ 48%] [32mBuilding CXX object CMakeFiles/drone_msgs__rosidl_typesupport_c.dir/rosidl_typesupport_c/drone_msgs/msg/motor_command__type_support.cpp.o[0m
[ 51%] [32mBuilding C object CMakeFiles/drone_msgs__rosidl_typesupport_introspection_c.dir/rosidl_typesupport_introspection_c/drone_msgs/msg/detail/motor_command__type_support.c.o[0m
[ 54%] [32m[1mLinking CXX shared library libdrone_msgs__rosidl_typesupport_c.so[0m
[ 58%] [32m[1mLinking C shared library libdrone_msgs__rosidl_typesupport_introspection_c.so[0m
[ 58%] Built target drone_msgs__rosidl_typesupport_c
[ 61%] Built target drone_msgs__rosidl_typesupport_introspection_c
[ 61%] [32m[1mLinking CXX shared library libdrone_msgs__rosidl_typesupport_cpp.so[0m
[ 61%] Built target drone_msgs__rosidl_typesupport_cpp
[ 64%] [32m[1mLinking CXX shared library libdrone_msgs__rosidl_typesupport_introspection_cpp.so[0m
[ 67%] [32m[1mLinking CXX shared library libdrone_msgs__rosidl_typesupport_fastrtps_cpp.so[0m
[ 67%] Built target drone_msgs__rosidl_typesupport_introspection_cpp
[ 70%] [32m[1mLinking CXX shared library libdrone_msgs__rosidl_typesupport_fastrtps_c.so[0m
[ 70%] Built target drone_msgs__rosidl_typesupport_fastrtps_cpp
[ 70%] Built target drone_msgs__rosidl_typesupport_fastrtps_c
[ 70%] Built target drone_msgs
[ 74%] [34m[1mGenerating Python code for ROS interfaces[0m
[ 74%] Built target drone_msgs__py
[ 77%] [32mBuilding C object CMakeFiles/drone_msgs__rosidl_generator_py.dir/rosidl_generator_py/drone_msgs/msg/_motor_command_s.c.o[0m
[ 80%] [32m[1mLinking C shared library rosidl_generator_py/drone_msgs/libdrone_msgs__rosidl_generator_py.so[0m
[ 80%] Built target drone_msgs__rosidl_generator_py
[ 83%] [32mBuilding C object CMakeFiles/drone_msgs__rosidl_typesupport_introspection_c__pyext.dir/rosidl_generator_py/drone_msgs/_drone_msgs_s.ep.rosidl_typesupport_introspection_c.c.o[0m
[ 87%] [32mBuilding C object CMakeFiles/drone_msgs__rosidl_typesupport_fastrtps_c__pyext.dir/rosidl_generator_py/drone_msgs/_drone_msgs_s.ep.rosidl_typesupport_fastrtps_c.c.o[0m
[ 90%] [32mBuilding C object CMakeFiles/drone_msgs__rosidl_typesupport_c__pyext.dir/rosidl_generator_py/drone_msgs/_drone_msgs_s.ep.rosidl_typesupport_c.c.o[0m
[100%] [32m[1mLinking C shared library rosidl_generator_py/drone_msgs/drone_msgs_s__rosidl_typesupport_fastrtps_c.cpython-310-x86_64-linux-gnu.so[0m
[100%] [32m[1mLinking C shared library rosidl_generator_py/drone_msgs/drone_msgs_s__rosidl_typesupport_introspection_c.cpython-310-x86_64-linux-gnu.so[0m
[100%] [32m[1mLinking C shared library rosidl_generator_py/drone_msgs/drone_msgs_s__rosidl_typesupport_c.cpython-310-x86_64-linux-gnu.so[0m
[100%] Built target drone_msgs__rosidl_typesupport_introspection_c__pyext
[100%] Built target drone_msgs__rosidl_typesupport_fastrtps_c__pyext
[100%] Built target drone_msgs__rosidl_typesupport_c__pyext
-- Install configuration: ""
-- Installing: /home/daniel/Projects/graffiti-drone/install/drone_msgs/share/ament_index/resource_index/rosidl_interfaces/drone_msgs
-- Installing: /home/daniel/Projects/graffiti-drone/install/drone_msgs/include/drone_msgs/drone_msgs
-- Installing: /home/daniel/Projects/graffiti-drone/install/drone_msgs/include/drone_msgs/drone_msgs/msg
-- Installing: /home/daniel/Projects/graffiti-drone/install/drone_msgs/include/drone_msgs/drone_msgs/msg/rosidl_generator_c__visibility_control.h
-- Installing: /home/daniel/Projects/graffiti-drone/install/drone_msgs/include/drone_msgs/drone_msgs/msg/detail
-- Installing: /home/daniel/Projects/graffiti-drone/install/drone_msgs/include/drone_msgs/drone_msgs/msg/detail/motor_command__functions.h
-- Installing: /home/daniel/Projects/graffiti-drone/install/drone_msgs/include/drone_msgs/drone_msgs/msg/detail/motor_command__struct.h
-- Installing: /home/daniel/Projects/graffiti-drone/install/drone_msgs/include/drone_msgs/drone_msgs/msg/detail/motor_command__type_support.h
-- Installing: /home/daniel/Projects/graffiti-drone/install/drone_msgs/include/drone_msgs/drone_msgs/msg/detail/motor_command__functions.c
-- Installing: /home/daniel/Projects/graffiti-drone/install/drone_msgs/include/drone_msgs/drone_msgs/msg/motor_command.h
-- Installing: /home/daniel/Projects/graffiti-drone/install/drone_msgs/share/drone_msgs/environment/library_path.sh
-- Installing: /home/daniel/Projects/graffiti-drone/install/drone_msgs/share/drone_msgs/environment/library_path.dsv
-- Installing: /home/daniel/Projects/graffiti-drone/install/drone_msgs/lib/libdrone_msgs__rosidl_generator_c.so
-- Set runtime path of "/home/daniel/Projects/graffiti-drone/install/drone_msgs/lib/libdrone_msgs__rosidl_generator_c.so" to ""
-- Up-to-date: /home/daniel/Projects/graffiti-drone/install/drone_msgs/include/drone_msgs/drone_msgs
-- Up-to-date: /home/daniel/Projects/graffiti-drone/install/drone_msgs/include/drone_msgs/drone_msgs/msg
-- Up-to-date: /home/daniel/Projects/graffiti-drone/install/drone_msgs/include/drone_msgs/drone_msgs/msg/detail
-- Installing: /home/daniel/Projects/graffiti-drone/install/drone_msgs/include/drone_msgs/drone_msgs/msg/detail/motor_command__rosidl_typesupport_fastrtps_c.h
-- Installing: /home/daniel/Projects/graffiti-drone/install/drone_msgs/include/drone_msgs/drone_msgs/msg/rosidl_typesupport_fastrtps_c__visibility_control.h
-- Installing: /home/daniel/Projects/graffiti-drone/install/drone_msgs/lib/libdrone_msgs__rosidl_typesupport_fastrtps_c.so
-- Set runtime path of "/home/daniel/Projects/graffiti-drone/install/drone_msgs/lib/libdrone_msgs__rosidl_typesupport_fastrtps_c.so" to ""
-- Up-to-date: /home/daniel/Projects/graffiti-drone/install/drone_msgs/include/drone_msgs/drone_msgs
-- Up-to-date: /home/daniel/Projects/graffiti-drone/install/drone_msgs/include/drone_msgs/drone_msgs/msg
-- Installing: /home/daniel/Projects/graffiti-drone/install/drone_msgs/include/drone_msgs/drone_msgs/msg/motor_command.hpp
-- Up-to-date: /home/daniel/Projects/graffiti-drone/install/drone_msgs/include/drone_msgs/drone_msgs/msg/detail
-- Installing: /home/daniel/Projects/graffiti-drone/install/drone_msgs/include/drone_msgs/drone_msgs/msg/detail/motor_command__struct.hpp
-- Installing: /home/daniel/Projects/graffiti-drone/install/drone_msgs/include/drone_msgs/drone_msgs/msg/detail/motor_command__builder.hpp
-- Installing: /home/daniel/Projects/graffiti-drone/install/drone_msgs/include/drone_msgs/drone_msgs/msg/detail/motor_command__traits.hpp
-- Up-to-date: /home/daniel/Projects/graffiti-drone/install/drone_msgs/include/drone_msgs/drone_msgs
-- Up-to-date: /home/daniel/Projects/graffiti-drone/install/drone_msgs/include/drone_msgs/drone_msgs/msg
-- Up-to-date: /home/daniel/Projects/graffiti-drone/install/drone_msgs/include/drone_msgs/drone_msgs/msg/detail
-- Installing: /home/daniel/Projects/graffiti-drone/install/drone_msgs/include/drone_msgs/drone_msgs/msg/detail/dds_fastrtps
-- Installing: /home/daniel/Projects/graffiti-drone/install/drone_msgs/include/drone_msgs/drone_msgs/msg/detail/motor_command__rosidl_typesupport_fastrtps_cpp.hpp
-- Installing: /home/daniel/Projects/graffiti-drone/install/drone_msgs/include/drone_msgs/drone_msgs/msg/rosidl_typesupport_fastrtps_cpp__visibility_control.h
-- Installing: /home/daniel/Projects/graffiti-drone/install/drone_msgs/lib/libdrone_msgs__rosidl_typesupport_fastrtps_cpp.so
-- Set runtime path of "/home/daniel/Projects/graffiti-drone/install/drone_msgs/lib/libdrone_msgs__rosidl_typesupport_fastrtps_cpp.so" to ""
-- Up-to-date: /home/daniel/Projects/graffiti-drone/install/drone_msgs/include/drone_msgs/drone_msgs
-- Up-to-date: /home/daniel/Projects/graffiti-drone/install/drone_msgs/include/drone_msgs/drone_msgs/msg
-- Installing: /home/daniel/Projects/graffiti-drone/install/drone_msgs/include/drone_msgs/drone_msgs/msg/rosidl_typesupport_introspection_c__visibility_control.h
-- Up-to-date: /home/daniel/Projects/graffiti-drone/install/drone_msgs/include/drone_msgs/drone_msgs/msg/detail
-- Installing: /home/daniel/Projects/graffiti-drone/install/drone_msgs/include/drone_msgs/drone_msgs/msg/detail/motor_command__type_support.c
-- Installing: /home/daniel/Projects/graffiti-drone/install/drone_msgs/include/drone_msgs/drone_msgs/msg/detail/motor_command__rosidl_typesupport_introspection_c.h
-- Installing: /home/daniel/Projects/graffiti-drone/install/drone_msgs/lib/libdrone_msgs__rosidl_typesupport_introspection_c.so
-- Set runtime path of "/home/daniel/Projects/graffiti-drone/install/drone_msgs/lib/libdrone_msgs__rosidl_typesupport_introspection_c.so" to ""
-- Installing: /home/daniel/Projects/graffiti-drone/install/drone_msgs/lib/libdrone_msgs__rosidl_typesupport_c.so
-- Set runtime path of "/home/daniel/Projects/graffiti-drone/install/drone_msgs/lib/libdrone_msgs__rosidl_typesupport_c.so" to ""
-- Up-to-date: /home/daniel/Projects/graffiti-drone/install/drone_msgs/include/drone_msgs/drone_msgs
-- Up-to-date: /home/daniel/Projects/graffiti-drone/install/drone_msgs/include/drone_msgs/drone_msgs/msg
-- Up-to-date: /home/daniel/Projects/graffiti-drone/install/drone_msgs/include/drone_msgs/drone_msgs/msg/detail
-- Installing: /home/daniel/Projects/graffiti-drone/install/drone_msgs/include/drone_msgs/drone_msgs/msg/detail/motor_command__type_support.cpp
-- Installing: /home/daniel/Projects/graffiti-drone/install/drone_msgs/include/drone_msgs/drone_msgs/msg/detail/motor_command__rosidl_typesupport_introspection_cpp.hpp
-- Installing: /home/daniel/Projects/graffiti-drone/install/drone_msgs/lib/libdrone_msgs__rosidl_typesupport_introspection_cpp.so
-- Set runtime path of "/home/daniel/Projects/graffiti-drone/install/drone_msgs/lib/libdrone_msgs__rosidl_typesupport_introspection_cpp.so" to ""
-- Installing: /home/daniel/Projects/graffiti-drone/install/drone_msgs/lib/libdrone_msgs__rosidl_typesupport_cpp.so
-- Set runtime path of "/home/daniel/Projects/graffiti-drone/install/drone_msgs/lib/libdrone_msgs__rosidl_typesupport_cpp.so" to ""
-- Installing: /home/daniel/Projects/graffiti-drone/install/drone_msgs/share/drone_msgs/environment/pythonpath.sh
-- Installing: /home/daniel/Projects/graffiti-drone/install/drone_msgs/share/drone_msgs/environment/pythonpath.dsv
-- Installing: /home/daniel/Projects/graffiti-drone/install/drone_msgs/local/lib/python3.10/dist-packages/drone_msgs-0.0.0-py3.10.egg-info
-- Installing: /home/daniel/Projects/graffiti-drone/install/drone_msgs/local/lib/python3.10/dist-packages/drone_msgs-0.0.0-py3.10.egg-info/dependency_links.txt
-- Installing: /home/daniel/Projects/graffiti-drone/install/drone_msgs/local/lib/python3.10/dist-packages/drone_msgs-0.0.0-py3.10.egg-info/SOURCES.txt
-- Installing: /home/daniel/Projects/graffiti-drone/install/drone_msgs/local/lib/python3.10/dist-packages/drone_msgs-0.0.0-py3.10.egg-info/PKG-INFO
-- Installing: /home/daniel/Projects/graffiti-drone/install/drone_msgs/local/lib/python3.10/dist-packages/drone_msgs-0.0.0-py3.10.egg-info/top_level.txt
-- Installing: /home/daniel/Projects/graffiti-drone/install/drone_msgs/local/lib/python3.10/dist-packages/drone_msgs
-- Installing: /home/daniel/Projects/graffiti-drone/install/drone_msgs/local/lib/python3.10/dist-packages/drone_msgs/_drone_msgs_s.ep.rosidl_typesupport_fastrtps_c.c
-- Installing: /home/daniel/Projects/graffiti-drone/install/drone_msgs/local/lib/python3.10/dist-packages/drone_msgs/libdrone_msgs__rosidl_generator_py.so
-- Installing: /home/daniel/Projects/graffiti-drone/install/drone_msgs/local/lib/python3.10/dist-packages/drone_msgs/drone_msgs_s__rosidl_typesupport_c.cpython-310-x86_64-linux-gnu.so
-- Installing: /home/daniel/Projects/graffiti-drone/install/drone_msgs/local/lib/python3.10/dist-packages/drone_msgs/__init__.py
-- Installing: /home/daniel/Projects/graffiti-drone/install/drone_msgs/local/lib/python3.10/dist-packages/drone_msgs/_drone_msgs_s.ep.rosidl_typesupport_c.c
-- Installing: /home/daniel/Projects/graffiti-drone/install/drone_msgs/local/lib/python3.10/dist-packages/drone_msgs/msg
-- Installing: /home/daniel/Projects/graffiti-drone/install/drone_msgs/local/lib/python3.10/dist-packages/drone_msgs/msg/_motor_command.py
-- Installing: /home/daniel/Projects/graffiti-drone/install/drone_msgs/local/lib/python3.10/dist-packages/drone_msgs/msg/__init__.py
-- Installing: /home/daniel/Projects/graffiti-drone/install/drone_msgs/local/lib/python3.10/dist-packages/drone_msgs/msg/_motor_command_s.c
-- Installing: /home/daniel/Projects/graffiti-drone/install/drone_msgs/local/lib/python3.10/dist-packages/drone_msgs/drone_msgs_s__rosidl_typesupport_fastrtps_c.cpython-310-x86_64-linux-gnu.so
-- Installing: /home/daniel/Projects/graffiti-drone/install/drone_msgs/local/lib/python3.10/dist-packages/drone_msgs/_drone_msgs_s.ep.rosidl_typesupport_introspection_c.c
-- Installing: /home/daniel/Projects/graffiti-drone/install/drone_msgs/local/lib/python3.10/dist-packages/drone_msgs/drone_msgs_s__rosidl_typesupport_introspection_c.cpython-310-x86_64-linux-gnu.so
Listing '/home/daniel/Projects/graffiti-drone/install/drone_msgs/local/lib/python3.10/dist-packages/drone_msgs'...
Compiling '/home/daniel/Projects/graffiti-drone/install/drone_msgs/local/lib/python3.10/dist-packages/drone_msgs/__init__.py'...
Listing '/home/daniel/Projects/graffiti-drone/install/drone_msgs/local/lib/python3.10/dist-packages/drone_msgs/msg'...
Compiling '/home/daniel/Projects/graffiti-drone/install/drone_msgs/local/lib/python3.10/dist-packages/drone_msgs/msg/__init__.py'...
Compiling '/home/daniel/Projects/graffiti-drone/install/drone_msgs/local/lib/python3.10/dist-packages/drone_msgs/msg/_motor_command.py'...
-- Installing: /home/daniel/Projects/graffiti-drone/install/drone_msgs/local/lib/python3.10/dist-packages/drone_msgs/drone_msgs_s__rosidl_typesupport_fastrtps_c.cpython-310-x86_64-linux-gnu.so
-- Set runtime path of "/home/daniel/Projects/graffiti-drone/install/drone_msgs/local/lib/python3.10/dist-packages/drone_msgs/drone_msgs_s__rosidl_typesupport_fastrtps_c.cpython-310-x86_64-linux-gnu.so" to ""
-- Installing: /home/daniel/Projects/graffiti-drone/install/drone_msgs/local/lib/python3.10/dist-packages/drone_msgs/drone_msgs_s__rosidl_typesupport_introspection_c.cpython-310-x86_64-linux-gnu.so
-- Set runtime path of "/home/daniel/Projects/graffiti-drone/install/drone_msgs/local/lib/python3.10/dist-packages/drone_msgs/drone_msgs_s__rosidl_typesupport_introspection_c.cpython-310-x86_64-linux-gnu.so" to ""
-- Installing: /home/daniel/Projects/graffiti-drone/install/drone_msgs/local/lib/python3.10/dist-packages/drone_msgs/drone_msgs_s__rosidl_typesupport_c.cpython-310-x86_64-linux-gnu.so
-- Set runtime path of "/home/daniel/Projects/graffiti-drone/install/drone_msgs/local/lib/python3.10/dist-packages/drone_msgs/drone_msgs_s__rosidl_typesupport_c.cpython-310-x86_64-linux-gnu.so" to ""
-- Installing: /home/daniel/Projects/graffiti-drone/install/drone_msgs/lib/libdrone_msgs__rosidl_generator_py.so
-- Set runtime path of "/home/daniel/Projects/graffiti-drone/install/drone_msgs/lib/libdrone_msgs__rosidl_generator_py.so" to ""
-- Installing: /home/daniel/Projects/graffiti-drone/install/drone_msgs/share/drone_msgs/msg/MotorCommand.idl
-- Installing: /home/daniel/Projects/graffiti-drone/install/drone_msgs/share/drone_msgs/msg/MotorCommand.msg
-- Installing: /home/daniel/Projects/graffiti-drone/install/drone_msgs/share/ament_index/resource_index/package_run_dependencies/drone_msgs
-- Installing: /home/daniel/Projects/graffiti-drone/install/drone_msgs/share/ament_index/resource_index/parent_prefix_path/drone_msgs
-- Installing: /home/daniel/Projects/graffiti-drone/install/drone_msgs/share/drone_msgs/environment/ament_prefix_path.sh
-- Installing: /home/daniel/Projects/graffiti-drone/install/drone_msgs/share/drone_msgs/environment/ament_prefix_path.dsv
-- Installing: /home/daniel/Projects/graffiti-drone/install/drone_msgs/share/drone_msgs/environment/path.sh
-- Installing: /home/daniel/Projects/graffiti-drone/install/drone_msgs/share/drone_msgs/environment/path.dsv
-- Installing: /home/daniel/Projects/graffiti-drone/install/drone_msgs/share/drone_msgs/local_setup.bash
-- Installing: /home/daniel/Projects/graffiti-drone/install/drone_msgs/share/drone_msgs/local_setup.sh
-- Installing: /home/daniel/Projects/graffiti-drone/install/drone_msgs/share/drone_msgs/local_setup.zsh
-- Installing: /home/daniel/Projects/graffiti-drone/install/drone_msgs/share/drone_msgs/local_setup.dsv
-- Installing: /home/daniel/Projects/graffiti-drone/install/drone_msgs/share/drone_msgs/package.dsv
-- Installing: /home/daniel/Projects/graffiti-drone/install/drone_msgs/share/ament_index/resource_index/packages/drone_msgs
-- Installing: /home/daniel/Projects/graffiti-drone/install/drone_msgs/share/drone_msgs/cmake/export_drone_msgs__rosidl_generator_cExport.cmake
-- Installing: /home/daniel/Projects/graffiti-drone/install/drone_msgs/share/drone_msgs/cmake/export_drone_msgs__rosidl_generator_cExport-noconfig.cmake
-- Installing: /home/daniel/Projects/graffiti-drone/install/drone_msgs/share/drone_msgs/cmake/export_drone_msgs__rosidl_typesupport_fastrtps_cExport.cmake
-- Installing: /home/daniel/Projects/graffiti-drone/install/drone_msgs/share/drone_msgs/cmake/export_drone_msgs__rosidl_typesupport_fastrtps_cExport-noconfig.cmake
-- Installing: /home/daniel/Projects/graffiti-drone/install/drone_msgs/share/drone_msgs/cmake/export_drone_msgs__rosidl_generator_cppExport.cmake
-- Installing: /home/daniel/Projects/graffiti-drone/install/drone_msgs/share/drone_msgs/cmake/export_drone_msgs__rosidl_typesupport_fastrtps_cppExport.cmake
-- Installing: /home/daniel/Projects/graffiti-drone/install/drone_msgs/share/drone_msgs/cmake/export_drone_msgs__rosidl_typesupport_fastrtps_cppExport-noconfig.cmake
-- Installing: /home/daniel/Projects/graffiti-drone/install/drone_msgs/share/drone_msgs/cmake/drone_msgs__rosidl_typesupport_introspection_cExport.cmake
-- Installing: /home/daniel/Projects/graffiti-drone/install/drone_msgs/share/drone_msgs/cmake/drone_msgs__rosidl_typesupport_introspection_cExport-noconfig.cmake
-- Installing: /home/daniel/Projects/graffiti-drone/install/drone_msgs/share/drone_msgs/cmake/drone_msgs__rosidl_typesupport_cExport.cmake
-- Installing: /home/daniel/Projects/graffiti-drone/install/drone_msgs/share/drone_msgs/cmake/drone_msgs__rosidl_typesupport_cExport-noconfig.cmake
-- Installing: /home/daniel/Projects/graffiti-drone/install/drone_msgs/share/drone_msgs/cmake/drone_msgs__rosidl_typesupport_introspection_cppExport.cmake
-- Installing: /home/daniel/Projects/graffiti-drone/install/drone_msgs/share/drone_msgs/cmake/drone_msgs__rosidl_typesupport_introspection_cppExport-noconfig.cmake
-- Installing: /home/daniel/Projects/graffiti-drone/install/drone_msgs/share/drone_msgs/cmake/drone_msgs__rosidl_typesupport_cppExport.cmake
-- Installing: /home/daniel/Projects/graffiti-drone/install/drone_msgs/share/drone_msgs/cmake/drone_msgs__rosidl_typesupport_cppExport-noconfig.cmake
-- Installing: /home/daniel/Projects/graffiti-drone/install/drone_msgs/share/drone_msgs/cmake/export_drone_msgs__rosidl_generator_pyExport.cmake
-- Installing: /home/daniel/Projects/graffiti-drone/install/drone_msgs/share/drone_msgs/cmake/export_drone_msgs__rosidl_generator_pyExport-noconfig.cmake
-- Installing: /home/daniel/Projects/graffiti-drone/install/drone_msgs/share/drone_msgs/cmake/rosidl_cmake-extras.cmake
-- Installing: /home/daniel/Projects/graffiti-drone/install/drone_msgs/share/drone_msgs/cmake/ament_cmake_export_dependencies-extras.cmake
-- Installing: /home/daniel/Projects/graffiti-drone/install/drone_msgs/share/drone_msgs/cmake/ament_cmake_export_include_directories-extras.cmake
-- Installing: /home/daniel/Projects/graffiti-drone/install/drone_msgs/share/drone_msgs/cmake/ament_cmake_export_libraries-extras.cmake
-- Installing: /home/daniel/Projects/graffiti-drone/install/drone_msgs/share/drone_msgs/cmake/ament_cmake_export_targets-extras.cmake
-- Installing: /home/daniel/Projects/graffiti-drone/install/drone_msgs/share/drone_msgs/cmake/rosidl_cmake_export_typesupport_targets-extras.cmake
-- Installing: /home/daniel/Projects/graffiti-drone/install/drone_msgs/share/drone_msgs/cmake/rosidl_cmake_export_typesupport_libraries-extras.cmake
-- Installing: /home/daniel/Projects/graffiti-drone/install/drone_msgs/share/drone_msgs/cmake/drone_msgsConfig.cmake
-- Installing: /home/daniel/Projects/graffiti-drone/install/drone_msgs/share/drone_msgs/cmake/drone_msgsConfig-version.cmake
-- Installing: /home/daniel/Projects/graffiti-drone/install/drone_msgs/share/drone_msgs/package.xml
