[0.019s] Invoking command in '/home/daniel/Projects/graffiti-drone/build/drone_msgs': CMAKE_PREFIX_PATH=${CMAKE_PREFIX_PATH}:/home/daniel/feb-system-integration/install/mpc:/home/daniel/feb-system-integration/install/microcontroller:/home/daniel/feb-system-integration/install/local_path:/home/daniel/feb-system-integration/install/graphslam_global:/home/daniel/feb-system-integration/install/global_path:/home/daniel/feb-system-integration/install/eufs_launcher:/home/daniel/feb-system-integration/install/eufs_tracks:/home/daniel/feb-system-integration/install/eufs_rqt:/home/daniel/feb-system-integration/install/eufs_racecar:/home/daniel/feb-system-integration/install/all_settings:/opt/ros/humble /usr/bin/cmake /home/daniel/Projects/graffiti-drone/drone_msgs -DCMAKE_INSTALL_PREFIX=/home/daniel/Projects/graffiti-drone/install/drone_msgs
[0.440s] -- Found ament_cmake: 1.3.10 (/opt/ros/humble/share/ament_cmake/cmake)
[0.440s] -- Found std_msgs: 4.2.4 (/opt/ros/humble/share/std_msgs/cmake)
[0.441s] -- Found rosidl_generator_c: 3.1.5 (/opt/ros/humble/share/rosidl_generator_c/cmake)
[0.441s] -- Found rosidl_adapter: 3.1.5 (/opt/ros/humble/share/rosidl_adapter/cmake)
[0.441s] -- Found rosidl_generator_cpp: 3.1.5 (/opt/ros/humble/share/rosidl_generator_cpp/cmake)
[0.441s] -- Using all available rosidl_typesupport_c: rosidl_typesupport_fastrtps_c;rosidl_typesupport_introspection_c
[0.441s] -- Using all available rosidl_typesupport_cpp: rosidl_typesupport_fastrtps_cpp;rosidl_typesupport_introspection_cpp
[0.441s] -- Found rosidl_default_generators: 1.2.0 (/opt/ros/humble/share/rosidl_default_generators/cmake)
[0.441s] -- Found ament_cmake_ros: 0.10.0 (/opt/ros/humble/share/ament_cmake_ros/cmake)
[0.659s] -- Using all available rosidl_typesupport_c: rosidl_typesupport_fastrtps_c;rosidl_typesupport_introspection_c
[0.766s] -- Using all available rosidl_typesupport_cpp: rosidl_typesupport_fastrtps_cpp;rosidl_typesupport_introspection_cpp
[0.785s] -- Found PythonInterp: /usr/bin/python3 (found suitable version "3.10.12", minimum required is "3.6") 
[0.787s] -- Found python_cmake_module: 0.10.0 (/opt/ros/humble/share/python_cmake_module/cmake)
[0.817s] -- Found PythonLibs: /usr/lib/x86_64-linux-gnu/libpython3.10.so (found suitable version "3.10.12", minimum required is "3.5") 
[0.817s] -- Using PYTHON_EXECUTABLE: /usr/bin/python3
[0.817s] -- Using PYTHON_INCLUDE_DIRS: /usr/include/python3.10
[0.817s] -- Using PYTHON_LIBRARIES: /usr/lib/x86_64-linux-gnu/libpython3.10.so
[0.838s] -- Found PythonExtra: .so  
[0.896s] -- Found ament_lint_auto: 0.12.11 (/opt/ros/humble/share/ament_lint_auto/cmake)
[0.922s] -- Added test 'lint_cmake' to check CMake code style
[0.923s] -- Added test 'xmllint' to check XML markup files
[0.925s] -- Configuring done
[0.950s] -- Generating done
[0.952s] -- Build files have been written to: /home/daniel/Projects/graffiti-drone/build/drone_msgs
[0.961s] Invoked command in '/home/daniel/Projects/graffiti-drone/build/drone_msgs' returned '0': CMAKE_PREFIX_PATH=${CMAKE_PREFIX_PATH}:/home/daniel/feb-system-integration/install/mpc:/home/daniel/feb-system-integration/install/microcontroller:/home/daniel/feb-system-integration/install/local_path:/home/daniel/feb-system-integration/install/graphslam_global:/home/daniel/feb-system-integration/install/global_path:/home/daniel/feb-system-integration/install/eufs_launcher:/home/daniel/feb-system-integration/install/eufs_tracks:/home/daniel/feb-system-integration/install/eufs_rqt:/home/daniel/feb-system-integration/install/eufs_racecar:/home/daniel/feb-system-integration/install/all_settings:/opt/ros/humble /usr/bin/cmake /home/daniel/Projects/graffiti-drone/drone_msgs -DCMAKE_INSTALL_PREFIX=/home/daniel/Projects/graffiti-drone/install/drone_msgs
[0.964s] Invoking command in '/home/daniel/Projects/graffiti-drone/build/drone_msgs': CMAKE_PREFIX_PATH=${CMAKE_PREFIX_PATH}:/home/daniel/feb-system-integration/install/mpc:/home/daniel/feb-system-integration/install/microcontroller:/home/daniel/feb-system-integration/install/local_path:/home/daniel/feb-system-integration/install/graphslam_global:/home/daniel/feb-system-integration/install/global_path:/home/daniel/feb-system-integration/install/eufs_launcher:/home/daniel/feb-system-integration/install/eufs_tracks:/home/daniel/feb-system-integration/install/eufs_rqt:/home/daniel/feb-system-integration/install/eufs_racecar:/home/daniel/feb-system-integration/install/all_settings:/opt/ros/humble /usr/bin/cmake --build /home/daniel/Projects/graffiti-drone/build/drone_msgs -- -j16 -l16
[1.010s] [  3%] [34m[1mGenerating C code for ROS interfaces[0m
[1.018s] [  6%] [34m[1mGenerating C++ code for ROS interfaces[0m
[1.029s] [  6%] Built target ament_cmake_python_copy_drone_msgs
[1.181s] [  9%] Built target drone_msgs__cpp
[1.181s] [  9%] [32mBuilding C object CMakeFiles/drone_msgs__rosidl_generator_c.dir/rosidl_generator_c/drone_msgs/msg/detail/motor_command__functions.c.o[0m
[1.191s] [ 19%] [34m[1mGenerating C++ introspection for ROS interfaces[0m
[1.191s] [ 19%] [34m[1mGenerating C++ type support for eProsima Fast-RTPS[0m
[1.191s] [ 19%] [34m[1mGenerating C++ type support dispatch for ROS interfaces[0m
[1.240s] running egg_info
[1.240s] creating drone_msgs.egg-info
[1.240s] writing drone_msgs.egg-info/PKG-INFO
[1.240s] writing dependency_links to drone_msgs.egg-info/dependency_links.txt
[1.240s] writing top-level names to drone_msgs.egg-info/top_level.txt
[1.241s] writing manifest file 'drone_msgs.egg-info/SOURCES.txt'
[1.243s] [ 22%] [32m[1mLinking C shared library libdrone_msgs__rosidl_generator_c.so[0m
[1.243s] reading manifest file 'drone_msgs.egg-info/SOURCES.txt'
[1.244s] writing manifest file 'drone_msgs.egg-info/SOURCES.txt'
[1.280s] [ 22%] Built target drone_msgs__rosidl_generator_c
[1.292s] [ 32%] [34m[1mGenerating C type support dispatch for ROS interfaces[0m
[1.292s] [ 32%] [34m[1mGenerating C type support for eProsima Fast-RTPS[0m
[1.292s] [ 32%] [34m[1mGenerating C introspection for ROS interfaces[0m
[1.299s] [ 32%] Built target ament_cmake_python_build_drone_msgs_egg
[1.372s] [ 35%] [32mBuilding CXX object CMakeFiles/drone_msgs__rosidl_typesupport_cpp.dir/rosidl_typesupport_cpp/drone_msgs/msg/motor_command__type_support.cpp.o[0m
[1.373s] [ 38%] [32mBuilding CXX object CMakeFiles/drone_msgs__rosidl_typesupport_introspection_cpp.dir/rosidl_typesupport_introspection_cpp/drone_msgs/msg/detail/motor_command__type_support.cpp.o[0m
[1.390s] [ 41%] [32mBuilding CXX object CMakeFiles/drone_msgs__rosidl_typesupport_fastrtps_cpp.dir/rosidl_typesupport_fastrtps_cpp/drone_msgs/msg/detail/dds_fastrtps/motor_command__type_support.cpp.o[0m
[1.484s] [ 45%] [32mBuilding CXX object CMakeFiles/drone_msgs__rosidl_typesupport_fastrtps_c.dir/rosidl_typesupport_fastrtps_c/drone_msgs/msg/detail/motor_command__type_support_c.cpp.o[0m
[1.487s] [ 48%] [32mBuilding CXX object CMakeFiles/drone_msgs__rosidl_typesupport_c.dir/rosidl_typesupport_c/drone_msgs/msg/motor_command__type_support.cpp.o[0m
[1.500s] [ 51%] [32mBuilding C object CMakeFiles/drone_msgs__rosidl_typesupport_introspection_c.dir/rosidl_typesupport_introspection_c/drone_msgs/msg/detail/motor_command__type_support.c.o[0m
[1.516s] [ 54%] [32m[1mLinking CXX shared library libdrone_msgs__rosidl_typesupport_c.so[0m
[1.528s] [ 58%] [32m[1mLinking C shared library libdrone_msgs__rosidl_typesupport_introspection_c.so[0m
[1.556s] [ 58%] Built target drone_msgs__rosidl_typesupport_c
[1.563s] [ 61%] Built target drone_msgs__rosidl_typesupport_introspection_c
[1.563s] [ 61%] [32m[1mLinking CXX shared library libdrone_msgs__rosidl_typesupport_cpp.so[0m
[1.601s] [ 61%] Built target drone_msgs__rosidl_typesupport_cpp
[1.652s] [ 64%] [32m[1mLinking CXX shared library libdrone_msgs__rosidl_typesupport_introspection_cpp.so[0m
[1.672s] [ 67%] [32m[1mLinking CXX shared library libdrone_msgs__rosidl_typesupport_fastrtps_cpp.so[0m
[1.691s] [ 67%] Built target drone_msgs__rosidl_typesupport_introspection_cpp
[1.717s] [ 70%] [32m[1mLinking CXX shared library libdrone_msgs__rosidl_typesupport_fastrtps_c.so[0m
[1.734s] [ 70%] Built target drone_msgs__rosidl_typesupport_fastrtps_cpp
[1.779s] [ 70%] Built target drone_msgs__rosidl_typesupport_fastrtps_c
[1.802s] [ 70%] Built target drone_msgs
[1.821s] [ 74%] [34m[1mGenerating Python code for ROS interfaces[0m
[1.993s] [ 74%] Built target drone_msgs__py
[2.014s] [ 77%] [32mBuilding C object CMakeFiles/drone_msgs__rosidl_generator_py.dir/rosidl_generator_py/drone_msgs/msg/_motor_command_s.c.o[0m
[2.096s] [ 80%] [32m[1mLinking C shared library rosidl_generator_py/drone_msgs/libdrone_msgs__rosidl_generator_py.so[0m
[2.135s] [ 80%] Built target drone_msgs__rosidl_generator_py
[2.156s] [ 83%] [32mBuilding C object CMakeFiles/drone_msgs__rosidl_typesupport_introspection_c__pyext.dir/rosidl_generator_py/drone_msgs/_drone_msgs_s.ep.rosidl_typesupport_introspection_c.c.o[0m
[2.156s] [ 87%] [32mBuilding C object CMakeFiles/drone_msgs__rosidl_typesupport_fastrtps_c__pyext.dir/rosidl_generator_py/drone_msgs/_drone_msgs_s.ep.rosidl_typesupport_fastrtps_c.c.o[0m
[2.156s] [ 90%] [32mBuilding C object CMakeFiles/drone_msgs__rosidl_typesupport_c__pyext.dir/rosidl_generator_py/drone_msgs/_drone_msgs_s.ep.rosidl_typesupport_c.c.o[0m
[2.223s] [100%] [32m[1mLinking C shared library rosidl_generator_py/drone_msgs/drone_msgs_s__rosidl_typesupport_fastrtps_c.cpython-310-x86_64-linux-gnu.so[0m
[2.223s] [100%] [32m[1mLinking C shared library rosidl_generator_py/drone_msgs/drone_msgs_s__rosidl_typesupport_introspection_c.cpython-310-x86_64-linux-gnu.so[0m
[2.223s] [100%] [32m[1mLinking C shared library rosidl_generator_py/drone_msgs/drone_msgs_s__rosidl_typesupport_c.cpython-310-x86_64-linux-gnu.so[0m
[2.259s] [100%] Built target drone_msgs__rosidl_typesupport_introspection_c__pyext
[2.259s] [100%] Built target drone_msgs__rosidl_typesupport_fastrtps_c__pyext
[2.259s] [100%] Built target drone_msgs__rosidl_typesupport_c__pyext
[2.269s] Invoked command in '/home/daniel/Projects/graffiti-drone/build/drone_msgs' returned '0': CMAKE_PREFIX_PATH=${CMAKE_PREFIX_PATH}:/home/daniel/feb-system-integration/install/mpc:/home/daniel/feb-system-integration/install/microcontroller:/home/daniel/feb-system-integration/install/local_path:/home/daniel/feb-system-integration/install/graphslam_global:/home/daniel/feb-system-integration/install/global_path:/home/daniel/feb-system-integration/install/eufs_launcher:/home/daniel/feb-system-integration/install/eufs_tracks:/home/daniel/feb-system-integration/install/eufs_rqt:/home/daniel/feb-system-integration/install/eufs_racecar:/home/daniel/feb-system-integration/install/all_settings:/opt/ros/humble /usr/bin/cmake --build /home/daniel/Projects/graffiti-drone/build/drone_msgs -- -j16 -l16
[2.365s] Invoking command in '/home/daniel/Projects/graffiti-drone/build/drone_msgs': CMAKE_PREFIX_PATH=${CMAKE_PREFIX_PATH}:/home/daniel/feb-system-integration/install/mpc:/home/daniel/feb-system-integration/install/microcontroller:/home/daniel/feb-system-integration/install/local_path:/home/daniel/feb-system-integration/install/graphslam_global:/home/daniel/feb-system-integration/install/global_path:/home/daniel/feb-system-integration/install/eufs_launcher:/home/daniel/feb-system-integration/install/eufs_tracks:/home/daniel/feb-system-integration/install/eufs_rqt:/home/daniel/feb-system-integration/install/eufs_racecar:/home/daniel/feb-system-integration/install/all_settings:/opt/ros/humble /usr/bin/cmake --install /home/daniel/Projects/graffiti-drone/build/drone_msgs
[2.371s] -- Install configuration: ""
[2.371s] -- Installing: /home/daniel/Projects/graffiti-drone/install/drone_msgs/share/ament_index/resource_index/rosidl_interfaces/drone_msgs
[2.371s] -- Installing: /home/daniel/Projects/graffiti-drone/install/drone_msgs/include/drone_msgs/drone_msgs
[2.371s] -- Installing: /home/daniel/Projects/graffiti-drone/install/drone_msgs/include/drone_msgs/drone_msgs/msg
[2.371s] -- Installing: /home/daniel/Projects/graffiti-drone/install/drone_msgs/include/drone_msgs/drone_msgs/msg/rosidl_generator_c__visibility_control.h
[2.371s] -- Installing: /home/daniel/Projects/graffiti-drone/install/drone_msgs/include/drone_msgs/drone_msgs/msg/detail
[2.371s] -- Installing: /home/daniel/Projects/graffiti-drone/install/drone_msgs/include/drone_msgs/drone_msgs/msg/detail/motor_command__functions.h
[2.371s] -- Installing: /home/daniel/Projects/graffiti-drone/install/drone_msgs/include/drone_msgs/drone_msgs/msg/detail/motor_command__struct.h
[2.371s] -- Installing: /home/daniel/Projects/graffiti-drone/install/drone_msgs/include/drone_msgs/drone_msgs/msg/detail/motor_command__type_support.h
[2.371s] -- Installing: /home/daniel/Projects/graffiti-drone/install/drone_msgs/include/drone_msgs/drone_msgs/msg/detail/motor_command__functions.c
[2.372s] -- Installing: /home/daniel/Projects/graffiti-drone/install/drone_msgs/include/drone_msgs/drone_msgs/msg/motor_command.h
[2.372s] -- Installing: /home/daniel/Projects/graffiti-drone/install/drone_msgs/share/drone_msgs/environment/library_path.sh
[2.372s] -- Installing: /home/daniel/Projects/graffiti-drone/install/drone_msgs/share/drone_msgs/environment/library_path.dsv
[2.372s] -- Installing: /home/daniel/Projects/graffiti-drone/install/drone_msgs/lib/libdrone_msgs__rosidl_generator_c.so
[2.372s] -- Set runtime path of "/home/daniel/Projects/graffiti-drone/install/drone_msgs/lib/libdrone_msgs__rosidl_generator_c.so" to ""
[2.372s] -- Up-to-date: /home/daniel/Projects/graffiti-drone/install/drone_msgs/include/drone_msgs/drone_msgs
[2.372s] -- Up-to-date: /home/daniel/Projects/graffiti-drone/install/drone_msgs/include/drone_msgs/drone_msgs/msg
[2.372s] -- Up-to-date: /home/daniel/Projects/graffiti-drone/install/drone_msgs/include/drone_msgs/drone_msgs/msg/detail
[2.372s] -- Installing: /home/daniel/Projects/graffiti-drone/install/drone_msgs/include/drone_msgs/drone_msgs/msg/detail/motor_command__rosidl_typesupport_fastrtps_c.h
[2.372s] -- Installing: /home/daniel/Projects/graffiti-drone/install/drone_msgs/include/drone_msgs/drone_msgs/msg/rosidl_typesupport_fastrtps_c__visibility_control.h
[2.372s] -- Installing: /home/daniel/Projects/graffiti-drone/install/drone_msgs/lib/libdrone_msgs__rosidl_typesupport_fastrtps_c.so
[2.373s] -- Set runtime path of "/home/daniel/Projects/graffiti-drone/install/drone_msgs/lib/libdrone_msgs__rosidl_typesupport_fastrtps_c.so" to ""
[2.373s] -- Up-to-date: /home/daniel/Projects/graffiti-drone/install/drone_msgs/include/drone_msgs/drone_msgs
[2.373s] -- Up-to-date: /home/daniel/Projects/graffiti-drone/install/drone_msgs/include/drone_msgs/drone_msgs/msg
[2.373s] -- Installing: /home/daniel/Projects/graffiti-drone/install/drone_msgs/include/drone_msgs/drone_msgs/msg/motor_command.hpp
[2.373s] -- Up-to-date: /home/daniel/Projects/graffiti-drone/install/drone_msgs/include/drone_msgs/drone_msgs/msg/detail
[2.373s] -- Installing: /home/daniel/Projects/graffiti-drone/install/drone_msgs/include/drone_msgs/drone_msgs/msg/detail/motor_command__struct.hpp
[2.373s] -- Installing: /home/daniel/Projects/graffiti-drone/install/drone_msgs/include/drone_msgs/drone_msgs/msg/detail/motor_command__builder.hpp
[2.373s] -- Installing: /home/daniel/Projects/graffiti-drone/install/drone_msgs/include/drone_msgs/drone_msgs/msg/detail/motor_command__traits.hpp
[2.373s] -- Up-to-date: /home/daniel/Projects/graffiti-drone/install/drone_msgs/include/drone_msgs/drone_msgs
[2.373s] -- Up-to-date: /home/daniel/Projects/graffiti-drone/install/drone_msgs/include/drone_msgs/drone_msgs/msg
[2.373s] -- Up-to-date: /home/daniel/Projects/graffiti-drone/install/drone_msgs/include/drone_msgs/drone_msgs/msg/detail
[2.373s] -- Installing: /home/daniel/Projects/graffiti-drone/install/drone_msgs/include/drone_msgs/drone_msgs/msg/detail/dds_fastrtps
[2.373s] -- Installing: /home/daniel/Projects/graffiti-drone/install/drone_msgs/include/drone_msgs/drone_msgs/msg/detail/motor_command__rosidl_typesupport_fastrtps_cpp.hpp
[2.373s] -- Installing: /home/daniel/Projects/graffiti-drone/install/drone_msgs/include/drone_msgs/drone_msgs/msg/rosidl_typesupport_fastrtps_cpp__visibility_control.h
[2.373s] -- Installing: /home/daniel/Projects/graffiti-drone/install/drone_msgs/lib/libdrone_msgs__rosidl_typesupport_fastrtps_cpp.so
[2.374s] -- Set runtime path of "/home/daniel/Projects/graffiti-drone/install/drone_msgs/lib/libdrone_msgs__rosidl_typesupport_fastrtps_cpp.so" to ""
[2.374s] -- Up-to-date: /home/daniel/Projects/graffiti-drone/install/drone_msgs/include/drone_msgs/drone_msgs
[2.374s] -- Up-to-date: /home/daniel/Projects/graffiti-drone/install/drone_msgs/include/drone_msgs/drone_msgs/msg
[2.374s] -- Installing: /home/daniel/Projects/graffiti-drone/install/drone_msgs/include/drone_msgs/drone_msgs/msg/rosidl_typesupport_introspection_c__visibility_control.h
[2.374s] -- Up-to-date: /home/daniel/Projects/graffiti-drone/install/drone_msgs/include/drone_msgs/drone_msgs/msg/detail
[2.374s] -- Installing: /home/daniel/Projects/graffiti-drone/install/drone_msgs/include/drone_msgs/drone_msgs/msg/detail/motor_command__type_support.c
[2.374s] -- Installing: /home/daniel/Projects/graffiti-drone/install/drone_msgs/include/drone_msgs/drone_msgs/msg/detail/motor_command__rosidl_typesupport_introspection_c.h
[2.374s] -- Installing: /home/daniel/Projects/graffiti-drone/install/drone_msgs/lib/libdrone_msgs__rosidl_typesupport_introspection_c.so
[2.374s] -- Set runtime path of "/home/daniel/Projects/graffiti-drone/install/drone_msgs/lib/libdrone_msgs__rosidl_typesupport_introspection_c.so" to ""
[2.374s] -- Installing: /home/daniel/Projects/graffiti-drone/install/drone_msgs/lib/libdrone_msgs__rosidl_typesupport_c.so
[2.374s] -- Set runtime path of "/home/daniel/Projects/graffiti-drone/install/drone_msgs/lib/libdrone_msgs__rosidl_typesupport_c.so" to ""
[2.374s] -- Up-to-date: /home/daniel/Projects/graffiti-drone/install/drone_msgs/include/drone_msgs/drone_msgs
[2.374s] -- Up-to-date: /home/daniel/Projects/graffiti-drone/install/drone_msgs/include/drone_msgs/drone_msgs/msg
[2.374s] -- Up-to-date: /home/daniel/Projects/graffiti-drone/install/drone_msgs/include/drone_msgs/drone_msgs/msg/detail
[2.374s] -- Installing: /home/daniel/Projects/graffiti-drone/install/drone_msgs/include/drone_msgs/drone_msgs/msg/detail/motor_command__type_support.cpp
[2.375s] -- Installing: /home/daniel/Projects/graffiti-drone/install/drone_msgs/include/drone_msgs/drone_msgs/msg/detail/motor_command__rosidl_typesupport_introspection_cpp.hpp
[2.375s] -- Installing: /home/daniel/Projects/graffiti-drone/install/drone_msgs/lib/libdrone_msgs__rosidl_typesupport_introspection_cpp.so
[2.375s] -- Set runtime path of "/home/daniel/Projects/graffiti-drone/install/drone_msgs/lib/libdrone_msgs__rosidl_typesupport_introspection_cpp.so" to ""
[2.375s] -- Installing: /home/daniel/Projects/graffiti-drone/install/drone_msgs/lib/libdrone_msgs__rosidl_typesupport_cpp.so
[2.375s] -- Set runtime path of "/home/daniel/Projects/graffiti-drone/install/drone_msgs/lib/libdrone_msgs__rosidl_typesupport_cpp.so" to ""
[2.375s] -- Installing: /home/daniel/Projects/graffiti-drone/install/drone_msgs/share/drone_msgs/environment/pythonpath.sh
[2.375s] -- Installing: /home/daniel/Projects/graffiti-drone/install/drone_msgs/share/drone_msgs/environment/pythonpath.dsv
[2.375s] -- Installing: /home/daniel/Projects/graffiti-drone/install/drone_msgs/local/lib/python3.10/dist-packages/drone_msgs-0.0.0-py3.10.egg-info
[2.376s] -- Installing: /home/daniel/Projects/graffiti-drone/install/drone_msgs/local/lib/python3.10/dist-packages/drone_msgs-0.0.0-py3.10.egg-info/dependency_links.txt
[2.376s] -- Installing: /home/daniel/Projects/graffiti-drone/install/drone_msgs/local/lib/python3.10/dist-packages/drone_msgs-0.0.0-py3.10.egg-info/SOURCES.txt
[2.376s] -- Installing: /home/daniel/Projects/graffiti-drone/install/drone_msgs/local/lib/python3.10/dist-packages/drone_msgs-0.0.0-py3.10.egg-info/PKG-INFO
[2.376s] -- Installing: /home/daniel/Projects/graffiti-drone/install/drone_msgs/local/lib/python3.10/dist-packages/drone_msgs-0.0.0-py3.10.egg-info/top_level.txt
[2.376s] -- Installing: /home/daniel/Projects/graffiti-drone/install/drone_msgs/local/lib/python3.10/dist-packages/drone_msgs
[2.376s] -- Installing: /home/daniel/Projects/graffiti-drone/install/drone_msgs/local/lib/python3.10/dist-packages/drone_msgs/_drone_msgs_s.ep.rosidl_typesupport_fastrtps_c.c
[2.376s] -- Installing: /home/daniel/Projects/graffiti-drone/install/drone_msgs/local/lib/python3.10/dist-packages/drone_msgs/libdrone_msgs__rosidl_generator_py.so
[2.376s] -- Installing: /home/daniel/Projects/graffiti-drone/install/drone_msgs/local/lib/python3.10/dist-packages/drone_msgs/drone_msgs_s__rosidl_typesupport_c.cpython-310-x86_64-linux-gnu.so
[2.376s] -- Installing: /home/daniel/Projects/graffiti-drone/install/drone_msgs/local/lib/python3.10/dist-packages/drone_msgs/__init__.py
[2.376s] -- Installing: /home/daniel/Projects/graffiti-drone/install/drone_msgs/local/lib/python3.10/dist-packages/drone_msgs/_drone_msgs_s.ep.rosidl_typesupport_c.c
[2.376s] -- Installing: /home/daniel/Projects/graffiti-drone/install/drone_msgs/local/lib/python3.10/dist-packages/drone_msgs/msg
[2.377s] -- Installing: /home/daniel/Projects/graffiti-drone/install/drone_msgs/local/lib/python3.10/dist-packages/drone_msgs/msg/_motor_command.py
[2.377s] -- Installing: /home/daniel/Projects/graffiti-drone/install/drone_msgs/local/lib/python3.10/dist-packages/drone_msgs/msg/__init__.py
[2.377s] -- Installing: /home/daniel/Projects/graffiti-drone/install/drone_msgs/local/lib/python3.10/dist-packages/drone_msgs/msg/_motor_command_s.c
[2.377s] -- Installing: /home/daniel/Projects/graffiti-drone/install/drone_msgs/local/lib/python3.10/dist-packages/drone_msgs/drone_msgs_s__rosidl_typesupport_fastrtps_c.cpython-310-x86_64-linux-gnu.so
[2.377s] -- Installing: /home/daniel/Projects/graffiti-drone/install/drone_msgs/local/lib/python3.10/dist-packages/drone_msgs/_drone_msgs_s.ep.rosidl_typesupport_introspection_c.c
[2.377s] -- Installing: /home/daniel/Projects/graffiti-drone/install/drone_msgs/local/lib/python3.10/dist-packages/drone_msgs/drone_msgs_s__rosidl_typesupport_introspection_c.cpython-310-x86_64-linux-gnu.so
[2.410s] Listing '/home/daniel/Projects/graffiti-drone/install/drone_msgs/local/lib/python3.10/dist-packages/drone_msgs'...
[2.410s] Compiling '/home/daniel/Projects/graffiti-drone/install/drone_msgs/local/lib/python3.10/dist-packages/drone_msgs/__init__.py'...
[2.410s] Listing '/home/daniel/Projects/graffiti-drone/install/drone_msgs/local/lib/python3.10/dist-packages/drone_msgs/msg'...
[2.410s] Compiling '/home/daniel/Projects/graffiti-drone/install/drone_msgs/local/lib/python3.10/dist-packages/drone_msgs/msg/__init__.py'...
[2.410s] Compiling '/home/daniel/Projects/graffiti-drone/install/drone_msgs/local/lib/python3.10/dist-packages/drone_msgs/msg/_motor_command.py'...
[2.412s] -- Installing: /home/daniel/Projects/graffiti-drone/install/drone_msgs/local/lib/python3.10/dist-packages/drone_msgs/drone_msgs_s__rosidl_typesupport_fastrtps_c.cpython-310-x86_64-linux-gnu.so
[2.413s] -- Set runtime path of "/home/daniel/Projects/graffiti-drone/install/drone_msgs/local/lib/python3.10/dist-packages/drone_msgs/drone_msgs_s__rosidl_typesupport_fastrtps_c.cpython-310-x86_64-linux-gnu.so" to ""
[2.413s] -- Installing: /home/daniel/Projects/graffiti-drone/install/drone_msgs/local/lib/python3.10/dist-packages/drone_msgs/drone_msgs_s__rosidl_typesupport_introspection_c.cpython-310-x86_64-linux-gnu.so
[2.413s] -- Set runtime path of "/home/daniel/Projects/graffiti-drone/install/drone_msgs/local/lib/python3.10/dist-packages/drone_msgs/drone_msgs_s__rosidl_typesupport_introspection_c.cpython-310-x86_64-linux-gnu.so" to ""
[2.413s] -- Installing: /home/daniel/Projects/graffiti-drone/install/drone_msgs/local/lib/python3.10/dist-packages/drone_msgs/drone_msgs_s__rosidl_typesupport_c.cpython-310-x86_64-linux-gnu.so
[2.413s] -- Set runtime path of "/home/daniel/Projects/graffiti-drone/install/drone_msgs/local/lib/python3.10/dist-packages/drone_msgs/drone_msgs_s__rosidl_typesupport_c.cpython-310-x86_64-linux-gnu.so" to ""
[2.414s] -- Installing: /home/daniel/Projects/graffiti-drone/install/drone_msgs/lib/libdrone_msgs__rosidl_generator_py.so
[2.414s] -- Set runtime path of "/home/daniel/Projects/graffiti-drone/install/drone_msgs/lib/libdrone_msgs__rosidl_generator_py.so" to ""
[2.414s] -- Installing: /home/daniel/Projects/graffiti-drone/install/drone_msgs/share/drone_msgs/msg/MotorCommand.idl
[2.414s] -- Installing: /home/daniel/Projects/graffiti-drone/install/drone_msgs/share/drone_msgs/msg/MotorCommand.msg
[2.414s] -- Installing: /home/daniel/Projects/graffiti-drone/install/drone_msgs/share/ament_index/resource_index/package_run_dependencies/drone_msgs
[2.414s] -- Installing: /home/daniel/Projects/graffiti-drone/install/drone_msgs/share/ament_index/resource_index/parent_prefix_path/drone_msgs
[2.414s] -- Installing: /home/daniel/Projects/graffiti-drone/install/drone_msgs/share/drone_msgs/environment/ament_prefix_path.sh
[2.414s] -- Installing: /home/daniel/Projects/graffiti-drone/install/drone_msgs/share/drone_msgs/environment/ament_prefix_path.dsv
[2.414s] -- Installing: /home/daniel/Projects/graffiti-drone/install/drone_msgs/share/drone_msgs/environment/path.sh
[2.414s] -- Installing: /home/daniel/Projects/graffiti-drone/install/drone_msgs/share/drone_msgs/environment/path.dsv
[2.414s] -- Installing: /home/daniel/Projects/graffiti-drone/install/drone_msgs/share/drone_msgs/local_setup.bash
[2.415s] -- Installing: /home/daniel/Projects/graffiti-drone/install/drone_msgs/share/drone_msgs/local_setup.sh
[2.415s] -- Installing: /home/daniel/Projects/graffiti-drone/install/drone_msgs/share/drone_msgs/local_setup.zsh
[2.415s] -- Installing: /home/daniel/Projects/graffiti-drone/install/drone_msgs/share/drone_msgs/local_setup.dsv
[2.415s] -- Installing: /home/daniel/Projects/graffiti-drone/install/drone_msgs/share/drone_msgs/package.dsv
[2.415s] -- Installing: /home/daniel/Projects/graffiti-drone/install/drone_msgs/share/ament_index/resource_index/packages/drone_msgs
[2.415s] -- Installing: /home/daniel/Projects/graffiti-drone/install/drone_msgs/share/drone_msgs/cmake/export_drone_msgs__rosidl_generator_cExport.cmake
[2.415s] -- Installing: /home/daniel/Projects/graffiti-drone/install/drone_msgs/share/drone_msgs/cmake/export_drone_msgs__rosidl_generator_cExport-noconfig.cmake
[2.415s] -- Installing: /home/daniel/Projects/graffiti-drone/install/drone_msgs/share/drone_msgs/cmake/export_drone_msgs__rosidl_typesupport_fastrtps_cExport.cmake
[2.415s] -- Installing: /home/daniel/Projects/graffiti-drone/install/drone_msgs/share/drone_msgs/cmake/export_drone_msgs__rosidl_typesupport_fastrtps_cExport-noconfig.cmake
[2.416s] -- Installing: /home/daniel/Projects/graffiti-drone/install/drone_msgs/share/drone_msgs/cmake/export_drone_msgs__rosidl_generator_cppExport.cmake
[2.416s] -- Installing: /home/daniel/Projects/graffiti-drone/install/drone_msgs/share/drone_msgs/cmake/export_drone_msgs__rosidl_typesupport_fastrtps_cppExport.cmake
[2.416s] -- Installing: /home/daniel/Projects/graffiti-drone/install/drone_msgs/share/drone_msgs/cmake/export_drone_msgs__rosidl_typesupport_fastrtps_cppExport-noconfig.cmake
[2.416s] -- Installing: /home/daniel/Projects/graffiti-drone/install/drone_msgs/share/drone_msgs/cmake/drone_msgs__rosidl_typesupport_introspection_cExport.cmake
[2.416s] -- Installing: /home/daniel/Projects/graffiti-drone/install/drone_msgs/share/drone_msgs/cmake/drone_msgs__rosidl_typesupport_introspection_cExport-noconfig.cmake
[2.416s] -- Installing: /home/daniel/Projects/graffiti-drone/install/drone_msgs/share/drone_msgs/cmake/drone_msgs__rosidl_typesupport_cExport.cmake
[2.416s] -- Installing: /home/daniel/Projects/graffiti-drone/install/drone_msgs/share/drone_msgs/cmake/drone_msgs__rosidl_typesupport_cExport-noconfig.cmake
[2.416s] -- Installing: /home/daniel/Projects/graffiti-drone/install/drone_msgs/share/drone_msgs/cmake/drone_msgs__rosidl_typesupport_introspection_cppExport.cmake
[2.416s] -- Installing: /home/daniel/Projects/graffiti-drone/install/drone_msgs/share/drone_msgs/cmake/drone_msgs__rosidl_typesupport_introspection_cppExport-noconfig.cmake
[2.416s] -- Installing: /home/daniel/Projects/graffiti-drone/install/drone_msgs/share/drone_msgs/cmake/drone_msgs__rosidl_typesupport_cppExport.cmake
[2.417s] -- Installing: /home/daniel/Projects/graffiti-drone/install/drone_msgs/share/drone_msgs/cmake/drone_msgs__rosidl_typesupport_cppExport-noconfig.cmake
[2.417s] -- Installing: /home/daniel/Projects/graffiti-drone/install/drone_msgs/share/drone_msgs/cmake/export_drone_msgs__rosidl_generator_pyExport.cmake
[2.417s] -- Installing: /home/daniel/Projects/graffiti-drone/install/drone_msgs/share/drone_msgs/cmake/export_drone_msgs__rosidl_generator_pyExport-noconfig.cmake
[2.417s] -- Installing: /home/daniel/Projects/graffiti-drone/install/drone_msgs/share/drone_msgs/cmake/rosidl_cmake-extras.cmake
[2.417s] -- Installing: /home/daniel/Projects/graffiti-drone/install/drone_msgs/share/drone_msgs/cmake/ament_cmake_export_dependencies-extras.cmake
[2.417s] -- Installing: /home/daniel/Projects/graffiti-drone/install/drone_msgs/share/drone_msgs/cmake/ament_cmake_export_include_directories-extras.cmake
[2.417s] -- Installing: /home/daniel/Projects/graffiti-drone/install/drone_msgs/share/drone_msgs/cmake/ament_cmake_export_libraries-extras.cmake
[2.417s] -- Installing: /home/daniel/Projects/graffiti-drone/install/drone_msgs/share/drone_msgs/cmake/ament_cmake_export_targets-extras.cmake
[2.417s] -- Installing: /home/daniel/Projects/graffiti-drone/install/drone_msgs/share/drone_msgs/cmake/rosidl_cmake_export_typesupport_targets-extras.cmake
[2.417s] -- Installing: /home/daniel/Projects/graffiti-drone/install/drone_msgs/share/drone_msgs/cmake/rosidl_cmake_export_typesupport_libraries-extras.cmake
[2.417s] -- Installing: /home/daniel/Projects/graffiti-drone/install/drone_msgs/share/drone_msgs/cmake/drone_msgsConfig.cmake
[2.418s] -- Installing: /home/daniel/Projects/graffiti-drone/install/drone_msgs/share/drone_msgs/cmake/drone_msgsConfig-version.cmake
[2.418s] -- Installing: /home/daniel/Projects/graffiti-drone/install/drone_msgs/share/drone_msgs/package.xml
[2.420s] Invoked command in '/home/daniel/Projects/graffiti-drone/build/drone_msgs' returned '0': CMAKE_PREFIX_PATH=${CMAKE_PREFIX_PATH}:/home/daniel/feb-system-integration/install/mpc:/home/daniel/feb-system-integration/install/microcontroller:/home/daniel/feb-system-integration/install/local_path:/home/daniel/feb-system-integration/install/graphslam_global:/home/daniel/feb-system-integration/install/global_path:/home/daniel/feb-system-integration/install/eufs_launcher:/home/daniel/feb-system-integration/install/eufs_tracks:/home/daniel/feb-system-integration/install/eufs_rqt:/home/daniel/feb-system-integration/install/eufs_racecar:/home/daniel/feb-system-integration/install/all_settings:/opt/ros/humble /usr/bin/cmake --install /home/daniel/Projects/graffiti-drone/build/drone_msgs
